mode: set
github.com/MikeAustin71/errprefops/errpref/eprefneutron.go:76.13,78.30 1 1
github.com/MikeAustin71/errprefops/errpref/eprefneutron.go:82.2,100.23 8 1
github.com/MikeAustin71/errprefops/errpref/eprefneutron.go:109.2,118.23 5 1
github.com/MikeAustin71/errprefops/errpref/eprefneutron.go:125.2,125.27 1 1
github.com/MikeAustin71/errprefops/errpref/eprefneutron.go:78.30,80.3 1 1
github.com/MikeAustin71/errprefops/errpref/eprefneutron.go:100.23,107.3 2 1
github.com/MikeAustin71/errprefops/errpref/eprefneutron.go:118.23,121.3 2 1
github.com/MikeAustin71/errprefops/errpref/eprefneutron.go:121.8,123.3 1 1
github.com/MikeAustin71/errprefops/errpref/eprefneutron.go:131.58,133.30 1 1
github.com/MikeAustin71/errprefops/errpref/eprefneutron.go:137.2,141.26 3 1
github.com/MikeAustin71/errprefops/errpref/eprefneutron.go:133.30,135.3 1 1
github.com/MikeAustin71/errprefops/errpref/eprefneutron.go:181.40,183.30 1 1
github.com/MikeAustin71/errprefops/errpref/eprefneutron.go:187.2,193.39 3 1
github.com/MikeAustin71/errprefops/errpref/eprefneutron.go:197.2,197.50 1 1
github.com/MikeAustin71/errprefops/errpref/eprefneutron.go:201.2,201.26 1 1
github.com/MikeAustin71/errprefops/errpref/eprefneutron.go:206.2,216.8 3 1
github.com/MikeAustin71/errprefops/errpref/eprefneutron.go:183.30,185.3 1 1
github.com/MikeAustin71/errprefops/errpref/eprefneutron.go:193.39,195.3 1 0
github.com/MikeAustin71/errprefops/errpref/eprefneutron.go:197.50,199.3 1 0
github.com/MikeAustin71/errprefops/errpref/eprefneutron.go:201.26,204.3 1 1
github.com/MikeAustin71/errprefops/errpref/errpreferrorprefixinfoquark.go:59.13,61.31 1 1
github.com/MikeAustin71/errprefops/errpref/errpreferrorprefixinfoquark.go:65.2,72.26 5 1
github.com/MikeAustin71/errprefops/errpref/errpreferrorprefixinfoquark.go:81.2,84.42 2 1
github.com/MikeAustin71/errprefops/errpref/errpreferrorprefixinfoquark.go:93.2,96.43 2 1
github.com/MikeAustin71/errprefops/errpref/errpreferrorprefixinfoquark.go:102.2,104.21 2 1
github.com/MikeAustin71/errprefops/errpref/errpreferrorprefixinfoquark.go:61.31,63.3 1 1
github.com/MikeAustin71/errprefops/errpref/errpreferrorprefixinfoquark.go:72.26,79.3 2 0
github.com/MikeAustin71/errprefops/errpref/errpreferrorprefixinfoquark.go:84.42,91.3 2 1
github.com/MikeAustin71/errprefops/errpref/errpreferrorprefixinfoquark.go:96.43,98.3 1 1
github.com/MikeAustin71/errprefops/errpref/errpreferrorprefixinfoquark.go:98.8,100.3 1 1
github.com/MikeAustin71/errprefops/errpref/errprefixdelimiters.go:67.24,69.29 1 1
github.com/MikeAustin71/errprefops/errpref/errprefixdelimiters.go:73.2,84.11 5 1
github.com/MikeAustin71/errprefops/errpref/errprefixdelimiters.go:69.29,71.3 1 1
github.com/MikeAustin71/errprefops/errpref/errprefixdelimiters.go:127.9,129.29 1 1
github.com/MikeAustin71/errprefops/errpref/errprefixdelimiters.go:133.2,144.20 5 1
github.com/MikeAustin71/errprefops/errpref/errprefixdelimiters.go:129.29,131.3 1 0
github.com/MikeAustin71/errprefops/errpref/errprefixdelimiters.go:150.49,152.29 1 1
github.com/MikeAustin71/errprefops/errpref/errprefixdelimiters.go:156.2,164.24 4 1
github.com/MikeAustin71/errprefops/errpref/errprefixdelimiters.go:152.29,154.3 1 0
github.com/MikeAustin71/errprefops/errpref/errprefixdelimiters.go:201.17,203.29 1 1
github.com/MikeAustin71/errprefops/errpref/errprefixdelimiters.go:207.2,217.17 4 1
github.com/MikeAustin71/errprefops/errpref/errprefixdelimiters.go:203.29,205.3 1 0
github.com/MikeAustin71/errprefops/errpref/errprefixdelimiters.go:221.76,223.29 1 1
github.com/MikeAustin71/errprefops/errpref/errprefixdelimiters.go:227.2,231.43 3 1
github.com/MikeAustin71/errprefops/errpref/errprefixdelimiters.go:223.29,225.3 1 0
github.com/MikeAustin71/errprefops/errpref/errprefixdelimiters.go:235.75,237.29 1 1
github.com/MikeAustin71/errprefops/errpref/errprefixdelimiters.go:241.2,245.42 3 1
github.com/MikeAustin71/errprefops/errpref/errprefixdelimiters.go:237.29,239.3 1 0
github.com/MikeAustin71/errprefops/errpref/errprefixdelimiters.go:252.80,254.29 1 1
github.com/MikeAustin71/errprefops/errpref/errprefixdelimiters.go:258.2,262.48 3 1
github.com/MikeAustin71/errprefops/errpref/errprefixdelimiters.go:269.2,269.46 1 1
github.com/MikeAustin71/errprefops/errpref/errprefixdelimiters.go:254.29,256.3 1 0
github.com/MikeAustin71/errprefops/errpref/errprefixdelimiters.go:262.48,267.3 1 0
github.com/MikeAustin71/errprefops/errpref/errprefixdelimiters.go:276.79,278.29 1 1
github.com/MikeAustin71/errprefops/errpref/errprefixdelimiters.go:282.2,286.47 3 1
github.com/MikeAustin71/errprefops/errpref/errprefixdelimiters.go:293.2,293.45 1 1
github.com/MikeAustin71/errprefops/errpref/errprefixdelimiters.go:278.29,280.3 1 0
github.com/MikeAustin71/errprefops/errpref/errprefixdelimiters.go:286.47,291.3 1 0
github.com/MikeAustin71/errprefops/errpref/errprefixdelimiters.go:300.81,302.29 1 1
github.com/MikeAustin71/errprefops/errpref/errprefixdelimiters.go:306.2,310.49 3 1
github.com/MikeAustin71/errprefops/errpref/errprefixdelimiters.go:317.2,317.47 1 1
github.com/MikeAustin71/errprefops/errpref/errprefixdelimiters.go:302.29,304.3 1 0
github.com/MikeAustin71/errprefops/errpref/errprefixdelimiters.go:310.49,315.3 1 0
github.com/MikeAustin71/errprefops/errpref/errprefixdelimiters.go:324.80,326.29 1 1
github.com/MikeAustin71/errprefops/errpref/errprefixdelimiters.go:330.2,334.48 3 1
github.com/MikeAustin71/errprefops/errpref/errprefixdelimiters.go:341.2,341.46 1 1
github.com/MikeAustin71/errprefops/errpref/errprefixdelimiters.go:326.29,328.3 1 0
github.com/MikeAustin71/errprefops/errpref/errprefixdelimiters.go:334.48,339.3 1 0
github.com/MikeAustin71/errprefops/errpref/errprefixdelimiters.go:345.77,347.29 1 1
github.com/MikeAustin71/errprefops/errpref/errprefixdelimiters.go:351.2,355.44 3 1
github.com/MikeAustin71/errprefops/errpref/errprefixdelimiters.go:347.29,349.3 1 0
github.com/MikeAustin71/errprefops/errpref/errprefixdelimiters.go:359.76,361.29 1 1
github.com/MikeAustin71/errprefops/errpref/errprefixdelimiters.go:365.2,369.43 3 1
github.com/MikeAustin71/errprefops/errpref/errprefixdelimiters.go:361.29,363.3 1 0
github.com/MikeAustin71/errprefops/errpref/errprefixdelimiters.go:405.64,407.29 1 1
github.com/MikeAustin71/errprefops/errpref/errprefixdelimiters.go:411.2,421.16 4 1
github.com/MikeAustin71/errprefops/errpref/errprefixdelimiters.go:407.29,409.3 1 0
github.com/MikeAustin71/errprefops/errpref/errprefixdelimiters.go:460.24,462.29 1 1
github.com/MikeAustin71/errprefops/errpref/errprefixdelimiters.go:466.2,478.12 5 1
github.com/MikeAustin71/errprefops/errpref/errprefixdelimiters.go:462.29,464.3 1 1
github.com/MikeAustin71/errprefops/errpref/errprefixdelimiters.go:563.9,565.29 1 1
github.com/MikeAustin71/errprefops/errpref/errprefixdelimiters.go:569.2,588.32 6 1
github.com/MikeAustin71/errprefops/errpref/errprefixdelimiters.go:565.29,567.3 1 1
github.com/MikeAustin71/errprefops/errpref/errprefixdelimiters.go:606.74,608.29 1 1
github.com/MikeAustin71/errprefops/errpref/errprefixdelimiters.go:612.2,625.27 5 1
github.com/MikeAustin71/errprefops/errpref/errprefixdelimiters.go:608.29,610.3 1 1
github.com/MikeAustin71/errprefops/errpref/errprefixdelimiters.go:707.24,709.29 1 1
github.com/MikeAustin71/errprefops/errpref/errprefixdelimiters.go:713.2,726.12 4 1
github.com/MikeAustin71/errprefops/errpref/errprefixdelimiters.go:709.29,711.3 1 1
github.com/MikeAustin71/errprefops/errpref/errprefixdelimiters.go:736.33,738.29 1 1
github.com/MikeAustin71/errprefops/errpref/errprefixdelimiters.go:742.2,751.8 5 1
github.com/MikeAustin71/errprefops/errpref/errprefixdelimiters.go:738.29,740.3 1 0
github.com/MikeAustin71/errprefops/errpref/errprefixdelimiters.go:761.32,763.29 1 1
github.com/MikeAustin71/errprefops/errpref/errprefixdelimiters.go:767.2,776.8 5 1
github.com/MikeAustin71/errprefops/errpref/errprefixdelimiters.go:763.29,765.3 1 1
github.com/MikeAustin71/errprefops/errpref/errprefixdelimiters.go:786.34,788.29 1 1
github.com/MikeAustin71/errprefops/errpref/errprefixdelimiters.go:792.2,801.8 5 1
github.com/MikeAustin71/errprefops/errpref/errprefixdelimiters.go:788.29,790.3 1 0
github.com/MikeAustin71/errprefops/errpref/errprefixdelimiters.go:811.33,813.29 1 1
github.com/MikeAustin71/errprefops/errpref/errprefixdelimiters.go:817.2,826.8 5 1
github.com/MikeAustin71/errprefops/errpref/errprefixdelimiters.go:813.29,815.3 1 0
github.com/MikeAustin71/errprefops/errpref/errprefixdelimiters.go:834.63,836.29 1 1
github.com/MikeAustin71/errprefops/errpref/errprefixdelimiters.go:840.2,856.8 7 1
github.com/MikeAustin71/errprefops/errpref/errprefixdelimiters.go:836.29,838.3 1 0
github.com/MikeAustin71/errprefops/errpref/errprefixdelimiters.go:862.56,864.29 1 1
github.com/MikeAustin71/errprefops/errpref/errprefixdelimiters.go:868.2,912.12 9 1
github.com/MikeAustin71/errprefops/errpref/errprefixdelimiters.go:864.29,866.3 1 0
github.com/MikeAustin71/errprefops/errpref/errprefixdelimiters.go:925.56,927.29 1 0
github.com/MikeAustin71/errprefops/errpref/errprefixdelimiters.go:931.2,938.7 3 0
github.com/MikeAustin71/errprefops/errpref/errprefixdelimiters.go:927.29,929.3 1 0
github.com/MikeAustin71/errprefops/errpref/errprefixdelimiters.go:952.63,954.29 1 1
github.com/MikeAustin71/errprefops/errpref/errprefixdelimiters.go:958.2,968.13 4 1
github.com/MikeAustin71/errprefops/errpref/errprefixdelimiters.go:972.2,975.7 1 1
github.com/MikeAustin71/errprefops/errpref/errprefixdelimiters.go:954.29,956.3 1 1
github.com/MikeAustin71/errprefops/errpref/errprefixdelimiters.go:968.13,970.3 1 1
github.com/MikeAustin71/errprefops/errpref/errpreflinelengthcalcelectron.go:73.24,75.42 1 1
github.com/MikeAustin71/errprefops/errpref/errpreflinelengthcalcelectron.go:79.2,85.30 4 1
github.com/MikeAustin71/errprefops/errpref/errpreflinelengthcalcelectron.go:93.2,93.32 1 1
github.com/MikeAustin71/errprefops/errpref/errpreflinelengthcalcelectron.go:100.2,107.16 2 1
github.com/MikeAustin71/errprefops/errpref/errpreflinelengthcalcelectron.go:111.2,117.16 2 1
github.com/MikeAustin71/errprefops/errpref/errpreflinelengthcalcelectron.go:121.2,130.16 3 1
github.com/MikeAustin71/errprefops/errpref/errpreflinelengthcalcelectron.go:134.2,140.12 3 1
github.com/MikeAustin71/errprefops/errpref/errpreflinelengthcalcelectron.go:75.42,77.3 1 1
github.com/MikeAustin71/errprefops/errpref/errpreflinelengthcalcelectron.go:85.30,91.3 1 0
github.com/MikeAustin71/errprefops/errpref/errpreflinelengthcalcelectron.go:93.32,98.3 1 0
github.com/MikeAustin71/errprefops/errpref/errpreflinelengthcalcelectron.go:107.16,109.3 1 0
github.com/MikeAustin71/errprefops/errpref/errpreflinelengthcalcelectron.go:117.16,119.3 1 0
github.com/MikeAustin71/errprefops/errpref/errpreflinelengthcalcelectron.go:130.16,132.3 1 0
github.com/MikeAustin71/errprefops/errpref/errpreflinelengthcalcelectron.go:190.9,192.42 1 1
github.com/MikeAustin71/errprefops/errpref/errpreflinelengthcalcelectron.go:196.2,204.24 5 1
github.com/MikeAustin71/errprefops/errpref/errpreflinelengthcalcelectron.go:213.2,220.16 2 1
github.com/MikeAustin71/errprefops/errpref/errpreflinelengthcalcelectron.go:224.2,230.16 2 1
github.com/MikeAustin71/errprefops/errpref/errpreflinelengthcalcelectron.go:234.2,243.16 3 1
github.com/MikeAustin71/errprefops/errpref/errpreflinelengthcalcelectron.go:247.2,253.28 3 1
github.com/MikeAustin71/errprefops/errpref/errpreflinelengthcalcelectron.go:192.42,194.3 1 1
github.com/MikeAustin71/errprefops/errpref/errpreflinelengthcalcelectron.go:204.24,211.3 1 0
github.com/MikeAustin71/errprefops/errpref/errpreflinelengthcalcelectron.go:220.16,222.3 1 0
github.com/MikeAustin71/errprefops/errpref/errpreflinelengthcalcelectron.go:230.16,232.3 1 0
github.com/MikeAustin71/errprefops/errpref/errpreflinelengthcalcelectron.go:243.16,245.3 1 0
github.com/MikeAustin71/errprefops/errpref/errpreflinelengthcalcelectron.go:269.13,271.42 1 1
github.com/MikeAustin71/errprefops/errpref/errpreflinelengthcalcelectron.go:275.2,283.27 5 1
github.com/MikeAustin71/errprefops/errpref/errpreflinelengthcalcelectron.go:292.2,292.27 1 1
github.com/MikeAustin71/errprefops/errpref/errpreflinelengthcalcelectron.go:301.2,302.36 1 1
github.com/MikeAustin71/errprefops/errpref/errpreflinelengthcalcelectron.go:306.2,307.35 1 1
github.com/MikeAustin71/errprefops/errpref/errpreflinelengthcalcelectron.go:311.2,312.33 1 1
github.com/MikeAustin71/errprefops/errpref/errpreflinelengthcalcelectron.go:316.2,317.37 1 1
github.com/MikeAustin71/errprefops/errpref/errpreflinelengthcalcelectron.go:321.2,323.22 2 1
github.com/MikeAustin71/errprefops/errpref/errpreflinelengthcalcelectron.go:271.42,273.3 1 0
github.com/MikeAustin71/errprefops/errpref/errpreflinelengthcalcelectron.go:283.27,290.3 2 0
github.com/MikeAustin71/errprefops/errpref/errpreflinelengthcalcelectron.go:292.27,299.3 2 0
github.com/MikeAustin71/errprefops/errpref/errpreflinelengthcalcelectron.go:302.36,304.3 1 0
github.com/MikeAustin71/errprefops/errpref/errpreflinelengthcalcelectron.go:307.35,309.3 1 0
github.com/MikeAustin71/errprefops/errpref/errpreflinelengthcalcelectron.go:312.33,314.3 1 0
github.com/MikeAustin71/errprefops/errpref/errpreflinelengthcalcelectron.go:317.37,319.3 1 0
github.com/MikeAustin71/errprefops/errpref/errpreflinelengthcalcelectron.go:329.94,331.42 1 1
github.com/MikeAustin71/errprefops/errpref/errpreflinelengthcalcelectron.go:335.2,341.3 3 1
github.com/MikeAustin71/errprefops/errpref/errpreflinelengthcalcelectron.go:331.42,333.3 1 1
github.com/MikeAustin71/errprefops/errpref/epref.go:145.25,147.23 1 1
github.com/MikeAustin71/errprefops/errpref/epref.go:151.2,163.23 5 1
github.com/MikeAustin71/errprefops/errpref/epref.go:147.23,149.3 1 1
github.com/MikeAustin71/errprefops/errpref/epref.go:214.25,216.23 1 1
github.com/MikeAustin71/errprefops/errpref/epref.go:220.2,232.11 5 1
github.com/MikeAustin71/errprefops/errpref/epref.go:216.23,218.3 1 1
github.com/MikeAustin71/errprefops/errpref/epref.go:249.58,251.23 1 1
github.com/MikeAustin71/errprefops/errpref/epref.go:255.2,261.19 4 1
github.com/MikeAustin71/errprefops/errpref/epref.go:251.23,253.3 1 1
github.com/MikeAustin71/errprefops/errpref/epref.go:280.30,282.23 1 1
github.com/MikeAustin71/errprefops/errpref/epref.go:286.2,299.15 5 1
github.com/MikeAustin71/errprefops/errpref/epref.go:282.23,284.3 1 1
github.com/MikeAustin71/errprefops/errpref/epref.go:327.33,329.23 1 1
github.com/MikeAustin71/errprefops/errpref/epref.go:333.2,342.33 5 1
github.com/MikeAustin71/errprefops/errpref/epref.go:329.23,331.3 1 1
github.com/MikeAustin71/errprefops/errpref/epref.go:430.28,432.23 1 1
github.com/MikeAustin71/errprefops/errpref/epref.go:436.2,454.14 7 1
github.com/MikeAustin71/errprefops/errpref/epref.go:432.23,434.3 1 1
github.com/MikeAustin71/errprefops/errpref/epref.go:561.28,563.23 1 1
github.com/MikeAustin71/errprefops/errpref/epref.go:567.2,585.14 7 1
github.com/MikeAustin71/errprefops/errpref/epref.go:563.23,565.3 1 1
github.com/MikeAustin71/errprefops/errpref/epref.go:674.28,676.23 1 1
github.com/MikeAustin71/errprefops/errpref/epref.go:680.2,698.14 7 1
github.com/MikeAustin71/errprefops/errpref/epref.go:676.23,678.3 1 1
github.com/MikeAustin71/errprefops/errpref/epref.go:783.31,785.23 1 1
github.com/MikeAustin71/errprefops/errpref/epref.go:789.2,800.26 4 1
github.com/MikeAustin71/errprefops/errpref/epref.go:804.2,804.29 1 1
github.com/MikeAustin71/errprefops/errpref/epref.go:808.2,814.14 2 1
github.com/MikeAustin71/errprefops/errpref/epref.go:785.23,787.3 1 1
github.com/MikeAustin71/errprefops/errpref/epref.go:800.26,802.3 1 1
github.com/MikeAustin71/errprefops/errpref/epref.go:804.29,806.3 1 0
github.com/MikeAustin71/errprefops/errpref/epref.go:848.35,850.23 1 1
github.com/MikeAustin71/errprefops/errpref/epref.go:854.2,861.8 4 1
github.com/MikeAustin71/errprefops/errpref/epref.go:850.23,852.3 1 1
github.com/MikeAustin71/errprefops/errpref/epref.go:871.61,873.23 1 1
github.com/MikeAustin71/errprefops/errpref/epref.go:877.2,881.63 3 1
github.com/MikeAustin71/errprefops/errpref/epref.go:873.23,875.3 1 1
github.com/MikeAustin71/errprefops/errpref/eprefelectron.go:26.19,28.31 1 1
github.com/MikeAustin71/errprefops/errpref/eprefelectron.go:32.2,41.45 6 1
github.com/MikeAustin71/errprefops/errpref/eprefelectron.go:45.2,54.25 3 1
github.com/MikeAustin71/errprefops/errpref/eprefelectron.go:62.2,62.45 1 1
github.com/MikeAustin71/errprefops/errpref/eprefelectron.go:66.2,68.30 3 1
github.com/MikeAustin71/errprefops/errpref/eprefelectron.go:28.31,30.3 1 1
github.com/MikeAustin71/errprefops/errpref/eprefelectron.go:41.45,43.3 1 1
github.com/MikeAustin71/errprefops/errpref/eprefelectron.go:54.25,55.38 1 1
github.com/MikeAustin71/errprefops/errpref/eprefelectron.go:55.38,59.4 1 1
github.com/MikeAustin71/errprefops/errpref/eprefelectron.go:62.45,64.3 1 0
github.com/MikeAustin71/errprefops/errpref/eprefelectron.go:85.19,87.31 1 1
github.com/MikeAustin71/errprefops/errpref/eprefelectron.go:91.2,100.48 6 1
github.com/MikeAustin71/errprefops/errpref/eprefelectron.go:104.2,112.25 3 1
github.com/MikeAustin71/errprefops/errpref/eprefelectron.go:118.2,118.48 1 1
github.com/MikeAustin71/errprefops/errpref/eprefelectron.go:122.2,124.30 3 1
github.com/MikeAustin71/errprefops/errpref/eprefelectron.go:87.31,89.3 1 1
github.com/MikeAustin71/errprefops/errpref/eprefelectron.go:100.48,102.3 1 1
github.com/MikeAustin71/errprefops/errpref/eprefelectron.go:112.25,113.38 1 1
github.com/MikeAustin71/errprefops/errpref/eprefelectron.go:113.38,115.4 1 1
github.com/MikeAustin71/errprefops/errpref/eprefelectron.go:118.48,120.3 1 0
github.com/MikeAustin71/errprefops/errpref/eprefelectron.go:160.34,162.31 1 1
github.com/MikeAustin71/errprefops/errpref/eprefelectron.go:166.2,178.19 7 1
github.com/MikeAustin71/errprefops/errpref/eprefelectron.go:162.31,164.3 1 1
github.com/MikeAustin71/errprefops/errpref/eprefelectron.go:184.61,186.31 1 1
github.com/MikeAustin71/errprefops/errpref/eprefelectron.go:190.2,194.27 3 1
github.com/MikeAustin71/errprefops/errpref/eprefelectron.go:186.31,188.3 1 1
github.com/MikeAustin71/errprefops/errpref/errprefixdelimitersmechanics.go:14.93,16.37 1 1
github.com/MikeAustin71/errprefops/errpref/errprefixdelimitersmechanics.go:20.2,26.3 3 1
github.com/MikeAustin71/errprefops/errpref/errprefixdelimitersmechanics.go:16.37,18.3 1 1
github.com/MikeAustin71/errprefops/errpref/errprefixdelimitersmechanics.go:113.13,115.37 1 1
github.com/MikeAustin71/errprefops/errpref/errprefixdelimitersmechanics.go:119.2,125.28 4 1
github.com/MikeAustin71/errprefops/errpref/errprefixdelimitersmechanics.go:134.2,134.39 1 1
github.com/MikeAustin71/errprefops/errpref/errprefixdelimitersmechanics.go:143.2,143.38 1 1
github.com/MikeAustin71/errprefops/errpref/errprefixdelimitersmechanics.go:152.2,152.40 1 1
github.com/MikeAustin71/errprefops/errpref/errprefixdelimitersmechanics.go:161.2,161.39 1 1
github.com/MikeAustin71/errprefops/errpref/errprefixdelimitersmechanics.go:170.2,194.12 9 1
github.com/MikeAustin71/errprefops/errpref/errprefixdelimitersmechanics.go:115.37,117.3 1 0
github.com/MikeAustin71/errprefops/errpref/errprefixdelimitersmechanics.go:125.28,132.3 2 0
github.com/MikeAustin71/errprefops/errpref/errprefixdelimitersmechanics.go:134.39,141.3 2 0
github.com/MikeAustin71/errprefops/errpref/errprefixdelimitersmechanics.go:143.38,150.3 2 0
github.com/MikeAustin71/errprefops/errpref/errprefixdelimitersmechanics.go:152.40,159.3 2 0
github.com/MikeAustin71/errprefops/errpref/errprefixdelimitersmechanics.go:161.39,168.3 2 0
github.com/MikeAustin71/errprefops/errpref/errprefixdelimitersmechanics.go:204.13,206.37 1 1
github.com/MikeAustin71/errprefops/errpref/errprefixdelimitersmechanics.go:210.2,216.28 4 1
github.com/MikeAustin71/errprefops/errpref/errprefixdelimitersmechanics.go:225.2,252.12 10 1
github.com/MikeAustin71/errprefops/errpref/errprefixdelimitersmechanics.go:206.37,208.3 1 0
github.com/MikeAustin71/errprefops/errpref/errprefixdelimitersmechanics.go:216.28,223.3 2 0
github.com/MikeAustin71/errprefops/errpref/errprefixdelimitersquark.go:19.13,21.34 1 1
github.com/MikeAustin71/errprefops/errpref/errprefixdelimitersquark.go:25.2,31.23 4 1
github.com/MikeAustin71/errprefops/errpref/errprefixdelimitersquark.go:40.2,49.12 9 1
github.com/MikeAustin71/errprefops/errpref/errprefixdelimitersquark.go:21.34,23.3 1 0
github.com/MikeAustin71/errprefops/errpref/errprefixdelimitersquark.go:31.23,38.3 2 0
github.com/MikeAustin71/errprefops/errpref/errprefixdelimitersquark.go:54.82,56.34 1 1
github.com/MikeAustin71/errprefops/errpref/errprefixdelimitersquark.go:60.2,66.3 3 1
github.com/MikeAustin71/errprefops/errpref/errprefixdelimitersquark.go:56.34,58.3 1 1
github.com/MikeAustin71/errprefops/errpref/errprefixdelimitersquark.go:116.13,118.34 1 1
github.com/MikeAustin71/errprefops/errpref/errprefixdelimitersquark.go:122.2,129.23 5 1
github.com/MikeAustin71/errprefops/errpref/errprefixdelimitersquark.go:138.2,141.46 2 1
github.com/MikeAustin71/errprefops/errpref/errprefixdelimitersquark.go:151.2,154.47 2 1
github.com/MikeAustin71/errprefops/errpref/errprefixdelimitersquark.go:164.2,167.47 2 1
github.com/MikeAustin71/errprefops/errpref/errprefixdelimitersquark.go:177.2,180.48 2 1
github.com/MikeAustin71/errprefops/errpref/errprefixdelimitersquark.go:190.2,192.21 2 1
github.com/MikeAustin71/errprefops/errpref/errprefixdelimitersquark.go:118.34,120.3 1 1
github.com/MikeAustin71/errprefops/errpref/errprefixdelimitersquark.go:129.23,136.3 2 0
github.com/MikeAustin71/errprefops/errpref/errprefixdelimitersquark.go:141.46,149.3 2 1
github.com/MikeAustin71/errprefops/errpref/errprefixdelimitersquark.go:154.47,162.3 2 0
github.com/MikeAustin71/errprefops/errpref/errprefixdelimitersquark.go:167.47,175.3 2 0
github.com/MikeAustin71/errprefops/errpref/errprefixdelimitersquark.go:180.48,188.3 2 0
github.com/MikeAustin71/errprefops/errpref/errprefixdtoatom.go:18.27,20.32 1 1
github.com/MikeAustin71/errprefops/errpref/errprefixdtoatom.go:24.2,32.25 4 1
github.com/MikeAustin71/errprefops/errpref/errprefixdtoatom.go:39.2,43.25 3 1
github.com/MikeAustin71/errprefops/errpref/errprefixdtoatom.go:47.2,49.24 2 1
github.com/MikeAustin71/errprefops/errpref/errprefixdtoatom.go:53.2,55.37 2 1
github.com/MikeAustin71/errprefops/errpref/errprefixdtoatom.go:74.2,77.12 2 1
github.com/MikeAustin71/errprefops/errpref/errprefixdtoatom.go:20.32,22.3 1 1
github.com/MikeAustin71/errprefops/errpref/errprefixdtoatom.go:32.25,37.3 1 0
github.com/MikeAustin71/errprefops/errpref/errprefixdtoatom.go:43.25,45.3 1 0
github.com/MikeAustin71/errprefops/errpref/errprefixdtoatom.go:49.24,51.3 1 0
github.com/MikeAustin71/errprefops/errpref/errprefixdtoatom.go:55.37,72.3 2 1
github.com/MikeAustin71/errprefops/errpref/errprefixdtoatom.go:90.36,92.32 1 1
github.com/MikeAustin71/errprefops/errpref/errprefixdtoatom.go:96.2,101.24 3 1
github.com/MikeAustin71/errprefops/errpref/errprefixdtoatom.go:105.2,114.34 5 1
github.com/MikeAustin71/errprefops/errpref/errprefixdtoatom.go:118.2,119.32 1 1
github.com/MikeAustin71/errprefops/errpref/errprefixdtoatom.go:123.2,124.49 1 1
github.com/MikeAustin71/errprefops/errpref/errprefixdtoatom.go:128.2,129.36 1 1
github.com/MikeAustin71/errprefops/errpref/errprefixdtoatom.go:133.2,134.38 1 1
github.com/MikeAustin71/errprefops/errpref/errprefixdtoatom.go:138.2,139.39 1 1
github.com/MikeAustin71/errprefops/errpref/errprefixdtoatom.go:143.2,144.44 1 1
github.com/MikeAustin71/errprefops/errpref/errprefixdtoatom.go:148.2,148.35 1 1
github.com/MikeAustin71/errprefops/errpref/errprefixdtoatom.go:153.2,153.35 1 1
github.com/MikeAustin71/errprefops/errpref/errprefixdtoatom.go:158.2,164.52 3 1
github.com/MikeAustin71/errprefops/errpref/errprefixdtoatom.go:168.2,168.32 1 1
github.com/MikeAustin71/errprefops/errpref/errprefixdtoatom.go:172.2,172.45 1 1
github.com/MikeAustin71/errprefops/errpref/errprefixdtoatom.go:178.2,178.13 1 1
github.com/MikeAustin71/errprefops/errpref/errprefixdtoatom.go:92.32,94.3 1 1
github.com/MikeAustin71/errprefops/errpref/errprefixdtoatom.go:101.24,103.3 1 0
github.com/MikeAustin71/errprefops/errpref/errprefixdtoatom.go:114.34,116.3 1 0
github.com/MikeAustin71/errprefops/errpref/errprefixdtoatom.go:119.32,121.3 1 0
github.com/MikeAustin71/errprefops/errpref/errprefixdtoatom.go:124.49,126.3 1 0
github.com/MikeAustin71/errprefops/errpref/errprefixdtoatom.go:129.36,131.3 1 0
github.com/MikeAustin71/errprefops/errpref/errprefixdtoatom.go:134.38,136.3 1 0
github.com/MikeAustin71/errprefops/errpref/errprefixdtoatom.go:139.39,141.3 1 0
github.com/MikeAustin71/errprefops/errpref/errprefixdtoatom.go:144.44,146.3 1 1
github.com/MikeAustin71/errprefops/errpref/errprefixdtoatom.go:148.35,151.3 1 1
github.com/MikeAustin71/errprefops/errpref/errprefixdtoatom.go:153.35,156.3 1 1
github.com/MikeAustin71/errprefops/errpref/errprefixdtoatom.go:164.52,166.3 1 1
github.com/MikeAustin71/errprefops/errpref/errprefixdtoatom.go:168.32,170.3 1 1
github.com/MikeAustin71/errprefops/errpref/errprefixdtoatom.go:172.45,173.67 1 1
github.com/MikeAustin71/errprefops/errpref/errprefixdtoatom.go:173.67,175.4 1 0
github.com/MikeAustin71/errprefops/errpref/errprefixdtoatom.go:236.21,238.32 1 1
github.com/MikeAustin71/errprefops/errpref/errprefixdtoatom.go:242.2,248.31 4 1
github.com/MikeAustin71/errprefops/errpref/errprefixdtoatom.go:256.2,256.48 1 1
github.com/MikeAustin71/errprefops/errpref/errprefixdtoatom.go:264.2,264.33 1 1
github.com/MikeAustin71/errprefops/errpref/errprefixdtoatom.go:271.2,271.50 1 1
github.com/MikeAustin71/errprefops/errpref/errprefixdtoatom.go:278.2,288.16 4 1
github.com/MikeAustin71/errprefops/errpref/errprefixdtoatom.go:292.2,304.16 4 1
github.com/MikeAustin71/errprefops/errpref/errprefixdtoatom.go:308.2,314.16 2 1
github.com/MikeAustin71/errprefops/errpref/errprefixdtoatom.go:318.2,327.42 4 1
github.com/MikeAustin71/errprefops/errpref/errprefixdtoatom.go:332.2,340.30 3 1
github.com/MikeAustin71/errprefops/errpref/errprefixdtoatom.go:344.2,348.12 2 1
github.com/MikeAustin71/errprefops/errpref/errprefixdtoatom.go:238.32,240.3 1 1
github.com/MikeAustin71/errprefops/errpref/errprefixdtoatom.go:248.31,254.3 1 0
github.com/MikeAustin71/errprefops/errpref/errprefixdtoatom.go:256.48,262.3 1 0
github.com/MikeAustin71/errprefops/errpref/errprefixdtoatom.go:264.33,269.3 1 1
github.com/MikeAustin71/errprefops/errpref/errprefixdtoatom.go:271.50,276.3 1 0
github.com/MikeAustin71/errprefops/errpref/errprefixdtoatom.go:288.16,290.3 1 0
github.com/MikeAustin71/errprefops/errpref/errprefixdtoatom.go:304.16,306.3 1 0
github.com/MikeAustin71/errprefops/errpref/errprefixdtoatom.go:314.16,316.3 1 0
github.com/MikeAustin71/errprefops/errpref/errprefixdtoatom.go:327.42,330.3 2 0
github.com/MikeAustin71/errprefops/errpref/errprefixdtoatom.go:340.30,342.3 1 0
github.com/MikeAustin71/errprefops/errpref/errprefixdtoatom.go:399.13,401.32 1 1
github.com/MikeAustin71/errprefops/errpref/errprefixdtoatom.go:405.2,413.23 5 1
github.com/MikeAustin71/errprefops/errpref/errprefixdtoatom.go:423.2,435.48 6 1
github.com/MikeAustin71/errprefops/errpref/errprefixdtoatom.go:442.2,448.16 2 1
github.com/MikeAustin71/errprefops/errpref/errprefixdtoatom.go:452.2,458.16 2 1
github.com/MikeAustin71/errprefops/errpref/errprefixdtoatom.go:462.2,471.32 4 1
github.com/MikeAustin71/errprefops/errpref/errprefixdtoatom.go:478.2,486.30 3 1
github.com/MikeAustin71/errprefops/errpref/errprefixdtoatom.go:490.2,494.27 2 1
github.com/MikeAustin71/errprefops/errpref/errprefixdtoatom.go:401.32,403.3 1 1
github.com/MikeAustin71/errprefops/errpref/errprefixdtoatom.go:413.23,421.3 2 0
github.com/MikeAustin71/errprefops/errpref/errprefixdtoatom.go:435.48,440.3 1 1
github.com/MikeAustin71/errprefops/errpref/errprefixdtoatom.go:448.16,450.3 1 0
github.com/MikeAustin71/errprefops/errpref/errprefixdtoatom.go:458.16,460.3 1 0
github.com/MikeAustin71/errprefops/errpref/errprefixdtoatom.go:471.32,476.3 2 1
github.com/MikeAustin71/errprefops/errpref/errprefixdtoatom.go:486.30,488.3 1 1
github.com/MikeAustin71/errprefops/errpref/errprefixdtoatom.go:545.39,547.32 1 1
github.com/MikeAustin71/errprefops/errpref/errprefixdtoatom.go:551.2,555.30 3 1
github.com/MikeAustin71/errprefops/errpref/errprefixdtoatom.go:559.2,559.25 1 1
github.com/MikeAustin71/errprefops/errpref/errprefixdtoatom.go:563.2,570.28 4 1
github.com/MikeAustin71/errprefops/errpref/errprefixdtoatom.go:574.2,592.22 6 1
github.com/MikeAustin71/errprefops/errpref/errprefixdtoatom.go:596.2,605.35 5 1
github.com/MikeAustin71/errprefops/errpref/errprefixdtoatom.go:649.2,649.8 1 1
github.com/MikeAustin71/errprefops/errpref/errprefixdtoatom.go:547.32,549.3 1 1
github.com/MikeAustin71/errprefops/errpref/errprefixdtoatom.go:555.30,557.3 1 1
github.com/MikeAustin71/errprefops/errpref/errprefixdtoatom.go:559.25,561.3 1 1
github.com/MikeAustin71/errprefops/errpref/errprefixdtoatom.go:570.28,572.3 1 0
github.com/MikeAustin71/errprefops/errpref/errprefixdtoatom.go:592.22,594.3 1 0
github.com/MikeAustin71/errprefops/errpref/errprefixdtoatom.go:605.35,612.23 3 1
github.com/MikeAustin71/errprefops/errpref/errprefixdtoatom.go:612.23,620.18 2 1
github.com/MikeAustin71/errprefops/errpref/errprefixdtoatom.go:624.4,624.58 1 1
github.com/MikeAustin71/errprefops/errpref/errprefixdtoatom.go:620.18,621.13 1 1
github.com/MikeAustin71/errprefops/errpref/errprefixdtoatom.go:626.9,640.18 4 1
github.com/MikeAustin71/errprefops/errpref/errprefixdtoatom.go:644.4,644.58 1 1
github.com/MikeAustin71/errprefops/errpref/errprefixdtoatom.go:640.18,641.13 1 0
github.com/MikeAustin71/errprefops/errpref/errprefixdtoatom.go:655.64,657.32 1 1
github.com/MikeAustin71/errprefops/errpref/errprefixdtoatom.go:661.2,665.28 3 1
github.com/MikeAustin71/errprefops/errpref/errprefixdtoatom.go:657.32,659.3 1 1
github.com/MikeAustin71/errprefops/errpref/errprefixdtoatom.go:672.38,674.32 1 1
github.com/MikeAustin71/errprefops/errpref/errprefixdtoatom.go:678.2,682.29 3 1
github.com/MikeAustin71/errprefops/errpref/errprefixdtoatom.go:686.2,688.24 2 1
github.com/MikeAustin71/errprefops/errpref/errprefixdtoatom.go:692.2,694.37 2 1
github.com/MikeAustin71/errprefops/errpref/errprefixdtoatom.go:711.2,711.8 1 1
github.com/MikeAustin71/errprefops/errpref/errprefixdtoatom.go:674.32,676.3 1 1
github.com/MikeAustin71/errprefops/errpref/errprefixdtoatom.go:682.29,684.3 1 1
github.com/MikeAustin71/errprefops/errpref/errprefixdtoatom.go:688.24,690.3 1 1
github.com/MikeAustin71/errprefops/errpref/errprefixdtoatom.go:694.37,698.12 2 1
github.com/MikeAustin71/errprefops/errpref/errprefixdtoatom.go:699.10,701.45 2 1
github.com/MikeAustin71/errprefops/errpref/errprefixdtoatom.go:702.16,704.44 2 1
github.com/MikeAustin71/errprefops/errpref/errprefixdtoatom.go:705.11,707.45 2 1
github.com/MikeAustin71/errprefops/errpref/eprefquark.go:103.13,105.22 1 1
github.com/MikeAustin71/errprefops/errpref/eprefquark.go:109.2,113.31 3 1
github.com/MikeAustin71/errprefops/errpref/eprefquark.go:122.2,125.44 3 1
github.com/MikeAustin71/errprefops/errpref/eprefquark.go:178.2,178.24 1 1
github.com/MikeAustin71/errprefops/errpref/eprefquark.go:105.22,107.3 1 0
github.com/MikeAustin71/errprefops/errpref/eprefquark.go:113.31,120.3 2 1
github.com/MikeAustin71/errprefops/errpref/eprefquark.go:125.44,128.16 2 1
github.com/MikeAustin71/errprefops/errpref/eprefquark.go:129.10,130.27 1 1
github.com/MikeAustin71/errprefops/errpref/eprefquark.go:131.10,132.26 1 1
github.com/MikeAustin71/errprefops/errpref/eprefquark.go:133.10,134.26 1 1
github.com/MikeAustin71/errprefops/errpref/eprefquark.go:135.10,136.26 1 1
github.com/MikeAustin71/errprefops/errpref/eprefquark.go:137.10,138.26 1 1
github.com/MikeAustin71/errprefops/errpref/eprefquark.go:139.10,140.26 1 1
github.com/MikeAustin71/errprefops/errpref/eprefquark.go:141.10,142.26 1 1
github.com/MikeAustin71/errprefops/errpref/eprefquark.go:143.13,144.24 1 1
github.com/MikeAustin71/errprefops/errpref/eprefquark.go:145.13,146.24 1 1
github.com/MikeAustin71/errprefops/errpref/eprefquark.go:147.13,148.24 1 1
github.com/MikeAustin71/errprefops/errpref/eprefquark.go:149.13,150.24 1 1
github.com/MikeAustin71/errprefops/errpref/eprefquark.go:151.13,152.24 1 1
github.com/MikeAustin71/errprefops/errpref/eprefquark.go:153.13,154.24 1 1
github.com/MikeAustin71/errprefops/errpref/eprefquark.go:155.13,156.24 1 1
github.com/MikeAustin71/errprefops/errpref/eprefquark.go:157.11,158.25 1 1
github.com/MikeAustin71/errprefops/errpref/eprefquark.go:159.11,160.25 1 1
github.com/MikeAustin71/errprefops/errpref/eprefquark.go:161.13,162.23 1 1
github.com/MikeAustin71/errprefops/errpref/eprefquark.go:163.12,165.20 1 1
github.com/MikeAustin71/errprefops/errpref/eprefquark.go:171.11,172.22 1 1
github.com/MikeAustin71/errprefops/errpref/eprefquark.go:165.20,167.5 1 1
github.com/MikeAustin71/errprefops/errpref/eprefquark.go:167.10,169.5 1 1
github.com/MikeAustin71/errprefops/errpref/eprefquark.go:202.68,204.28 1 1
github.com/MikeAustin71/errprefops/errpref/eprefquark.go:208.2,212.38 3 1
github.com/MikeAustin71/errprefops/errpref/eprefquark.go:216.2,222.46 4 1
github.com/MikeAustin71/errprefops/errpref/eprefquark.go:229.2,232.33 2 1
github.com/MikeAustin71/errprefops/errpref/eprefquark.go:204.28,206.3 1 1
github.com/MikeAustin71/errprefops/errpref/eprefquark.go:212.38,214.3 1 0
github.com/MikeAustin71/errprefops/errpref/eprefquark.go:222.46,227.3 1 0
github.com/MikeAustin71/errprefops/errpref/eprefquark.go:239.74,241.28 1 1
github.com/MikeAustin71/errprefops/errpref/eprefquark.go:245.2,249.38 3 1
github.com/MikeAustin71/errprefops/errpref/eprefquark.go:253.2,262.33 5 1
github.com/MikeAustin71/errprefops/errpref/eprefquark.go:241.28,243.3 1 1
github.com/MikeAustin71/errprefops/errpref/eprefquark.go:249.38,251.3 1 1
github.com/MikeAustin71/errprefops/errpref/eprefquark.go:269.25,271.28 1 1
github.com/MikeAustin71/errprefops/errpref/eprefquark.go:275.2,281.33 4 1
github.com/MikeAustin71/errprefops/errpref/eprefquark.go:287.2,287.13 1 1
github.com/MikeAustin71/errprefops/errpref/eprefquark.go:271.28,273.3 1 1
github.com/MikeAustin71/errprefops/errpref/eprefquark.go:281.33,282.26 1 1
github.com/MikeAustin71/errprefops/errpref/eprefquark.go:282.26,284.4 1 1
github.com/MikeAustin71/errprefops/errpref/eprefquark.go:293.52,295.28 1 1
github.com/MikeAustin71/errprefops/errpref/eprefquark.go:299.2,303.24 3 1
github.com/MikeAustin71/errprefops/errpref/eprefquark.go:295.28,297.3 1 1
github.com/MikeAustin71/errprefops/errpref/eprefquark.go:308.74,310.28 1 1
github.com/MikeAustin71/errprefops/errpref/eprefquark.go:314.2,318.38 3 1
github.com/MikeAustin71/errprefops/errpref/eprefquark.go:322.2,327.32 3 1
github.com/MikeAustin71/errprefops/errpref/eprefquark.go:310.28,312.3 1 1
github.com/MikeAustin71/errprefops/errpref/eprefquark.go:318.38,320.3 1 0
github.com/MikeAustin71/errprefops/errpref/eprefquark.go:363.33,365.28 1 1
github.com/MikeAustin71/errprefops/errpref/eprefquark.go:369.2,373.38 3 1
github.com/MikeAustin71/errprefops/errpref/eprefquark.go:377.2,381.35 3 1
github.com/MikeAustin71/errprefops/errpref/eprefquark.go:385.2,388.8 2 1
github.com/MikeAustin71/errprefops/errpref/eprefquark.go:365.28,367.3 1 1
github.com/MikeAustin71/errprefops/errpref/eprefquark.go:373.38,375.3 1 0
github.com/MikeAustin71/errprefops/errpref/eprefquark.go:381.35,383.3 1 0
github.com/MikeAustin71/errprefops/errpref/errpreferrorprefixInfo.go:68.24,70.33 1 1
github.com/MikeAustin71/errprefops/errpref/errpreferrorprefixInfo.go:74.2,84.11 5 1
github.com/MikeAustin71/errprefops/errpref/errpreferrorprefixInfo.go:70.33,72.3 1 1
github.com/MikeAustin71/errprefops/errpref/errpreferrorprefixInfo.go:126.9,128.33 1 1
github.com/MikeAustin71/errprefops/errpref/errpreferrorprefixInfo.go:132.2,142.11 5 1
github.com/MikeAustin71/errprefops/errpref/errpreferrorprefixInfo.go:128.33,130.3 1 0
github.com/MikeAustin71/errprefops/errpref/errpreferrorprefixInfo.go:147.49,149.33 1 1
github.com/MikeAustin71/errprefops/errpref/errpreferrorprefixInfo.go:153.2,165.28 11 1
github.com/MikeAustin71/errprefops/errpref/errpreferrorprefixInfo.go:149.33,151.3 1 0
github.com/MikeAustin71/errprefops/errpref/errpreferrorprefixInfo.go:196.39,198.33 1 1
github.com/MikeAustin71/errprefops/errpref/errpreferrorprefixInfo.go:202.2,208.17 3 1
github.com/MikeAustin71/errprefops/errpref/errpreferrorprefixInfo.go:198.33,200.3 1 0
github.com/MikeAustin71/errprefops/errpref/errpreferrorprefixInfo.go:212.67,214.33 1 1
github.com/MikeAustin71/errprefops/errpref/errpreferrorprefixInfo.go:218.2,222.40 3 1
github.com/MikeAustin71/errprefops/errpref/errpreferrorprefixInfo.go:214.33,216.3 1 0
github.com/MikeAustin71/errprefops/errpref/errpreferrorprefixInfo.go:227.66,229.33 1 1
github.com/MikeAustin71/errprefops/errpref/errpreferrorprefixInfo.go:233.2,237.39 3 1
github.com/MikeAustin71/errprefops/errpref/errpreferrorprefixInfo.go:229.33,231.3 1 0
github.com/MikeAustin71/errprefops/errpref/errpreferrorprefixInfo.go:247.74,249.33 1 1
github.com/MikeAustin71/errprefops/errpref/errpreferrorprefixInfo.go:253.2,257.47 3 1
github.com/MikeAustin71/errprefops/errpref/errpreferrorprefixInfo.go:249.33,251.3 1 0
github.com/MikeAustin71/errprefops/errpref/errpreferrorprefixInfo.go:266.64,268.33 1 1
github.com/MikeAustin71/errprefops/errpref/errpreferrorprefixInfo.go:272.2,276.35 3 1
github.com/MikeAustin71/errprefops/errpref/errpreferrorprefixInfo.go:268.33,270.3 1 0
github.com/MikeAustin71/errprefops/errpref/errpreferrorprefixInfo.go:285.63,287.33 1 1
github.com/MikeAustin71/errprefops/errpref/errpreferrorprefixInfo.go:291.2,295.34 3 1
github.com/MikeAustin71/errprefops/errpref/errpreferrorprefixInfo.go:287.33,289.3 1 0
github.com/MikeAustin71/errprefops/errpref/errpreferrorprefixInfo.go:304.63,306.33 1 1
github.com/MikeAustin71/errprefops/errpref/errpreferrorprefixInfo.go:310.2,317.43 4 1
github.com/MikeAustin71/errprefops/errpref/errpreferrorprefixInfo.go:323.2,323.36 1 1
github.com/MikeAustin71/errprefops/errpref/errpreferrorprefixInfo.go:306.33,308.3 1 1
github.com/MikeAustin71/errprefops/errpref/errpreferrorprefixInfo.go:317.43,319.3 1 1
github.com/MikeAustin71/errprefops/errpref/errpreferrorprefixInfo.go:319.8,321.3 1 1
github.com/MikeAustin71/errprefops/errpref/errpreferrorprefixInfo.go:354.16,356.33 1 1
github.com/MikeAustin71/errprefops/errpref/errpreferrorprefixInfo.go:360.2,371.16 5 1
github.com/MikeAustin71/errprefops/errpref/errpreferrorprefixInfo.go:356.33,358.3 1 0
github.com/MikeAustin71/errprefops/errpref/errpreferrorprefixInfo.go:410.24,412.33 1 1
github.com/MikeAustin71/errprefops/errpref/errpreferrorprefixInfo.go:416.2,429.12 6 1
github.com/MikeAustin71/errprefops/errpref/errpreferrorprefixInfo.go:412.33,414.3 1 1
github.com/MikeAustin71/errprefops/errpref/errpreferrorprefixInfo.go:436.71,438.33 1 1
github.com/MikeAustin71/errprefops/errpref/errpreferrorprefixInfo.go:442.2,446.43 3 1
github.com/MikeAustin71/errprefops/errpref/errpreferrorprefixInfo.go:438.33,440.3 1 0
github.com/MikeAustin71/errprefops/errpref/errpreferrorprefixInfo.go:453.70,455.33 1 1
github.com/MikeAustin71/errprefops/errpref/errpreferrorprefixInfo.go:459.2,463.42 3 1
github.com/MikeAustin71/errprefops/errpref/errpreferrorprefixInfo.go:455.33,457.3 1 0
github.com/MikeAustin71/errprefops/errpref/errpreferrorprefixInfo.go:469.62,471.33 1 1
github.com/MikeAustin71/errprefops/errpref/errpreferrorprefixInfo.go:475.2,479.26 3 1
github.com/MikeAustin71/errprefops/errpref/errpreferrorprefixInfo.go:471.33,473.3 1 1
github.com/MikeAustin71/errprefops/errpref/errpreferrorprefixInfo.go:484.63,486.33 1 1
github.com/MikeAustin71/errprefops/errpref/errpreferrorprefixInfo.go:490.2,496.26 4 1
github.com/MikeAustin71/errprefops/errpref/errpreferrorprefixInfo.go:486.33,488.3 1 1
github.com/MikeAustin71/errprefops/errpref/errpreferrorprefixInfo.go:506.21,508.33 1 1
github.com/MikeAustin71/errprefops/errpref/errpreferrorprefixInfo.go:512.2,521.44 5 1
github.com/MikeAustin71/errprefops/errpref/errpreferrorprefixInfo.go:508.33,510.3 1 0
github.com/MikeAustin71/errprefops/errpref/errpreferrorprefixInfo.go:521.44,523.3 1 1
github.com/MikeAustin71/errprefops/errpref/errpreferrorprefixInfo.go:523.8,525.3 1 1
github.com/MikeAustin71/errprefops/errpref/errpreferrorprefixInfo.go:537.31,539.33 1 1
github.com/MikeAustin71/errprefops/errpref/errpreferrorprefixInfo.go:543.2,547.65 3 1
github.com/MikeAustin71/errprefops/errpref/errpreferrorprefixInfo.go:539.33,541.3 1 0
github.com/MikeAustin71/errprefops/errpref/errpreferrorprefixInfo.go:557.20,559.33 1 1
github.com/MikeAustin71/errprefops/errpref/errpreferrorprefixInfo.go:563.2,572.43 5 1
github.com/MikeAustin71/errprefops/errpref/errpreferrorprefixInfo.go:559.33,561.3 1 1
github.com/MikeAustin71/errprefops/errpref/errpreferrorprefixInfo.go:572.43,574.3 1 1
github.com/MikeAustin71/errprefops/errpref/errpreferrorprefixInfo.go:574.8,576.3 1 0
github.com/MikeAustin71/errprefops/errpref/errpreferrorprefixInfo.go:587.76,589.33 1 1
github.com/MikeAustin71/errprefops/errpref/errpreferrorprefixInfo.go:593.2,597.43 3 1
github.com/MikeAustin71/errprefops/errpref/errpreferrorprefixInfo.go:589.33,591.3 1 1
github.com/MikeAustin71/errprefops/errpref/errpreferrorprefixInfo.go:608.72,610.33 1 1
github.com/MikeAustin71/errprefops/errpref/errpreferrorprefixInfo.go:614.2,618.39 3 1
github.com/MikeAustin71/errprefops/errpref/errpreferrorprefixInfo.go:610.33,612.3 1 0
github.com/MikeAustin71/errprefops/errpref/errpreferrorprefixInfo.go:629.20,631.33 1 1
github.com/MikeAustin71/errprefops/errpref/errpreferrorprefixInfo.go:635.2,639.43 3 1
github.com/MikeAustin71/errprefops/errpref/errpreferrorprefixInfo.go:631.33,633.3 1 0
github.com/MikeAustin71/errprefops/errpref/errprefixdtomechanics.go:15.72,17.30 1 1
github.com/MikeAustin71/errprefops/errpref/errprefixdtomechanics.go:21.2,27.3 3 1
github.com/MikeAustin71/errprefops/errpref/errprefixdtomechanics.go:17.30,19.3 1 1
github.com/MikeAustin71/errprefops/errpref/errprefixdtomechanics.go:45.13,47.30 1 1
github.com/MikeAustin71/errprefops/errpref/errprefixdtomechanics.go:51.2,60.23 5 1
github.com/MikeAustin71/errprefops/errpref/errprefixdtomechanics.go:69.2,71.17 2 1
github.com/MikeAustin71/errprefops/errpref/errprefixdtomechanics.go:75.2,77.30 2 1
github.com/MikeAustin71/errprefops/errpref/errprefixdtomechanics.go:86.2,86.26 1 1
github.com/MikeAustin71/errprefops/errpref/errprefixdtomechanics.go:47.30,49.3 1 0
github.com/MikeAustin71/errprefops/errpref/errprefixdtomechanics.go:60.23,67.3 2 0
github.com/MikeAustin71/errprefops/errpref/errprefixdtomechanics.go:71.17,73.3 1 0
github.com/MikeAustin71/errprefops/errpref/errprefixdtomechanics.go:77.30,84.3 2 1
github.com/MikeAustin71/errprefops/errpref/errprefixdtomechanics.go:190.29,192.30 1 1
github.com/MikeAustin71/errprefops/errpref/errprefixdtomechanics.go:196.2,203.23 4 1
github.com/MikeAustin71/errprefops/errpref/errprefixdtomechanics.go:210.2,223.17 7 1
github.com/MikeAustin71/errprefops/errpref/errprefixdtomechanics.go:227.2,232.19 2 1
github.com/MikeAustin71/errprefops/errpref/errprefixdtomechanics.go:237.2,245.8 4 1
github.com/MikeAustin71/errprefops/errpref/errprefixdtomechanics.go:253.2,259.8 3 1
github.com/MikeAustin71/errprefops/errpref/errprefixdtomechanics.go:267.2,273.8 3 1
github.com/MikeAustin71/errprefops/errpref/errprefixdtomechanics.go:281.2,287.8 3 1
github.com/MikeAustin71/errprefops/errpref/errprefixdtomechanics.go:296.2,302.8 3 1
github.com/MikeAustin71/errprefops/errpref/errprefixdtomechanics.go:311.2,317.8 3 1
github.com/MikeAustin71/errprefops/errpref/errprefixdtomechanics.go:326.2,332.8 3 1
github.com/MikeAustin71/errprefops/errpref/errprefixdtomechanics.go:341.2,347.8 3 1
github.com/MikeAustin71/errprefops/errpref/errprefixdtomechanics.go:355.2,361.8 3 1
github.com/MikeAustin71/errprefops/errpref/errprefixdtomechanics.go:377.2,397.24 3 0
github.com/MikeAustin71/errprefops/errpref/errprefixdtomechanics.go:420.2,421.10 1 0
github.com/MikeAustin71/errprefops/errpref/errprefixdtomechanics.go:192.30,194.3 1 0
github.com/MikeAustin71/errprefops/errpref/errprefixdtomechanics.go:203.23,208.3 1 0
github.com/MikeAustin71/errprefops/errpref/errprefixdtomechanics.go:223.17,225.3 1 0
github.com/MikeAustin71/errprefops/errpref/errprefixdtomechanics.go:232.19,235.3 1 1
github.com/MikeAustin71/errprefops/errpref/errprefixdtomechanics.go:245.8,251.3 1 1
github.com/MikeAustin71/errprefops/errpref/errprefixdtomechanics.go:259.8,265.3 1 1
github.com/MikeAustin71/errprefops/errpref/errprefixdtomechanics.go:273.8,279.3 1 1
github.com/MikeAustin71/errprefops/errpref/errprefixdtomechanics.go:287.8,294.3 1 1
github.com/MikeAustin71/errprefops/errpref/errprefixdtomechanics.go:302.8,309.3 1 1
github.com/MikeAustin71/errprefops/errpref/errprefixdtomechanics.go:317.8,324.3 1 1
github.com/MikeAustin71/errprefops/errpref/errprefixdtomechanics.go:332.8,339.3 1 1
github.com/MikeAustin71/errprefops/errpref/errprefixdtomechanics.go:347.8,353.3 1 1
github.com/MikeAustin71/errprefops/errpref/errprefixdtomechanics.go:361.8,363.18 1 1
github.com/MikeAustin71/errprefops/errpref/errprefixdtomechanics.go:367.3,370.16 1 1
github.com/MikeAustin71/errprefops/errpref/errprefixdtomechanics.go:363.18,365.4 1 0
github.com/MikeAustin71/errprefops/errpref/errprefixdtomechanics.go:397.24,403.18 2 0
github.com/MikeAustin71/errprefops/errpref/errprefixdtomechanics.go:403.18,410.4 1 0
github.com/MikeAustin71/errprefops/errpref/errprefixdtomechanics.go:412.8,418.3 1 0
github.com/MikeAustin71/errprefops/errpref/errprefixdtonanobot.go:34.28,36.35 1 1
github.com/MikeAustin71/errprefops/errpref/errprefixdtonanobot.go:40.2,44.23 3 1
github.com/MikeAustin71/errprefops/errpref/errprefixdtonanobot.go:48.2,54.24 4 1
github.com/MikeAustin71/errprefops/errpref/errprefixdtonanobot.go:58.2,63.8 3 1
github.com/MikeAustin71/errprefops/errpref/errprefixdtonanobot.go:36.35,38.3 1 0
github.com/MikeAustin71/errprefops/errpref/errprefixdtonanobot.go:44.23,46.3 1 0
github.com/MikeAustin71/errprefops/errpref/errprefixdtonanobot.go:54.24,56.3 1 0
github.com/MikeAustin71/errprefops/errpref/errprefixdtonanobot.go:68.73,70.35 1 1
github.com/MikeAustin71/errprefops/errpref/errprefixdtonanobot.go:74.2,80.3 3 1
github.com/MikeAustin71/errprefops/errpref/errprefixdtonanobot.go:70.35,72.3 1 1
github.com/MikeAustin71/errprefops/errpref/errprefixdtonanobot.go:147.29,149.35 1 1
github.com/MikeAustin71/errprefops/errpref/errprefixdtonanobot.go:153.2,160.23 4 1
github.com/MikeAustin71/errprefops/errpref/errprefixdtonanobot.go:167.2,167.19 1 1
github.com/MikeAustin71/errprefops/errpref/errprefixdtonanobot.go:174.2,174.42 1 1
github.com/MikeAustin71/errprefops/errpref/errprefixdtonanobot.go:181.2,185.16 2 1
github.com/MikeAustin71/errprefops/errpref/errprefixdtonanobot.go:189.2,194.12 2 1
github.com/MikeAustin71/errprefops/errpref/errprefixdtonanobot.go:149.35,151.3 1 0
github.com/MikeAustin71/errprefops/errpref/errprefixdtonanobot.go:160.23,165.3 1 0
github.com/MikeAustin71/errprefops/errpref/errprefixdtonanobot.go:167.19,172.3 1 0
github.com/MikeAustin71/errprefops/errpref/errprefixdtonanobot.go:174.42,179.3 1 0
github.com/MikeAustin71/errprefops/errpref/errprefixdtonanobot.go:185.16,187.3 1 0
github.com/MikeAustin71/errprefops/errpref/errprefixdtonanobot.go:265.29,267.35 1 1
github.com/MikeAustin71/errprefops/errpref/errprefixdtonanobot.go:271.2,278.23 4 1
github.com/MikeAustin71/errprefops/errpref/errprefixdtonanobot.go:285.2,285.19 1 1
github.com/MikeAustin71/errprefops/errpref/errprefixdtonanobot.go:292.2,292.40 1 1
github.com/MikeAustin71/errprefops/errpref/errprefixdtonanobot.go:299.2,307.23 5 1
github.com/MikeAustin71/errprefops/errpref/errprefixdtonanobot.go:313.2,318.36 3 1
github.com/MikeAustin71/errprefops/errpref/errprefixdtonanobot.go:335.2,339.12 2 1
github.com/MikeAustin71/errprefops/errpref/errprefixdtonanobot.go:267.35,269.3 1 1
github.com/MikeAustin71/errprefops/errpref/errprefixdtonanobot.go:278.23,283.3 1 0
github.com/MikeAustin71/errprefops/errpref/errprefixdtonanobot.go:285.19,290.3 1 0
github.com/MikeAustin71/errprefops/errpref/errprefixdtonanobot.go:292.40,297.3 1 0
github.com/MikeAustin71/errprefops/errpref/errprefixdtonanobot.go:307.23,311.3 2 0
github.com/MikeAustin71/errprefops/errpref/errprefixdtonanobot.go:318.36,333.3 2 1
github.com/MikeAustin71/errprefops/errpref/errprefixdtonanobot.go:398.29,400.35 1 1
github.com/MikeAustin71/errprefops/errpref/errprefixdtonanobot.go:404.2,411.23 4 1
github.com/MikeAustin71/errprefops/errpref/errprefixdtonanobot.go:418.2,418.22 1 1
github.com/MikeAustin71/errprefops/errpref/errprefixdtonanobot.go:425.2,439.12 6 1
github.com/MikeAustin71/errprefops/errpref/errprefixdtonanobot.go:400.35,402.3 1 1
github.com/MikeAustin71/errprefops/errpref/errprefixdtonanobot.go:411.23,416.3 1 0
github.com/MikeAustin71/errprefops/errpref/errprefixdtonanobot.go:418.22,423.3 2 0
github.com/MikeAustin71/errprefops/errpref/errprefixdtonanobot.go:500.29,502.35 1 1
github.com/MikeAustin71/errprefops/errpref/errprefixdtonanobot.go:506.2,513.23 4 1
github.com/MikeAustin71/errprefops/errpref/errprefixdtonanobot.go:520.2,520.19 1 1
github.com/MikeAustin71/errprefops/errpref/errprefixdtonanobot.go:527.2,527.39 1 1
github.com/MikeAustin71/errprefops/errpref/errprefixdtonanobot.go:534.2,536.22 2 1
github.com/MikeAustin71/errprefops/errpref/errprefixdtonanobot.go:544.2,558.12 6 1
github.com/MikeAustin71/errprefops/errpref/errprefixdtonanobot.go:502.35,504.3 1 1
github.com/MikeAustin71/errprefops/errpref/errprefixdtonanobot.go:513.23,518.3 1 0
github.com/MikeAustin71/errprefops/errpref/errprefixdtonanobot.go:520.19,525.3 1 1
github.com/MikeAustin71/errprefops/errpref/errprefixdtonanobot.go:527.39,532.3 1 0
github.com/MikeAustin71/errprefops/errpref/errprefixdtonanobot.go:536.22,542.3 2 0
github.com/MikeAustin71/errprefops/errpref/errprefixdtonanobot.go:617.29,619.35 1 1
github.com/MikeAustin71/errprefops/errpref/errprefixdtonanobot.go:623.2,630.23 4 1
github.com/MikeAustin71/errprefops/errpref/errprefixdtonanobot.go:637.2,643.23 4 1
github.com/MikeAustin71/errprefops/errpref/errprefixdtonanobot.go:650.2,652.36 2 1
github.com/MikeAustin71/errprefops/errpref/errprefixdtonanobot.go:668.2,672.12 2 1
github.com/MikeAustin71/errprefops/errpref/errprefixdtonanobot.go:619.35,621.3 1 1
github.com/MikeAustin71/errprefops/errpref/errprefixdtonanobot.go:630.23,635.3 1 0
github.com/MikeAustin71/errprefops/errpref/errprefixdtonanobot.go:643.23,648.3 2 0
github.com/MikeAustin71/errprefops/errpref/errprefixdtonanobot.go:652.36,666.3 1 1
github.com/MikeAustin71/errprefops/errpref/errprefixdtonanobot.go:735.29,737.35 1 1
github.com/MikeAustin71/errprefops/errpref/errprefixdtonanobot.go:741.2,748.23 4 1
github.com/MikeAustin71/errprefops/errpref/errprefixdtonanobot.go:755.2,759.19 3 1
github.com/MikeAustin71/errprefops/errpref/errprefixdtonanobot.go:764.2,766.23 2 1
github.com/MikeAustin71/errprefops/errpref/errprefixdtonanobot.go:771.2,775.36 3 1
github.com/MikeAustin71/errprefops/errpref/errprefixdtonanobot.go:792.2,796.12 2 1
github.com/MikeAustin71/errprefops/errpref/errprefixdtonanobot.go:737.35,739.3 1 1
github.com/MikeAustin71/errprefops/errpref/errprefixdtonanobot.go:748.23,753.3 1 0
github.com/MikeAustin71/errprefops/errpref/errprefixdtonanobot.go:759.19,762.3 2 0
github.com/MikeAustin71/errprefops/errpref/errprefixdtonanobot.go:766.23,769.3 2 0
github.com/MikeAustin71/errprefops/errpref/errprefixdtonanobot.go:775.36,790.3 2 1
github.com/MikeAustin71/errprefops/errpref/errprefixdtoquark.go:14.65,16.31 1 1
github.com/MikeAustin71/errprefops/errpref/errprefixdtoquark.go:20.2,26.3 3 1
github.com/MikeAustin71/errprefops/errpref/errprefixdtoquark.go:16.31,18.3 1 1
github.com/MikeAustin71/errprefops/errpref/errprefixdtoquark.go:37.27,39.31 1 1
github.com/MikeAustin71/errprefops/errpref/errprefixdtoquark.go:43.2,50.23 4 1
github.com/MikeAustin71/errprefops/errpref/errprefixdtoquark.go:57.2,57.32 1 1
github.com/MikeAustin71/errprefops/errpref/errprefixdtoquark.go:61.2,63.22 2 1
github.com/MikeAustin71/errprefops/errpref/errprefixdtoquark.go:67.2,67.35 1 1
github.com/MikeAustin71/errprefops/errpref/errprefixdtoquark.go:71.2,73.12 2 1
github.com/MikeAustin71/errprefops/errpref/errprefixdtoquark.go:39.31,41.3 1 0
github.com/MikeAustin71/errprefops/errpref/errprefixdtoquark.go:50.23,55.3 1 0
github.com/MikeAustin71/errprefops/errpref/errprefixdtoquark.go:57.32,59.3 1 1
github.com/MikeAustin71/errprefops/errpref/errprefixdtoquark.go:63.22,65.3 1 0
github.com/MikeAustin71/errprefops/errpref/errprefixdtoquark.go:67.35,69.3 1 1
github.com/MikeAustin71/errprefops/errpref/errprefixdtoquark.go:122.13,124.31 1 1
github.com/MikeAustin71/errprefops/errpref/errprefixdtoquark.go:128.2,137.23 5 1
github.com/MikeAustin71/errprefops/errpref/errprefixdtoquark.go:147.2,147.48 1 1
github.com/MikeAustin71/errprefops/errpref/errprefixdtoquark.go:158.2,161.16 2 1
github.com/MikeAustin71/errprefops/errpref/errprefixdtoquark.go:165.2,168.16 2 1
github.com/MikeAustin71/errprefops/errpref/errprefixdtoquark.go:172.2,174.21 2 1
github.com/MikeAustin71/errprefops/errpref/errprefixdtoquark.go:124.31,126.3 1 0
github.com/MikeAustin71/errprefops/errpref/errprefixdtoquark.go:137.23,144.3 2 0
github.com/MikeAustin71/errprefops/errpref/errprefixdtoquark.go:147.48,156.3 2 1
github.com/MikeAustin71/errprefops/errpref/errprefixdtoquark.go:161.16,163.3 1 0
github.com/MikeAustin71/errprefops/errpref/errprefixdtoquark.go:168.16,170.3 1 0
github.com/MikeAustin71/errprefops/errpref/errpreferrorprefixinfoelectron.go:73.24,75.35 1 1
github.com/MikeAustin71/errprefops/errpref/errpreferrorprefixinfoelectron.go:79.2,85.32 4 1
github.com/MikeAustin71/errprefops/errpref/errpreferrorprefixinfoelectron.go:93.2,93.34 1 1
github.com/MikeAustin71/errprefops/errpref/errpreferrorprefixinfoelectron.go:100.2,109.16 3 1
github.com/MikeAustin71/errprefops/errpref/errpreferrorprefixinfoelectron.go:113.2,137.12 9 1
github.com/MikeAustin71/errprefops/errpref/errpreferrorprefixinfoelectron.go:75.35,77.3 1 1
github.com/MikeAustin71/errprefops/errpref/errpreferrorprefixinfoelectron.go:85.32,91.3 1 0
github.com/MikeAustin71/errprefops/errpref/errpreferrorprefixinfoelectron.go:93.34,98.3 1 0
github.com/MikeAustin71/errprefops/errpref/errpreferrorprefixinfoelectron.go:109.16,111.3 1 0
github.com/MikeAustin71/errprefops/errpref/errpreferrorprefixinfoelectron.go:187.9,189.35 1 1
github.com/MikeAustin71/errprefops/errpref/errpreferrorprefixinfoelectron.go:193.2,201.26 5 1
github.com/MikeAustin71/errprefops/errpref/errpreferrorprefixinfoelectron.go:210.2,219.16 3 1
github.com/MikeAustin71/errprefops/errpref/errpreferrorprefixinfoelectron.go:223.2,251.30 11 1
github.com/MikeAustin71/errprefops/errpref/errpreferrorprefixinfoelectron.go:189.35,191.3 1 1
github.com/MikeAustin71/errprefops/errpref/errpreferrorprefixinfoelectron.go:201.26,208.3 1 0
github.com/MikeAustin71/errprefops/errpref/errpreferrorprefixinfoelectron.go:219.16,221.3 1 0
github.com/MikeAustin71/errprefops/errpref/errpreferrorprefixinfoelectron.go:287.39,289.35 1 1
github.com/MikeAustin71/errprefops/errpref/errpreferrorprefixinfoelectron.go:293.2,298.24 3 1
github.com/MikeAustin71/errprefops/errpref/errpreferrorprefixinfoelectron.go:302.2,303.28 1 1
github.com/MikeAustin71/errprefops/errpref/errpreferrorprefixinfoelectron.go:307.2,308.27 1 1
github.com/MikeAustin71/errprefops/errpref/errpreferrorprefixinfoelectron.go:312.2,313.29 1 1
github.com/MikeAustin71/errprefops/errpref/errpreferrorprefixinfoelectron.go:317.2,318.32 1 1
github.com/MikeAustin71/errprefops/errpref/errpreferrorprefixinfoelectron.go:322.2,323.35 1 1
github.com/MikeAustin71/errprefops/errpref/errpreferrorprefixinfoelectron.go:327.2,328.33 1 1
github.com/MikeAustin71/errprefops/errpref/errpreferrorprefixinfoelectron.go:332.2,333.36 1 1
github.com/MikeAustin71/errprefops/errpref/errpreferrorprefixinfoelectron.go:337.2,338.40 1 1
github.com/MikeAustin71/errprefops/errpref/errpreferrorprefixinfoelectron.go:342.2,342.13 1 1
github.com/MikeAustin71/errprefops/errpref/errpreferrorprefixinfoelectron.go:289.35,291.3 1 1
github.com/MikeAustin71/errprefops/errpref/errpreferrorprefixinfoelectron.go:298.24,300.3 1 0
github.com/MikeAustin71/errprefops/errpref/errpreferrorprefixinfoelectron.go:303.28,305.3 1 0
github.com/MikeAustin71/errprefops/errpref/errpreferrorprefixinfoelectron.go:308.27,310.3 1 0
github.com/MikeAustin71/errprefops/errpref/errpreferrorprefixinfoelectron.go:313.29,315.3 1 0
github.com/MikeAustin71/errprefops/errpref/errpreferrorprefixinfoelectron.go:318.32,320.3 1 0
github.com/MikeAustin71/errprefops/errpref/errpreferrorprefixinfoelectron.go:323.35,325.3 1 0
github.com/MikeAustin71/errprefops/errpref/errpreferrorprefixinfoelectron.go:328.33,330.3 1 0
github.com/MikeAustin71/errprefops/errpref/errpreferrorprefixinfoelectron.go:333.36,335.3 1 0
github.com/MikeAustin71/errprefops/errpref/errpreferrorprefixinfoelectron.go:338.40,340.3 1 0
github.com/MikeAustin71/errprefops/errpref/errpreferrorprefixinfoelectron.go:348.81,350.35 1 1
github.com/MikeAustin71/errprefops/errpref/errpreferrorprefixinfoelectron.go:354.2,358.35 3 1
github.com/MikeAustin71/errprefops/errpref/errpreferrorprefixinfoelectron.go:350.35,352.3 1 1
github.com/MikeAustin71/errprefops/errpref/errprefixdelimiterselectron.go:74.24,76.37 1 1
github.com/MikeAustin71/errprefops/errpref/errprefixdelimiterselectron.go:80.2,86.29 4 1
github.com/MikeAustin71/errprefops/errpref/errprefixdelimiterselectron.go:94.2,94.31 1 1
github.com/MikeAustin71/errprefops/errpref/errprefixdelimiterselectron.go:101.2,110.16 3 1
github.com/MikeAustin71/errprefops/errpref/errprefixdelimiterselectron.go:114.2,138.12 9 1
github.com/MikeAustin71/errprefops/errpref/errprefixdelimiterselectron.go:76.37,78.3 1 1
github.com/MikeAustin71/errprefops/errpref/errprefixdelimiterselectron.go:86.29,92.3 1 0
github.com/MikeAustin71/errprefops/errpref/errprefixdelimiterselectron.go:94.31,99.3 1 0
github.com/MikeAustin71/errprefops/errpref/errprefixdelimiterselectron.go:110.16,112.3 1 0
github.com/MikeAustin71/errprefops/errpref/errprefixdelimiterselectron.go:188.9,190.37 1 1
github.com/MikeAustin71/errprefops/errpref/errprefixdelimiterselectron.go:194.2,202.23 5 1
github.com/MikeAustin71/errprefops/errpref/errprefixdelimiterselectron.go:211.2,220.16 3 1
github.com/MikeAustin71/errprefops/errpref/errprefixdelimiterselectron.go:224.2,250.27 10 1
github.com/MikeAustin71/errprefops/errpref/errprefixdelimiterselectron.go:190.37,192.3 1 1
github.com/MikeAustin71/errprefops/errpref/errprefixdelimiterselectron.go:202.23,209.3 1 0
github.com/MikeAustin71/errprefops/errpref/errprefixdelimiterselectron.go:220.16,222.3 1 0
github.com/MikeAustin71/errprefops/errpref/errprefixdelimiterselectron.go:311.13,313.37 1 1
github.com/MikeAustin71/errprefops/errpref/errprefixdelimiterselectron.go:317.2,325.26 5 1
github.com/MikeAustin71/errprefops/errpref/errprefixdelimiterselectron.go:334.2,334.26 1 1
github.com/MikeAustin71/errprefops/errpref/errprefixdelimiterselectron.go:343.2,344.39 1 1
github.com/MikeAustin71/errprefops/errpref/errprefixdelimiterselectron.go:349.2,350.42 1 1
github.com/MikeAustin71/errprefops/errpref/errprefixdelimiterselectron.go:355.2,356.40 1 1
github.com/MikeAustin71/errprefops/errpref/errprefixdelimiterselectron.go:361.2,362.43 1 1
github.com/MikeAustin71/errprefops/errpref/errprefixdelimiterselectron.go:367.2,368.40 1 1
github.com/MikeAustin71/errprefops/errpref/errprefixdelimiterselectron.go:373.2,374.43 1 1
github.com/MikeAustin71/errprefops/errpref/errprefixdelimiterselectron.go:379.2,380.41 1 1
github.com/MikeAustin71/errprefops/errpref/errprefixdelimiterselectron.go:385.2,386.44 1 1
github.com/MikeAustin71/errprefops/errpref/errprefixdelimiterselectron.go:391.2,393.22 2 1
github.com/MikeAustin71/errprefops/errpref/errprefixdelimiterselectron.go:313.37,315.3 1 0
github.com/MikeAustin71/errprefops/errpref/errprefixdelimiterselectron.go:325.26,332.3 2 0
github.com/MikeAustin71/errprefops/errpref/errprefixdelimiterselectron.go:334.26,341.3 2 0
github.com/MikeAustin71/errprefops/errpref/errprefixdelimiterselectron.go:344.39,347.3 1 0
github.com/MikeAustin71/errprefops/errpref/errprefixdelimiterselectron.go:350.42,353.3 1 0
github.com/MikeAustin71/errprefops/errpref/errprefixdelimiterselectron.go:356.40,359.3 1 0
github.com/MikeAustin71/errprefops/errpref/errprefixdelimiterselectron.go:362.43,365.3 1 0
github.com/MikeAustin71/errprefops/errpref/errprefixdelimiterselectron.go:368.40,371.3 1 0
github.com/MikeAustin71/errprefops/errpref/errprefixdelimiterselectron.go:374.43,377.3 1 0
github.com/MikeAustin71/errprefops/errpref/errprefixdelimiterselectron.go:380.41,383.3 1 0
github.com/MikeAustin71/errprefops/errpref/errprefixdelimiterselectron.go:386.44,389.3 1 0
github.com/MikeAustin71/errprefops/errpref/errprefixdelimiterselectron.go:398.91,400.37 1 1
github.com/MikeAustin71/errprefops/errpref/errprefixdelimiterselectron.go:404.2,410.3 3 1
github.com/MikeAustin71/errprefops/errpref/errprefixdelimiterselectron.go:400.37,402.3 1 1
github.com/MikeAustin71/errprefops/errpref/eprefnanobot.go:44.42,46.30 1 1
github.com/MikeAustin71/errprefops/errpref/eprefnanobot.go:50.2,66.28 6 1
github.com/MikeAustin71/errprefops/errpref/eprefnanobot.go:70.2,80.28 4 1
github.com/MikeAustin71/errprefops/errpref/eprefnanobot.go:87.2,87.33 1 1
github.com/MikeAustin71/errprefops/errpref/eprefnanobot.go:91.2,95.8 2 1
github.com/MikeAustin71/errprefops/errpref/eprefnanobot.go:46.30,48.3 1 1
github.com/MikeAustin71/errprefops/errpref/eprefnanobot.go:66.28,68.3 1 1
github.com/MikeAustin71/errprefops/errpref/eprefnanobot.go:80.28,85.3 1 1
github.com/MikeAustin71/errprefops/errpref/eprefnanobot.go:87.33,89.3 1 1
github.com/MikeAustin71/errprefops/errpref/eprefnanobot.go:105.34,107.30 1 1
github.com/MikeAustin71/errprefops/errpref/eprefnanobot.go:111.2,127.24 7 1
github.com/MikeAustin71/errprefops/errpref/eprefnanobot.go:131.2,136.18 4 1
github.com/MikeAustin71/errprefops/errpref/eprefnanobot.go:107.30,109.3 1 1
github.com/MikeAustin71/errprefops/errpref/eprefnanobot.go:127.24,129.3 1 0
github.com/MikeAustin71/errprefops/errpref/eprefnanobot.go:199.45,201.30 1 1
github.com/MikeAustin71/errprefops/errpref/eprefnanobot.go:205.2,213.30 5 1
github.com/MikeAustin71/errprefops/errpref/eprefnanobot.go:218.2,221.16 2 1
github.com/MikeAustin71/errprefops/errpref/eprefnanobot.go:225.2,225.37 1 1
github.com/MikeAustin71/errprefops/errpref/eprefnanobot.go:231.2,238.16 3 1
github.com/MikeAustin71/errprefops/errpref/eprefnanobot.go:242.2,255.43 7 1
github.com/MikeAustin71/errprefops/errpref/eprefnanobot.go:302.2,302.50 1 1
github.com/MikeAustin71/errprefops/errpref/eprefnanobot.go:309.2,309.37 1 1
github.com/MikeAustin71/errprefops/errpref/eprefnanobot.go:313.2,315.20 2 1
github.com/MikeAustin71/errprefops/errpref/eprefnanobot.go:201.30,203.3 1 1
github.com/MikeAustin71/errprefops/errpref/eprefnanobot.go:213.30,216.3 1 0
github.com/MikeAustin71/errprefops/errpref/eprefnanobot.go:221.16,223.3 1 0
github.com/MikeAustin71/errprefops/errpref/eprefnanobot.go:225.37,229.3 1 1
github.com/MikeAustin71/errprefops/errpref/eprefnanobot.go:238.16,240.3 1 0
github.com/MikeAustin71/errprefops/errpref/eprefnanobot.go:255.43,257.19 1 1
github.com/MikeAustin71/errprefops/errpref/eprefnanobot.go:261.3,266.17 2 1
github.com/MikeAustin71/errprefops/errpref/eprefnanobot.go:270.3,274.17 2 1
github.com/MikeAustin71/errprefops/errpref/eprefnanobot.go:278.3,278.46 1 1
github.com/MikeAustin71/errprefops/errpref/eprefnanobot.go:257.19,259.4 1 1
github.com/MikeAustin71/errprefops/errpref/eprefnanobot.go:266.17,268.4 1 0
github.com/MikeAustin71/errprefops/errpref/eprefnanobot.go:274.17,276.4 1 0
github.com/MikeAustin71/errprefops/errpref/eprefnanobot.go:278.46,284.18 2 1
github.com/MikeAustin71/errprefops/errpref/eprefnanobot.go:288.4,288.12 1 1
github.com/MikeAustin71/errprefops/errpref/eprefnanobot.go:284.18,286.5 1 0
github.com/MikeAustin71/errprefops/errpref/eprefnanobot.go:289.9,295.18 2 1
github.com/MikeAustin71/errprefops/errpref/eprefnanobot.go:295.18,297.5 1 0
github.com/MikeAustin71/errprefops/errpref/eprefnanobot.go:302.50,307.3 1 1
github.com/MikeAustin71/errprefops/errpref/eprefnanobot.go:309.37,311.3 1 1
github.com/MikeAustin71/errprefops/errpref/eprefnanobot.go:321.58,323.30 1 1
github.com/MikeAustin71/errprefops/errpref/eprefnanobot.go:327.2,331.26 3 1
github.com/MikeAustin71/errprefops/errpref/eprefnanobot.go:323.30,325.3 1 1
github.com/MikeAustin71/errprefops/errpref/eprefnanobot.go:383.41,385.30 1 1
github.com/MikeAustin71/errprefops/errpref/eprefnanobot.go:389.2,403.22 5 1
github.com/MikeAustin71/errprefops/errpref/eprefnanobot.go:407.2,407.32 1 1
github.com/MikeAustin71/errprefops/errpref/eprefnanobot.go:411.2,413.24 2 1
github.com/MikeAustin71/errprefops/errpref/eprefnanobot.go:417.2,422.8 3 1
github.com/MikeAustin71/errprefops/errpref/eprefnanobot.go:385.30,387.3 1 1
github.com/MikeAustin71/errprefops/errpref/eprefnanobot.go:403.22,405.3 1 0
github.com/MikeAustin71/errprefops/errpref/eprefnanobot.go:407.32,409.3 1 0
github.com/MikeAustin71/errprefops/errpref/eprefnanobot.go:413.24,415.3 1 0
github.com/MikeAustin71/errprefops/errpref/errprefixdto.go:53.28,55.26 1 1
github.com/MikeAustin71/errprefops/errpref/errprefixdto.go:59.2,66.6 3 1
github.com/MikeAustin71/errprefops/errpref/errprefixdto.go:55.26,57.3 1 0
github.com/MikeAustin71/errprefops/errpref/errprefixdto.go:110.37,112.26 1 1
github.com/MikeAustin71/errprefops/errpref/errprefixdto.go:116.2,136.38 8 1
github.com/MikeAustin71/errprefops/errpref/errprefixdto.go:112.26,114.3 1 0
github.com/MikeAustin71/errprefops/errpref/errprefixdto.go:161.51,163.26 1 1
github.com/MikeAustin71/errprefops/errpref/errprefixdto.go:167.2,177.24 4 1
github.com/MikeAustin71/errprefops/errpref/errprefixdto.go:163.26,165.3 1 0
github.com/MikeAustin71/errprefops/errpref/errprefixdto.go:202.55,204.26 1 1
github.com/MikeAustin71/errprefops/errpref/errprefixdto.go:208.2,218.25 4 1
github.com/MikeAustin71/errprefops/errpref/errprefixdto.go:204.26,206.3 1 0
github.com/MikeAustin71/errprefops/errpref/errprefixdto.go:267.21,269.26 1 1
github.com/MikeAustin71/errprefops/errpref/errprefixdto.go:273.2,283.9 4 1
github.com/MikeAustin71/errprefops/errpref/errprefixdto.go:269.26,271.3 1 0
github.com/MikeAustin71/errprefops/errpref/errprefixdto.go:303.21,305.26 1 1
github.com/MikeAustin71/errprefops/errpref/errprefixdto.go:309.2,321.12 5 1
github.com/MikeAustin71/errprefops/errpref/errprefixdto.go:305.26,307.3 1 0
github.com/MikeAustin71/errprefops/errpref/errprefixdto.go:333.40,335.26 1 1
github.com/MikeAustin71/errprefops/errpref/errprefixdto.go:339.2,350.16 4 1
github.com/MikeAustin71/errprefops/errpref/errprefixdto.go:335.26,337.3 1 0
github.com/MikeAustin71/errprefops/errpref/errprefixdto.go:392.9,394.26 1 1
github.com/MikeAustin71/errprefops/errpref/errprefixdto.go:398.2,407.9 4 1
github.com/MikeAustin71/errprefops/errpref/errprefixdto.go:394.26,396.3 1 0
github.com/MikeAustin71/errprefops/errpref/errprefixdto.go:419.39,421.26 1 1
github.com/MikeAustin71/errprefops/errpref/errprefixdto.go:425.2,434.21 4 1
github.com/MikeAustin71/errprefops/errpref/errprefixdto.go:421.26,423.3 1 0
github.com/MikeAustin71/errprefops/errpref/errprefixdto.go:448.54,450.26 1 1
github.com/MikeAustin71/errprefops/errpref/errprefixdto.go:454.2,460.6 3 1
github.com/MikeAustin71/errprefops/errpref/errprefixdto.go:450.26,452.3 1 0
github.com/MikeAustin71/errprefops/errpref/errprefixdto.go:491.34,493.26 1 1
github.com/MikeAustin71/errprefops/errpref/errprefixdto.go:497.2,503.15 3 1
github.com/MikeAustin71/errprefops/errpref/errprefixdto.go:493.26,495.3 1 0
github.com/MikeAustin71/errprefops/errpref/errprefixdto.go:536.43,538.26 1 1
github.com/MikeAustin71/errprefops/errpref/errprefixdto.go:542.2,558.48 7 1
github.com/MikeAustin71/errprefops/errpref/errprefixdto.go:538.26,540.3 1 0
github.com/MikeAustin71/errprefops/errpref/errprefixdto.go:583.78,585.26 1 1
github.com/MikeAustin71/errprefops/errpref/errprefixdto.go:589.2,599.20 5 1
github.com/MikeAustin71/errprefops/errpref/errprefixdto.go:585.26,587.3 1 0
github.com/MikeAustin71/errprefops/errpref/errprefixdto.go:635.73,637.26 1 1
github.com/MikeAustin71/errprefops/errpref/errprefixdto.go:641.2,645.49 3 1
github.com/MikeAustin71/errprefops/errpref/errprefixdto.go:637.26,639.3 1 0
github.com/MikeAustin71/errprefops/errpref/errprefixdto.go:665.56,667.26 1 1
github.com/MikeAustin71/errprefops/errpref/errprefixdto.go:671.2,675.32 3 1
github.com/MikeAustin71/errprefops/errpref/errprefixdto.go:667.26,669.3 1 0
github.com/MikeAustin71/errprefops/errpref/errprefixdto.go:686.57,688.26 1 1
github.com/MikeAustin71/errprefops/errpref/errprefixdto.go:692.2,696.34 3 1
github.com/MikeAustin71/errprefops/errpref/errprefixdto.go:688.26,690.3 1 1
github.com/MikeAustin71/errprefops/errpref/errprefixdto.go:703.70,705.26 1 1
github.com/MikeAustin71/errprefops/errpref/errprefixdto.go:709.2,717.22 5 1
github.com/MikeAustin71/errprefops/errpref/errprefixdto.go:722.2,728.33 3 1
github.com/MikeAustin71/errprefops/errpref/errprefixdto.go:705.26,707.3 1 0
github.com/MikeAustin71/errprefops/errpref/errprefixdto.go:717.22,720.3 2 0
github.com/MikeAustin71/errprefops/errpref/errprefixdto.go:752.59,754.26 1 1
github.com/MikeAustin71/errprefops/errpref/errprefixdto.go:758.2,762.30 3 1
github.com/MikeAustin71/errprefops/errpref/errprefixdto.go:767.2,767.31 1 1
github.com/MikeAustin71/errprefops/errpref/errprefixdto.go:754.26,756.3 1 0
github.com/MikeAustin71/errprefops/errpref/errprefixdto.go:762.30,765.3 1 1
github.com/MikeAustin71/errprefops/errpref/errprefixdto.go:777.61,779.26 1 1
github.com/MikeAustin71/errprefops/errpref/errprefixdto.go:783.2,793.21 4 1
github.com/MikeAustin71/errprefops/errpref/errprefixdto.go:779.26,781.3 1 0
github.com/MikeAustin71/errprefops/errpref/errprefixdto.go:824.56,826.26 1 1
github.com/MikeAustin71/errprefops/errpref/errprefixdto.go:830.2,834.46 3 1
github.com/MikeAustin71/errprefops/errpref/errprefixdto.go:841.2,841.44 1 1
github.com/MikeAustin71/errprefops/errpref/errprefixdto.go:826.26,828.3 1 0
github.com/MikeAustin71/errprefops/errpref/errprefixdto.go:834.46,839.3 1 0
github.com/MikeAustin71/errprefops/errpref/errprefixdto.go:869.79,871.26 1 1
github.com/MikeAustin71/errprefops/errpref/errprefixdto.go:875.2,885.21 5 1
github.com/MikeAustin71/errprefops/errpref/errprefixdto.go:871.26,873.3 1 0
github.com/MikeAustin71/errprefops/errpref/errprefixdto.go:906.60,908.26 1 1
github.com/MikeAustin71/errprefops/errpref/errprefixdto.go:912.2,916.36 3 1
github.com/MikeAustin71/errprefops/errpref/errprefixdto.go:908.26,910.3 1 0
github.com/MikeAustin71/errprefops/errpref/errprefixdto.go:952.54,954.26 1 1
github.com/MikeAustin71/errprefops/errpref/errprefixdto.go:958.2,968.16 4 1
github.com/MikeAustin71/errprefops/errpref/errprefixdto.go:954.26,956.3 1 1
github.com/MikeAustin71/errprefops/errpref/errprefixdto.go:1006.24,1008.26 1 1
github.com/MikeAustin71/errprefops/errpref/errprefixdto.go:1012.2,1024.12 5 1
github.com/MikeAustin71/errprefops/errpref/errprefixdto.go:1008.26,1010.3 1 1
github.com/MikeAustin71/errprefops/errpref/errprefixdto.go:1036.38,1038.26 1 1
github.com/MikeAustin71/errprefops/errpref/errprefixdto.go:1042.2,1049.25 4 1
github.com/MikeAustin71/errprefops/errpref/errprefixdto.go:1053.2,1058.21 2 1
github.com/MikeAustin71/errprefops/errpref/errprefixdto.go:1038.26,1040.3 1 0
github.com/MikeAustin71/errprefops/errpref/errprefixdto.go:1049.25,1051.3 1 0
github.com/MikeAustin71/errprefops/errpref/errprefixdto.go:1083.49,1085.26 1 1
github.com/MikeAustin71/errprefops/errpref/errprefixdto.go:1089.2,1106.24 9 1
github.com/MikeAustin71/errprefops/errpref/errprefixdto.go:1085.26,1087.3 1 1
github.com/MikeAustin71/errprefops/errpref/errprefixdto.go:1162.37,1164.26 1 1
github.com/MikeAustin71/errprefops/errpref/errprefixdto.go:1168.2,1193.24 11 1
github.com/MikeAustin71/errprefops/errpref/errprefixdto.go:1164.26,1166.3 1 1
github.com/MikeAustin71/errprefops/errpref/errprefixdto.go:1254.36,1256.26 1 1
github.com/MikeAustin71/errprefops/errpref/errprefixdto.go:1260.2,1287.24 12 1
github.com/MikeAustin71/errprefops/errpref/errprefixdto.go:1256.26,1258.3 1 1
github.com/MikeAustin71/errprefops/errpref/errprefixdto.go:1338.32,1340.26 1 1
github.com/MikeAustin71/errprefops/errpref/errprefixdto.go:1344.2,1367.55 10 1
github.com/MikeAustin71/errprefops/errpref/errprefixdto.go:1340.26,1342.3 1 1
github.com/MikeAustin71/errprefops/errpref/errprefixdto.go:1401.36,1403.26 1 1
github.com/MikeAustin71/errprefops/errpref/errprefixdto.go:1407.2,1428.29 11 1
github.com/MikeAustin71/errprefops/errpref/errprefixdto.go:1432.2,1434.24 2 1
github.com/MikeAustin71/errprefops/errpref/errprefixdto.go:1403.26,1405.3 1 1
github.com/MikeAustin71/errprefops/errpref/errprefixdto.go:1428.29,1430.3 1 0
github.com/MikeAustin71/errprefops/errpref/errprefixdto.go:1517.9,1519.26 1 1
github.com/MikeAustin71/errprefops/errpref/errprefixdto.go:1523.2,1549.16 11 1
github.com/MikeAustin71/errprefops/errpref/errprefixdto.go:1553.2,1553.27 1 1
github.com/MikeAustin71/errprefops/errpref/errprefixdto.go:1565.2,1565.29 1 1
github.com/MikeAustin71/errprefops/errpref/errprefixdto.go:1519.26,1521.3 1 1
github.com/MikeAustin71/errprefops/errpref/errprefixdto.go:1549.16,1551.3 1 0
github.com/MikeAustin71/errprefops/errpref/errprefixdto.go:1553.27,1563.3 2 0
github.com/MikeAustin71/errprefops/errpref/errprefixdto.go:1687.9,1689.26 1 1
github.com/MikeAustin71/errprefops/errpref/errprefixdto.go:1693.2,1719.16 11 1
github.com/MikeAustin71/errprefops/errpref/errprefixdto.go:1723.2,1723.27 1 1
github.com/MikeAustin71/errprefops/errpref/errprefixdto.go:1735.2,1735.29 1 1
github.com/MikeAustin71/errprefops/errpref/errprefixdto.go:1689.26,1691.3 1 1
github.com/MikeAustin71/errprefops/errpref/errprefixdto.go:1719.16,1721.3 1 1
github.com/MikeAustin71/errprefops/errpref/errprefixdto.go:1723.27,1733.3 2 1
github.com/MikeAustin71/errprefops/errpref/errprefixdto.go:1758.50,1760.26 1 1
github.com/MikeAustin71/errprefops/errpref/errprefixdto.go:1764.2,1781.24 9 1
github.com/MikeAustin71/errprefops/errpref/errprefixdto.go:1760.26,1762.3 1 1
github.com/MikeAustin71/errprefops/errpref/errprefixdto.go:1830.24,1832.26 1 1
github.com/MikeAustin71/errprefops/errpref/errprefixdto.go:1836.2,1844.33 5 1
github.com/MikeAustin71/errprefops/errpref/errprefixdto.go:1848.2,1848.29 1 1
github.com/MikeAustin71/errprefops/errpref/errprefixdto.go:1856.2,1859.22 1 1
github.com/MikeAustin71/errprefops/errpref/errprefixdto.go:1832.26,1834.3 1 0
github.com/MikeAustin71/errprefops/errpref/errprefixdto.go:1844.33,1846.3 1 1
github.com/MikeAustin71/errprefops/errpref/errprefixdto.go:1848.29,1854.3 2 1
github.com/MikeAustin71/errprefops/errpref/errprefixdto.go:1879.45,1881.26 1 1
github.com/MikeAustin71/errprefops/errpref/errprefixdto.go:1885.2,1891.24 4 1
github.com/MikeAustin71/errprefops/errpref/errprefixdto.go:1895.2,1899.8 2 1
github.com/MikeAustin71/errprefops/errpref/errprefixdto.go:1881.26,1883.3 1 0
github.com/MikeAustin71/errprefops/errpref/errprefixdto.go:1891.24,1893.3 1 0
github.com/MikeAustin71/errprefops/errpref/errprefixdto.go:1939.23,1941.26 1 1
github.com/MikeAustin71/errprefops/errpref/errprefixdto.go:1945.2,1957.8 5 1
github.com/MikeAustin71/errprefops/errpref/errprefixdto.go:1941.26,1943.3 1 1
github.com/MikeAustin71/errprefops/errpref/errprefixdto.go:1984.40,1986.26 1 1
github.com/MikeAustin71/errprefops/errpref/errprefixdto.go:1990.2,2000.25 5 1
github.com/MikeAustin71/errprefops/errpref/errprefixdto.go:2004.2,2004.45 1 1
github.com/MikeAustin71/errprefops/errpref/errprefixdto.go:1986.26,1988.3 1 0
github.com/MikeAustin71/errprefops/errpref/errprefixdto.go:2000.25,2002.3 1 0
github.com/MikeAustin71/errprefops/errpref/errprefixdto.go:2051.24,2053.26 1 1
github.com/MikeAustin71/errprefops/errpref/errprefixdto.go:2057.2,2069.8 5 1
github.com/MikeAustin71/errprefops/errpref/errprefixdto.go:2053.26,2055.3 1 0
github.com/MikeAustin71/errprefops/errpref/errprefixdto.go:2124.23,2126.26 1 1
github.com/MikeAustin71/errprefops/errpref/errprefixdto.go:2130.2,2153.8 9 1
github.com/MikeAustin71/errprefops/errpref/errprefixdto.go:2126.26,2128.3 1 1
github.com/MikeAustin71/errprefops/errpref/errprefixdto.go:2180.28,2182.26 1 1
github.com/MikeAustin71/errprefops/errpref/errprefixdto.go:2186.2,2190.28 3 1
github.com/MikeAustin71/errprefops/errpref/errprefixdto.go:2194.2,2201.6 2 1
github.com/MikeAustin71/errprefops/errpref/errprefixdto.go:2182.26,2184.3 1 0
github.com/MikeAustin71/errprefops/errpref/errprefixdto.go:2190.28,2192.3 1 0
github.com/MikeAustin71/errprefops/errpref/errprefixdto.go:2251.34,2253.26 1 1
github.com/MikeAustin71/errprefops/errpref/errprefixdto.go:2257.2,2268.22 4 1
github.com/MikeAustin71/errprefops/errpref/errprefixdto.go:2253.26,2255.3 1 0
github.com/MikeAustin71/errprefops/errpref/errprefixdto.go:2367.34,2369.26 1 1
github.com/MikeAustin71/errprefops/errpref/errprefixdto.go:2373.2,2386.12 5 1
github.com/MikeAustin71/errprefops/errpref/errprefixdto.go:2369.26,2371.3 1 1
github.com/MikeAustin71/errprefops/errpref/errprefixdto.go:2415.24,2417.26 1 1
github.com/MikeAustin71/errprefops/errpref/errprefixdto.go:2421.2,2431.16 5 1
github.com/MikeAustin71/errprefops/errpref/errprefixdto.go:2435.2,2441.12 2 1
github.com/MikeAustin71/errprefops/errpref/errprefixdto.go:2417.26,2419.3 1 0
github.com/MikeAustin71/errprefops/errpref/errprefixdto.go:2431.16,2433.3 1 0
github.com/MikeAustin71/errprefops/errpref/errprefixdto.go:2477.40,2479.26 1 1
github.com/MikeAustin71/errprefops/errpref/errprefixdto.go:2483.2,2488.34 3 1
github.com/MikeAustin71/errprefops/errpref/errprefixdto.go:2479.26,2481.3 1 0
github.com/MikeAustin71/errprefops/errpref/errprefixdto.go:2552.28,2554.26 1 1
github.com/MikeAustin71/errprefops/errpref/errprefixdto.go:2558.2,2562.47 3 1
github.com/MikeAustin71/errprefops/errpref/errprefixdto.go:2554.26,2556.3 1 0
github.com/MikeAustin71/errprefops/errpref/errprefixdto.go:2626.24,2628.26 1 1
github.com/MikeAustin71/errprefops/errpref/errprefixdto.go:2632.2,2636.26 3 1
github.com/MikeAustin71/errprefops/errpref/errprefixdto.go:2640.2,2640.46 1 1
github.com/MikeAustin71/errprefops/errpref/errprefixdto.go:2628.26,2630.3 1 0
github.com/MikeAustin71/errprefops/errpref/errprefixdto.go:2636.26,2638.3 1 0
github.com/MikeAustin71/errprefops/errpref/errprefixdto.go:2679.34,2681.26 1 1
github.com/MikeAustin71/errprefops/errpref/errprefixdto.go:2685.2,2689.37 3 1
github.com/MikeAustin71/errprefops/errpref/errprefixdto.go:2697.2,2698.35 1 1
github.com/MikeAustin71/errprefops/errpref/errprefixdto.go:2681.26,2683.3 1 1
github.com/MikeAustin71/errprefops/errpref/errprefixdto.go:2689.37,2695.3 2 0
github.com/MikeAustin71/errprefops/errpref/errprefixdto.go:2708.60,2710.26 1 1
github.com/MikeAustin71/errprefops/errpref/errprefixdto.go:2714.2,2719.59 3 1
github.com/MikeAustin71/errprefops/errpref/errprefixdto.go:2710.26,2712.3 1 0
github.com/MikeAustin71/errprefops/errpref/errprefixdto.go:2749.24,2751.26 1 1
github.com/MikeAustin71/errprefops/errpref/errprefixdto.go:2755.2,2764.16 5 1
github.com/MikeAustin71/errprefops/errpref/errprefixdto.go:2768.2,2774.12 2 1
github.com/MikeAustin71/errprefops/errpref/errprefixdto.go:2751.26,2753.3 1 0
github.com/MikeAustin71/errprefops/errpref/errprefixdto.go:2764.16,2766.3 1 0
github.com/MikeAustin71/errprefops/errpref/errprefixdto.go:2796.27,2798.26 1 1
github.com/MikeAustin71/errprefops/errpref/errprefixdto.go:2802.2,2807.21 3 1
github.com/MikeAustin71/errprefops/errpref/errprefixdto.go:2798.26,2800.3 1 0
github.com/MikeAustin71/errprefops/errpref/errprefixdto.go:2852.46,2854.26 1 1
github.com/MikeAustin71/errprefops/errpref/errprefixdto.go:2858.2,2863.31 3 1
github.com/MikeAustin71/errprefops/errpref/errprefixdto.go:2867.2,2879.35 4 1
github.com/MikeAustin71/errprefops/errpref/errprefixdto.go:2899.2,2899.18 1 1
github.com/MikeAustin71/errprefops/errpref/errprefixdto.go:2854.26,2856.3 1 0
github.com/MikeAustin71/errprefops/errpref/errprefixdto.go:2863.31,2865.3 1 1
github.com/MikeAustin71/errprefops/errpref/errprefixdto.go:2879.35,2882.34 2 1
github.com/MikeAustin71/errprefops/errpref/errprefixdto.go:2886.3,2895.32 4 1
github.com/MikeAustin71/errprefops/errpref/errprefixdto.go:2882.34,2884.4 1 1
github.com/MikeAustin71/errprefops/errpref/errprefixdto.go:2942.25,2944.26 1 1
[...]
github.com/MikeAustin71/errprefops/errpref/errprefixdto.go:3386.8,3386.36 1 1
github.com/MikeAustin71/errprefops/errpref/errprefixdto.go:3386.36,3391.3 1 0
github.com/MikeAustin71/errprefops/errpref/errprefixdto.go:3391.8,3398.3 1 1
github.com/MikeAustin71/errprefops/errpref/errprefixdto.go:3434.56,3436.26 1 1
github.com/MikeAustin71/errprefops/errpref/errprefixdto.go:3440.2,3444.32 3 1
github.com/MikeAustin71/errprefops/errpref/errprefixdto.go:3452.2,3458.24 2 1
github.com/MikeAustin71/errprefops/errpref/errprefixdto.go:3436.26,3438.3 1 0
github.com/MikeAustin71/errprefops/errpref/errprefixdto.go:3444.32,3450.3 1 1
github.com/MikeAustin71/errprefops/errpref/errprefixdto.go:3509.36,3511.26 1 1
github.com/MikeAustin71/errprefops/errpref/errprefixdto.go:3515.2,3533.24 6 1
github.com/MikeAustin71/errprefops/errpref/errprefixdto.go:3511.26,3513.3 1 0
github.com/MikeAustin71/errprefops/errpref/errprefixdto.go:3593.37,3595.26 1 1
github.com/MikeAustin71/errprefops/errpref/errprefixdto.go:3599.2,3617.24 6 1
github.com/MikeAustin71/errprefops/errpref/errprefixdto.go:3595.26,3597.3 1 0
github.com/MikeAustin71/errprefops/errpref/errprefixdto.go:3684.36,3686.26 1 1
github.com/MikeAustin71/errprefops/errpref/errprefixdto.go:3690.2,3718.24 10 1
github.com/MikeAustin71/errprefops/errpref/errprefixdto.go:3686.26,3688.3 1 0
github.com/MikeAustin71/errprefops/errpref/errprefixdtoelectron.go:14.74,16.34 1 1
github.com/MikeAustin71/errprefops/errpref/errprefixdtoelectron.go:20.2,26.3 3 1
github.com/MikeAustin71/errprefops/errpref/errprefixdtoelectron.go:16.34,18.3 1 1
github.com/MikeAustin71/errprefops/errpref/errprefixdtoelectron.go:35.27,37.34 1 1
github.com/MikeAustin71/errprefops/errpref/errprefixdtoelectron.go:41.2,48.23 4 1
github.com/MikeAustin71/errprefops/errpref/errprefixdtoelectron.go:55.2,71.14 8 1
github.com/MikeAustin71/errprefops/errpref/errprefixdtoelectron.go:37.34,39.3 1 0
github.com/MikeAustin71/errprefops/errpref/errprefixdtoelectron.go:48.23,53.3 1 0
github.com/MikeAustin71/errprefops/errpref/errpreflinelengthcalc.go:32.83,34.36 1 1
github.com/MikeAustin71/errprefops/errpref/errpreflinelengthcalc.go:38.2,43.41 3 1
github.com/MikeAustin71/errprefops/errpref/errpreflinelengthcalc.go:47.2,47.14 1 1
github.com/MikeAustin71/errprefops/errpref/errpreflinelengthcalc.go:34.36,36.3 1 0
github.com/MikeAustin71/errprefops/errpref/errpreflinelengthcalc.go:43.41,45.3 1 0
github.com/MikeAustin71/errprefops/errpref/errpreflinelengthcalc.go:93.24,95.36 1 1
github.com/MikeAustin71/errprefops/errpref/errpreflinelengthcalc.go:99.2,110.11 5 1
github.com/MikeAustin71/errprefops/errpref/errpreflinelengthcalc.go:95.36,97.3 1 1
github.com/MikeAustin71/errprefops/errpref/errpreflinelengthcalc.go:153.9,155.36 1 1
github.com/MikeAustin71/errprefops/errpref/errpreflinelengthcalc.go:159.2,169.11 5 1
github.com/MikeAustin71/errprefops/errpref/errpreflinelengthcalc.go:155.36,157.3 1 0
github.com/MikeAustin71/errprefops/errpref/errpreflinelengthcalc.go:179.55,181.36 1 1
github.com/MikeAustin71/errprefops/errpref/errpreflinelengthcalc.go:185.2,192.43 6 1
github.com/MikeAustin71/errprefops/errpref/errpreflinelengthcalc.go:181.36,183.3 1 0
github.com/MikeAustin71/errprefops/errpref/errpreflinelengthcalc.go:224.43,226.36 1 1
github.com/MikeAustin71/errprefops/errpref/errpreflinelengthcalc.go:230.2,240.17 4 1
github.com/MikeAustin71/errprefops/errpref/errpreflinelengthcalc.go:226.36,228.3 1 1
github.com/MikeAustin71/errprefops/errpref/errpreflinelengthcalc.go:252.94,254.36 1 1
github.com/MikeAustin71/errprefops/errpref/errpreflinelengthcalc.go:258.2,271.57 6 1
github.com/MikeAustin71/errprefops/errpref/errpreflinelengthcalc.go:275.2,279.37 2 1
github.com/MikeAustin71/errprefops/errpref/errpreflinelengthcalc.go:283.2,283.14 1 1
github.com/MikeAustin71/errprefops/errpref/errpreflinelengthcalc.go:254.36,256.3 1 0
github.com/MikeAustin71/errprefops/errpref/errpreflinelengthcalc.go:271.57,273.3 1 0
github.com/MikeAustin71/errprefops/errpref/errpreflinelengthcalc.go:279.37,281.3 1 1
github.com/MikeAustin71/errprefops/errpref/errpreflinelengthcalc.go:297.93,299.36 1 1
github.com/MikeAustin71/errprefops/errpref/errpreflinelengthcalc.go:303.2,313.68 5 1
github.com/MikeAustin71/errprefops/errpref/errpreflinelengthcalc.go:322.2,325.57 2 1
github.com/MikeAustin71/errprefops/errpref/errpreflinelengthcalc.go:329.2,333.45 2 1
github.com/MikeAustin71/errprefops/errpref/errpreflinelengthcalc.go:337.2,337.14 1 1
github.com/MikeAustin71/errprefops/errpref/errpreflinelengthcalc.go:299.36,301.3 1 0
github.com/MikeAustin71/errprefops/errpref/errpreflinelengthcalc.go:313.68,320.3 1 1
github.com/MikeAustin71/errprefops/errpref/errpreflinelengthcalc.go:325.57,327.3 1 0
github.com/MikeAustin71/errprefops/errpref/errpreflinelengthcalc.go:333.45,335.3 1 1
github.com/MikeAustin71/errprefops/errpref/errpreflinelengthcalc.go:346.74,348.36 1 1
github.com/MikeAustin71/errprefops/errpref/errpreflinelengthcalc.go:352.2,356.47 3 1
github.com/MikeAustin71/errprefops/errpref/errpreflinelengthcalc.go:360.2,362.30 1 1
github.com/MikeAustin71/errprefops/errpref/errpreflinelengthcalc.go:348.36,350.3 1 0
github.com/MikeAustin71/errprefops/errpref/errpreflinelengthcalc.go:356.47,358.3 1 0
github.com/MikeAustin71/errprefops/errpref/errpreflinelengthcalc.go:371.74,373.36 1 1
github.com/MikeAustin71/errprefops/errpref/errpreflinelengthcalc.go:377.2,381.47 3 1
github.com/MikeAustin71/errprefops/errpref/errpreflinelengthcalc.go:385.2,386.49 1 1
github.com/MikeAustin71/errprefops/errpref/errpreflinelengthcalc.go:390.2,390.14 1 1
github.com/MikeAustin71/errprefops/errpref/errpreflinelengthcalc.go:373.36,375.3 1 0
github.com/MikeAustin71/errprefops/errpref/errpreflinelengthcalc.go:381.47,383.3 1 0
github.com/MikeAustin71/errprefops/errpref/errpreflinelengthcalc.go:386.49,388.3 1 0
github.com/MikeAustin71/errprefops/errpref/errpreflinelengthcalc.go:399.73,401.36 1 1
github.com/MikeAustin71/errprefops/errpref/errpreflinelengthcalc.go:405.2,409.47 3 1
github.com/MikeAustin71/errprefops/errpref/errpreflinelengthcalc.go:413.2,414.48 1 1
github.com/MikeAustin71/errprefops/errpref/errpreflinelengthcalc.go:418.2,418.14 1 1
github.com/MikeAustin71/errprefops/errpref/errpreflinelengthcalc.go:401.36,403.3 1 0
github.com/MikeAustin71/errprefops/errpref/errpreflinelengthcalc.go:409.47,411.3 1 0
github.com/MikeAustin71/errprefops/errpref/errpreflinelengthcalc.go:414.48,416.3 1 0
github.com/MikeAustin71/errprefops/errpref/errpreflinelengthcalc.go:423.75,425.36 1 1
github.com/MikeAustin71/errprefops/errpref/errpreflinelengthcalc.go:429.2,433.47 3 1
github.com/MikeAustin71/errprefops/errpref/errpreflinelengthcalc.go:437.2,437.62 1 1
github.com/MikeAustin71/errprefops/errpref/errpreflinelengthcalc.go:425.36,427.3 1 0
github.com/MikeAustin71/errprefops/errpref/errpreflinelengthcalc.go:433.47,435.3 1 0
github.com/MikeAustin71/errprefops/errpref/errpreflinelengthcalc.go:447.71,449.36 1 1
github.com/MikeAustin71/errprefops/errpref/errpreflinelengthcalc.go:453.2,457.42 3 1
github.com/MikeAustin71/errprefops/errpref/errpreflinelengthcalc.go:449.36,451.3 1 0
github.com/MikeAustin71/errprefops/errpref/errpreflinelengthcalc.go:474.75,476.36 1 1
github.com/MikeAustin71/errprefops/errpref/errpreflinelengthcalc.go:480.2,489.26 5 1
github.com/MikeAustin71/errprefops/errpref/errpreflinelengthcalc.go:476.36,478.3 1 0
github.com/MikeAustin71/errprefops/errpref/errpreflinelengthcalc.go:495.85,497.36 1 1
github.com/MikeAustin71/errprefops/errpref/errpreflinelengthcalc.go:501.2,507.30 3 1
github.com/MikeAustin71/errprefops/errpref/errpreflinelengthcalc.go:497.36,499.3 1 0
github.com/MikeAustin71/errprefops/errpref/errpreflinelengthcalc.go:513.86,515.36 1 1
github.com/MikeAustin71/errprefops/errpref/errpreflinelengthcalc.go:519.2,525.31 3 1
github.com/MikeAustin71/errprefops/errpref/errpreflinelengthcalc.go:515.36,517.3 1 0
github.com/MikeAustin71/errprefops/errpref/errpreflinelengthcalc.go:531.84,533.36 1 1
github.com/MikeAustin71/errprefops/errpref/errpreflinelengthcalc.go:537.2,543.29 3 1
github.com/MikeAustin71/errprefops/errpref/errpreflinelengthcalc.go:533.36,535.3 1 0
github.com/MikeAustin71/errprefops/errpref/errpreflinelengthcalc.go:549.85,551.36 1 1
github.com/MikeAustin71/errprefops/errpref/errpreflinelengthcalc.go:555.2,561.30 3 1
github.com/MikeAustin71/errprefops/errpref/errpreflinelengthcalc.go:551.36,553.3 1 0
github.com/MikeAustin71/errprefops/errpref/errpreflinelengthcalc.go:566.74,568.36 1 1
github.com/MikeAustin71/errprefops/errpref/errpreflinelengthcalc.go:572.2,576.47 3 1
github.com/MikeAustin71/errprefops/errpref/errpreflinelengthcalc.go:580.2,580.61 1 1
github.com/MikeAustin71/errprefops/errpref/errpreflinelengthcalc.go:568.36,570.3 1 0
github.com/MikeAustin71/errprefops/errpref/errpreflinelengthcalc.go:576.47,578.3 1 0
github.com/MikeAustin71/errprefops/errpref/errpreflinelengthcalc.go:590.76,592.36 1 1
github.com/MikeAustin71/errprefops/errpref/errpreflinelengthcalc.go:596.2,600.46 3 1
github.com/MikeAustin71/errprefops/errpref/errpreflinelengthcalc.go:592.36,594.3 1 0
github.com/MikeAustin71/errprefops/errpref/errpreflinelengthcalc.go:612.77,614.36 1 1
github.com/MikeAustin71/errprefops/errpref/errpreflinelengthcalc.go:618.2,631.41 5 1
github.com/MikeAustin71/errprefops/errpref/errpreflinelengthcalc.go:643.2,643.28 1 1
github.com/MikeAustin71/errprefops/errpref/errpreflinelengthcalc.go:614.36,616.3 1 0
github.com/MikeAustin71/errprefops/errpref/errpreflinelengthcalc.go:631.41,635.3 1 0
github.com/MikeAustin71/errprefops/errpref/errpreflinelengthcalc.go:635.8,641.3 1 1
github.com/MikeAustin71/errprefops/errpref/errpreflinelengthcalc.go:654.75,656.36 1 1
github.com/MikeAustin71/errprefops/errpref/errpreflinelengthcalc.go:660.2,664.47 3 1
github.com/MikeAustin71/errprefops/errpref/errpreflinelengthcalc.go:668.2,668.60 1 1
github.com/MikeAustin71/errprefops/errpref/errpreflinelengthcalc.go:656.36,658.3 1 0
github.com/MikeAustin71/errprefops/errpref/errpreflinelengthcalc.go:664.47,666.3 1 0
github.com/MikeAustin71/errprefops/errpref/errpreflinelengthcalc.go:704.70,706.36 1 1
github.com/MikeAustin71/errprefops/errpref/errpreflinelengthcalc.go:710.2,720.16 4 1
github.com/MikeAustin71/errprefops/errpref/errpreflinelengthcalc.go:706.36,708.3 1 0
github.com/MikeAustin71/errprefops/errpref/errpreflinelengthcalc.go:759.24,761.36 1 1
github.com/MikeAustin71/errprefops/errpref/errpreflinelengthcalc.go:765.2,778.12 5 1
github.com/MikeAustin71/errprefops/errpref/errpreflinelengthcalc.go:761.36,763.3 1 0
github.com/MikeAustin71/errprefops/errpref/errpreflinelengthcalc.go:783.71,785.36 1 1
github.com/MikeAustin71/errprefops/errpref/errpreflinelengthcalc.go:789.2,795.30 4 1
github.com/MikeAustin71/errprefops/errpref/errpreflinelengthcalc.go:785.36,787.3 1 1
github.com/MikeAustin71/errprefops/errpref/errpreflinelengthcalc.go:801.72,803.36 1 1
github.com/MikeAustin71/errprefops/errpref/errpreflinelengthcalc.go:807.2,813.31 4 1
github.com/MikeAustin71/errprefops/errpref/errpreflinelengthcalc.go:803.36,805.3 1 1
github.com/MikeAustin71/errprefops/errpref/errpreflinelengthcalc.go:828.25,830.36 1 1
github.com/MikeAustin71/errprefops/errpref/errpreflinelengthcalc.go:834.2,840.8 4 1
github.com/MikeAustin71/errprefops/errpref/errpreflinelengthcalc.go:830.36,832.3 1 0
github.com/MikeAustin71/errprefops/errpref/errpreflinelengthcalc.go:894.24,896.36 1 1
github.com/MikeAustin71/errprefops/errpref/errpreflinelengthcalc.go:900.2,908.16 5 1
github.com/MikeAustin71/errprefops/errpref/errpreflinelengthcalc.go:917.2,920.24 1 1
github.com/MikeAustin71/errprefops/errpref/errpreflinelengthcalc.go:896.36,898.3 1 1
github.com/MikeAustin71/errprefops/errpref/errpreflinelengthcalc.go:908.16,915.3 1 0
github.com/MikeAustin71/errprefops/errpref/errpreflinelengthcalc.go:972.24,974.36 1 1
github.com/MikeAustin71/errprefops/errpref/errpreflinelengthcalc.go:978.2,984.26 4 1
github.com/MikeAustin71/errprefops/errpref/errpreflinelengthcalc.go:991.2,993.16 2 1
github.com/MikeAustin71/errprefops/errpref/errpreflinelengthcalc.go:1002.2,1004.12 2 1
github.com/MikeAustin71/errprefops/errpref/errpreflinelengthcalc.go:974.36,976.3 1 1
github.com/MikeAustin71/errprefops/errpref/errpreflinelengthcalc.go:984.26,989.3 1 0
github.com/MikeAustin71/errprefops/errpref/errpreflinelengthcalc.go:993.16,1000.3 1 0
github.com/MikeAustin71/errprefops/errpref/errpreflinelengthcalc.go:1016.27,1018.36 1 1
github.com/MikeAustin71/errprefops/errpref/errpreflinelengthcalc.go:1022.2,1026.60 3 1
github.com/MikeAustin71/errprefops/errpref/errpreflinelengthcalc.go:1018.36,1020.3 1 0
github.com/MikeAustin71/errprefops/errpref/errpreflinelengthcalcquark.go:15.85,17.39 1 1
github.com/MikeAustin71/errprefops/errpref/errpreflinelengthcalcquark.go:21.2,27.3 3 1
github.com/MikeAustin71/errprefops/errpref/errpreflinelengthcalcquark.go:17.39,19.3 1 1
github.com/MikeAustin71/errprefops/errpref/errpreflinelengthcalcquark.go:77.13,79.39 1 1
github.com/MikeAustin71/errprefops/errpref/errpreflinelengthcalcquark.go:83.2,90.29 5 1
github.com/MikeAustin71/errprefops/errpref/errpreflinelengthcalcquark.go:99.2,103.16 2 1
github.com/MikeAustin71/errprefops/errpref/errpreflinelengthcalcquark.go:107.2,107.45 1 1
github.com/MikeAustin71/errprefops/errpref/errpreflinelengthcalcquark.go:116.2,120.16 2 1
github.com/MikeAustin71/errprefops/errpref/errpreflinelengthcalcquark.go:124.2,124.46 1 1
github.com/MikeAustin71/errprefops/errpref/errpreflinelengthcalcquark.go:134.2,136.21 2 1
github.com/MikeAustin71/errprefops/errpref/errpreflinelengthcalcquark.go:79.39,81.3 1 0
github.com/MikeAustin71/errprefops/errpref/errpreflinelengthcalcquark.go:90.29,97.3 2 0
github.com/MikeAustin71/errprefops/errpref/errpreflinelengthcalcquark.go:103.16,105.3 1 0
github.com/MikeAustin71/errprefops/errpref/errpreflinelengthcalcquark.go:107.45,114.3 2 0
github.com/MikeAustin71/errprefops/errpref/errpreflinelengthcalcquark.go:120.16,122.3 1 0
github.com/MikeAustin71/errprefops/errpref/errpreflinelengthcalcquark.go:124.46,132.3 2 0
github.com/MikeAustin71/errprefops/errpref/eprefmechanics.go:79.41,81.27 1 1
github.com/MikeAustin71/errprefops/errpref/eprefmechanics.go:85.2,89.29 3 1
github.com/MikeAustin71/errprefops/errpref/eprefmechanics.go:94.2,115.31 9 1
github.com/MikeAustin71/errprefops/errpref/eprefmechanics.go:132.2,132.36 1 1
github.com/MikeAustin71/errprefops/errpref/eprefmechanics.go:139.2,139.32 1 1
github.com/MikeAustin71/errprefops/errpref/eprefmechanics.go:143.2,147.20 1 1
github.com/MikeAustin71/errprefops/errpref/eprefmechanics.go:81.27,83.3 1 1
github.com/MikeAustin71/errprefops/errpref/eprefmechanics.go:89.29,92.3 1 0
github.com/MikeAustin71/errprefops/errpref/eprefmechanics.go:115.31,125.28 3 1
github.com/MikeAustin71/errprefops/errpref/eprefmechanics.go:125.28,129.4 1 1
github.com/MikeAustin71/errprefops/errpref/eprefmechanics.go:132.36,137.3 2 1
github.com/MikeAustin71/errprefops/errpref/eprefmechanics.go:139.32,141.3 1 0
github.com/MikeAustin71/errprefops/errpref/eprefmechanics.go:197.27,199.27 1 1
github.com/MikeAustin71/errprefops/errpref/eprefmechanics.go:203.2,207.29 3 1
github.com/MikeAustin71/errprefops/errpref/eprefmechanics.go:211.2,224.30 6 1
github.com/MikeAustin71/errprefops/errpref/eprefmechanics.go:229.2,237.21 2 1
github.com/MikeAustin71/errprefops/errpref/eprefmechanics.go:199.27,201.3 1 1
github.com/MikeAustin71/errprefops/errpref/eprefmechanics.go:207.29,209.3 1 0
github.com/MikeAustin71/errprefops/errpref/eprefmechanics.go:224.30,227.3 1 0
github.com/MikeAustin71/errprefops/errpref/eprefmechanics.go:290.41,292.27 1 1
github.com/MikeAustin71/errprefops/errpref/eprefmechanics.go:296.2,303.35 4 1
github.com/MikeAustin71/errprefops/errpref/eprefmechanics.go:307.2,316.21 3 1
github.com/MikeAustin71/errprefops/errpref/eprefmechanics.go:292.27,294.3 1 1
github.com/MikeAustin71/errprefops/errpref/eprefmechanics.go:303.35,305.3 1 0
github.com/MikeAustin71/errprefops/errpref/eprefmechanics.go:322.59,324.27 1 1
github.com/MikeAustin71/errprefops/errpref/eprefmechanics.go:328.2,332.28 3 1
github.com/MikeAustin71/errprefops/errpref/eprefmechanics.go:324.27,326.3 1 1
github.com/MikeAustin71/errprefops/errpref/eprefmechanics.go:362.41,364.27 1 1
github.com/MikeAustin71/errprefops/errpref/eprefmechanics.go:368.2,372.29 3 1
github.com/MikeAustin71/errprefops/errpref/eprefmechanics.go:377.2,389.32 4 1
github.com/MikeAustin71/errprefops/errpref/eprefmechanics.go:393.2,397.35 2 1
github.com/MikeAustin71/errprefops/errpref/eprefmechanics.go:401.2,410.30 4 1
github.com/MikeAustin71/errprefops/errpref/eprefmechanics.go:414.2,426.20 4 1
github.com/MikeAustin71/errprefops/errpref/eprefmechanics.go:364.27,366.3 1 1
github.com/MikeAustin71/errprefops/errpref/eprefmechanics.go:372.29,375.3 1 0
github.com/MikeAustin71/errprefops/errpref/eprefmechanics.go:389.32,391.3 1 0
github.com/MikeAustin71/errprefops/errpref/eprefmechanics.go:397.35,399.3 1 0
github.com/MikeAustin71/errprefops/errpref/eprefmechanics.go:410.30,412.3 1 0
github.com/MikeAustin71/errprefops/errpref/eprefmolecule.go:53.41,55.31 1 1
github.com/MikeAustin71/errprefops/errpref/eprefmolecule.go:59.2,65.23 4 1
github.com/MikeAustin71/errprefops/errpref/eprefmolecule.go:71.2,71.24 1 1
github.com/MikeAustin71/errprefops/errpref/eprefmolecule.go:77.2,80.16 2 1
github.com/MikeAustin71/errprefops/errpref/eprefmolecule.go:84.2,86.48 2 1
github.com/MikeAustin71/errprefops/errpref/eprefmolecule.go:95.2,95.58 1 1
github.com/MikeAustin71/errprefops/errpref/eprefmolecule.go:137.2,139.44 2 1
github.com/MikeAustin71/errprefops/errpref/eprefmolecule.go:147.2,153.12 5 1
github.com/MikeAustin71/errprefops/errpref/eprefmolecule.go:55.31,57.3 1 1
github.com/MikeAustin71/errprefops/errpref/eprefmolecule.go:65.23,69.3 1 0
github.com/MikeAustin71/errprefops/errpref/eprefmolecule.go:71.24,75.3 1 0
github.com/MikeAustin71/errprefops/errpref/eprefmolecule.go:80.16,82.3 1 0
github.com/MikeAustin71/errprefops/errpref/eprefmolecule.go:86.48,93.3 1 0
github.com/MikeAustin71/errprefops/errpref/eprefmolecule.go:95.58,97.45 1 1
github.com/MikeAustin71/errprefops/errpref/eprefmolecule.go:105.3,105.59 1 1
github.com/MikeAustin71/errprefops/errpref/eprefmolecule.go:97.45,103.4 1 1
github.com/MikeAustin71/errprefops/errpref/eprefmolecule.go:105.59,107.28 1 1
github.com/MikeAustin71/errprefops/errpref/eprefmolecule.go:112.4,126.14 4 1
github.com/MikeAustin71/errprefops/errpref/eprefmolecule.go:107.28,110.5 1 1
github.com/MikeAustin71/errprefops/errpref/eprefmolecule.go:139.44,145.3 2 1
github.com/MikeAustin71/errprefops/errpref/eprefmolecule.go:196.41,198.31 1 1
github.com/MikeAustin71/errprefops/errpref/eprefmolecule.go:202.2,208.23 4 1
github.com/MikeAustin71/errprefops/errpref/eprefmolecule.go:214.2,214.24 1 1
github.com/MikeAustin71/errprefops/errpref/eprefmolecule.go:220.2,223.16 2 1
github.com/MikeAustin71/errprefops/errpref/eprefmolecule.go:227.2,229.48 2 1
github.com/MikeAustin71/errprefops/errpref/eprefmolecule.go:238.2,238.59 1 1
github.com/MikeAustin71/errprefops/errpref/eprefmolecule.go:263.2,265.44 2 1
github.com/MikeAustin71/errprefops/errpref/eprefmolecule.go:273.2,277.12 3 1
github.com/MikeAustin71/errprefops/errpref/eprefmolecule.go:198.31,200.3 1 1
github.com/MikeAustin71/errprefops/errpref/eprefmolecule.go:208.23,212.3 1 0
github.com/MikeAustin71/errprefops/errpref/eprefmolecule.go:214.24,218.3 1 0
github.com/MikeAustin71/errprefops/errpref/eprefmolecule.go:223.16,225.3 1 0
github.com/MikeAustin71/errprefops/errpref/eprefmolecule.go:229.48,236.3 1 0
github.com/MikeAustin71/errprefops/errpref/eprefmolecule.go:238.59,240.45 1 1
github.com/MikeAustin71/errprefops/errpref/eprefmolecule.go:248.3,248.60 1 1
github.com/MikeAustin71/errprefops/errpref/eprefmolecule.go:240.45,246.4 1 1
github.com/MikeAustin71/errprefops/errpref/eprefmolecule.go:248.60,250.28 1 0
github.com/MikeAustin71/errprefops/errpref/eprefmolecule.go:255.4,258.14 2 0
github.com/MikeAustin71/errprefops/errpref/eprefmolecule.go:250.28,253.5 1 0
github.com/MikeAustin71/errprefops/errpref/eprefmolecule.go:265.44,271.3 2 1
