mode: set
github.com/MikeAustin71/errprefops/errpref/errprefatom.go:16.27,18.27 1 1
github.com/MikeAustin71/errprefops/errpref/errprefatom.go:22.2,30.25 4 1
github.com/MikeAustin71/errprefops/errpref/errprefatom.go:37.2,37.25 1 1
github.com/MikeAustin71/errprefops/errpref/errprefatom.go:41.2,43.24 2 1
github.com/MikeAustin71/errprefops/errpref/errprefatom.go:47.2,49.37 2 1
github.com/MikeAustin71/errprefops/errpref/errprefatom.go:68.2,71.12 2 1
github.com/MikeAustin71/errprefops/errpref/errprefatom.go:18.27,20.3 1 1
github.com/MikeAustin71/errprefops/errpref/errprefatom.go:30.25,35.3 1 0
github.com/MikeAustin71/errprefops/errpref/errprefatom.go:37.25,39.3 1 0
github.com/MikeAustin71/errprefops/errpref/errprefatom.go:43.24,45.3 1 0
github.com/MikeAustin71/errprefops/errpref/errprefatom.go:49.37,66.3 2 1
github.com/MikeAustin71/errprefops/errpref/errprefatom.go:84.36,86.27 1 1
github.com/MikeAustin71/errprefops/errpref/errprefatom.go:90.2,95.24 3 1
github.com/MikeAustin71/errprefops/errpref/errprefatom.go:99.2,99.31 1 1
github.com/MikeAustin71/errprefops/errpref/errprefatom.go:103.2,103.31 1 1
github.com/MikeAustin71/errprefops/errpref/errprefatom.go:107.2,108.34 1 1
github.com/MikeAustin71/errprefops/errpref/errprefatom.go:112.2,113.32 1 1
github.com/MikeAustin71/errprefops/errpref/errprefatom.go:117.2,118.49 1 1
github.com/MikeAustin71/errprefops/errpref/errprefatom.go:122.2,123.44 1 1
github.com/MikeAustin71/errprefops/errpref/errprefatom.go:127.2,127.35 1 1
github.com/MikeAustin71/errprefops/errpref/errprefatom.go:132.2,132.35 1 1
github.com/MikeAustin71/errprefops/errpref/errprefatom.go:137.2,143.52 3 1
github.com/MikeAustin71/errprefops/errpref/errprefatom.go:147.2,147.32 1 1
github.com/MikeAustin71/errprefops/errpref/errprefatom.go:151.2,151.45 1 1
github.com/MikeAustin71/errprefops/errpref/errprefatom.go:157.2,157.13 1 1
github.com/MikeAustin71/errprefops/errpref/errprefatom.go:86.27,88.3 1 1
github.com/MikeAustin71/errprefops/errpref/errprefatom.go:95.24,97.3 1 0
github.com/MikeAustin71/errprefops/errpref/errprefatom.go:99.31,101.3 1 0
github.com/MikeAustin71/errprefops/errpref/errprefatom.go:103.31,105.3 1 0
github.com/MikeAustin71/errprefops/errpref/errprefatom.go:108.34,110.3 1 0
github.com/MikeAustin71/errprefops/errpref/errprefatom.go:113.32,115.3 1 0
github.com/MikeAustin71/errprefops/errpref/errprefatom.go:118.49,120.3 1 0
github.com/MikeAustin71/errprefops/errpref/errprefatom.go:123.44,125.3 1 1
github.com/MikeAustin71/errprefops/errpref/errprefatom.go:127.35,130.3 1 0
github.com/MikeAustin71/errprefops/errpref/errprefatom.go:132.35,135.3 1 0
github.com/MikeAustin71/errprefops/errpref/errprefatom.go:143.52,145.3 1 1
github.com/MikeAustin71/errprefops/errpref/errprefatom.go:147.32,149.3 1 1
github.com/MikeAustin71/errprefops/errpref/errprefatom.go:151.45,152.67 1 1
github.com/MikeAustin71/errprefops/errpref/errprefatom.go:152.67,154.4 1 0
github.com/MikeAustin71/errprefops/errpref/errprefatom.go:215.21,217.27 1 1
github.com/MikeAustin71/errprefops/errpref/errprefatom.go:221.2,227.31 4 1
github.com/MikeAustin71/errprefops/errpref/errprefatom.go:235.2,235.48 1 1
github.com/MikeAustin71/errprefops/errpref/errprefatom.go:243.2,243.33 1 1
github.com/MikeAustin71/errprefops/errpref/errprefatom.go:250.2,250.50 1 1
github.com/MikeAustin71/errprefops/errpref/errprefatom.go:257.2,260.58 2 1
github.com/MikeAustin71/errprefops/errpref/errprefatom.go:267.2,276.42 4 1
github.com/MikeAustin71/errprefops/errpref/errprefatom.go:281.2,289.30 3 1
github.com/MikeAustin71/errprefops/errpref/errprefatom.go:293.2,297.12 2 1
github.com/MikeAustin71/errprefops/errpref/errprefatom.go:217.27,219.3 1 1
github.com/MikeAustin71/errprefops/errpref/errprefatom.go:227.31,233.3 1 0
github.com/MikeAustin71/errprefops/errpref/errprefatom.go:235.48,241.3 1 0
github.com/MikeAustin71/errprefops/errpref/errprefatom.go:243.33,248.3 1 1
github.com/MikeAustin71/errprefops/errpref/errprefatom.go:250.50,255.3 1 0
github.com/MikeAustin71/errprefops/errpref/errprefatom.go:260.58,265.3 1 0
github.com/MikeAustin71/errprefops/errpref/errprefatom.go:276.42,279.3 2 0
github.com/MikeAustin71/errprefops/errpref/errprefatom.go:289.30,291.3 1 0
github.com/MikeAustin71/errprefops/errpref/errprefatom.go:348.13,350.27 1 1
github.com/MikeAustin71/errprefops/errpref/errprefatom.go:354.2,362.23 5 1
github.com/MikeAustin71/errprefops/errpref/errprefatom.go:372.2,372.28 1 1
github.com/MikeAustin71/errprefops/errpref/errprefatom.go:376.2,381.48 3 1
github.com/MikeAustin71/errprefops/errpref/errprefatom.go:388.2,397.32 4 1
github.com/MikeAustin71/errprefops/errpref/errprefatom.go:404.2,412.30 3 1
github.com/MikeAustin71/errprefops/errpref/errprefatom.go:416.2,420.27 2 1
github.com/MikeAustin71/errprefops/errpref/errprefatom.go:350.27,352.3 1 1
github.com/MikeAustin71/errprefops/errpref/errprefatom.go:362.23,370.3 2 0
github.com/MikeAustin71/errprefops/errpref/errprefatom.go:372.28,374.3 1 0
github.com/MikeAustin71/errprefops/errpref/errprefatom.go:381.48,386.3 1 1
github.com/MikeAustin71/errprefops/errpref/errprefatom.go:397.32,402.3 2 1
github.com/MikeAustin71/errprefops/errpref/errprefatom.go:412.30,414.3 1 1
github.com/MikeAustin71/errprefops/errpref/errprefatom.go:470.39,472.27 1 1
github.com/MikeAustin71/errprefops/errpref/errprefatom.go:476.2,480.30 3 1
github.com/MikeAustin71/errprefops/errpref/errprefatom.go:484.2,484.25 1 1
github.com/MikeAustin71/errprefops/errpref/errprefatom.go:488.2,497.28 5 1
github.com/MikeAustin71/errprefops/errpref/errprefatom.go:501.2,519.22 6 1
github.com/MikeAustin71/errprefops/errpref/errprefatom.go:523.2,532.35 5 1
github.com/MikeAustin71/errprefops/errpref/errprefatom.go:576.2,576.8 1 1
github.com/MikeAustin71/errprefops/errpref/errprefatom.go:472.27,474.3 1 1
github.com/MikeAustin71/errprefops/errpref/errprefatom.go:480.30,482.3 1 1
github.com/MikeAustin71/errprefops/errpref/errprefatom.go:484.25,486.3 1 1
github.com/MikeAustin71/errprefops/errpref/errprefatom.go:497.28,499.3 1 0
github.com/MikeAustin71/errprefops/errpref/errprefatom.go:519.22,521.3 1 0
github.com/MikeAustin71/errprefops/errpref/errprefatom.go:532.35,539.23 3 1
github.com/MikeAustin71/errprefops/errpref/errprefatom.go:539.23,547.18 2 1
github.com/MikeAustin71/errprefops/errpref/errprefatom.go:551.4,551.58 1 1
github.com/MikeAustin71/errprefops/errpref/errprefatom.go:547.18,548.13 1 1
github.com/MikeAustin71/errprefops/errpref/errprefatom.go:553.9,567.18 4 1
github.com/MikeAustin71/errprefops/errpref/errprefatom.go:571.4,571.58 1 1
github.com/MikeAustin71/errprefops/errpref/errprefatom.go:567.18,568.13 1 0
github.com/MikeAustin71/errprefops/errpref/errprefatom.go:583.38,585.27 1 1
github.com/MikeAustin71/errprefops/errpref/errprefatom.go:589.2,593.29 3 1
github.com/MikeAustin71/errprefops/errpref/errprefatom.go:597.2,599.24 2 1
github.com/MikeAustin71/errprefops/errpref/errprefatom.go:603.2,605.37 2 1
github.com/MikeAustin71/errprefops/errpref/errprefatom.go:622.2,622.8 1 1
github.com/MikeAustin71/errprefops/errpref/errprefatom.go:585.27,587.3 1 1
github.com/MikeAustin71/errprefops/errpref/errprefatom.go:593.29,595.3 1 0
github.com/MikeAustin71/errprefops/errpref/errprefatom.go:599.24,601.3 1 1
github.com/MikeAustin71/errprefops/errpref/errprefatom.go:605.37,609.12 2 1
github.com/MikeAustin71/errprefops/errpref/errprefatom.go:610.10,612.45 2 1
github.com/MikeAustin71/errprefops/errpref/errprefatom.go:613.16,615.44 2 1
github.com/MikeAustin71/errprefops/errpref/errprefatom.go:616.11,618.45 2 1
github.com/MikeAustin71/errprefops/errpref/errprefatom.go:628.49,630.27 1 1
github.com/MikeAustin71/errprefops/errpref/errprefatom.go:634.2,638.23 3 1
github.com/MikeAustin71/errprefops/errpref/errprefatom.go:630.27,632.3 1 1
github.com/MikeAustin71/errprefops/errpref/errprefdtomechanics.go:15.72,17.30 1 1
github.com/MikeAustin71/errprefops/errpref/errprefdtomechanics.go:21.2,27.3 3 1
github.com/MikeAustin71/errprefops/errpref/errprefdtomechanics.go:17.30,19.3 1 1
github.com/MikeAustin71/errprefops/errpref/errprefdtomechanics.go:131.29,133.30 1 1
github.com/MikeAustin71/errprefops/errpref/errprefdtomechanics.go:137.2,144.23 4 1
github.com/MikeAustin71/errprefops/errpref/errprefdtomechanics.go:151.2,164.17 7 1
github.com/MikeAustin71/errprefops/errpref/errprefdtomechanics.go:168.2,173.19 2 1
github.com/MikeAustin71/errprefops/errpref/errprefdtomechanics.go:178.2,186.8 4 1
github.com/MikeAustin71/errprefops/errpref/errprefdtomechanics.go:194.2,200.8 3 1
github.com/MikeAustin71/errprefops/errpref/errprefdtomechanics.go:208.2,214.8 3 1
github.com/MikeAustin71/errprefops/errpref/errprefdtomechanics.go:222.2,228.8 3 1
github.com/MikeAustin71/errprefops/errpref/errprefdtomechanics.go:237.2,243.8 3 1
github.com/MikeAustin71/errprefops/errpref/errprefdtomechanics.go:252.2,258.8 3 1
github.com/MikeAustin71/errprefops/errpref/errprefdtomechanics.go:267.2,273.8 3 1
github.com/MikeAustin71/errprefops/errpref/errprefdtomechanics.go:282.2,288.8 3 1
github.com/MikeAustin71/errprefops/errpref/errprefdtomechanics.go:296.2,302.8 3 1
github.com/MikeAustin71/errprefops/errpref/errprefdtomechanics.go:318.2,338.24 3 0
github.com/MikeAustin71/errprefops/errpref/errprefdtomechanics.go:361.2,362.10 1 0
github.com/MikeAustin71/errprefops/errpref/errprefdtomechanics.go:133.30,135.3 1 0
github.com/MikeAustin71/errprefops/errpref/errprefdtomechanics.go:144.23,149.3 1 0
github.com/MikeAustin71/errprefops/errpref/errprefdtomechanics.go:164.17,166.3 1 0
github.com/MikeAustin71/errprefops/errpref/errprefdtomechanics.go:173.19,176.3 1 1
github.com/MikeAustin71/errprefops/errpref/errprefdtomechanics.go:186.8,192.3 1 1
github.com/MikeAustin71/errprefops/errpref/errprefdtomechanics.go:200.8,206.3 1 1
github.com/MikeAustin71/errprefops/errpref/errprefdtomechanics.go:214.8,220.3 1 1
github.com/MikeAustin71/errprefops/errpref/errprefdtomechanics.go:228.8,235.3 1 1
github.com/MikeAustin71/errprefops/errpref/errprefdtomechanics.go:243.8,250.3 1 1
github.com/MikeAustin71/errprefops/errpref/errprefdtomechanics.go:258.8,265.3 1 1
github.com/MikeAustin71/errprefops/errpref/errprefdtomechanics.go:273.8,280.3 1 1
github.com/MikeAustin71/errprefops/errpref/errprefdtomechanics.go:288.8,294.3 1 1
github.com/MikeAustin71/errprefops/errpref/errprefdtomechanics.go:302.8,304.18 1 1
github.com/MikeAustin71/errprefops/errpref/errprefdtomechanics.go:308.3,311.16 1 1
github.com/MikeAustin71/errprefops/errpref/errprefdtomechanics.go:304.18,306.4 1 0
github.com/MikeAustin71/errprefops/errpref/errprefdtomechanics.go:338.24,344.18 2 0
github.com/MikeAustin71/errprefops/errpref/errprefdtomechanics.go:344.18,351.4 1 0
github.com/MikeAustin71/errprefops/errpref/errprefdtomechanics.go:353.8,359.3 1 0
github.com/MikeAustin71/errprefops/errpref/errprefelectron.go:26.19,28.31 1 1
github.com/MikeAustin71/errprefops/errpref/errprefelectron.go:32.2,41.45 6 1
github.com/MikeAustin71/errprefops/errpref/errprefelectron.go:45.2,54.25 3 1
github.com/MikeAustin71/errprefops/errpref/errprefelectron.go:62.2,62.45 1 1
github.com/MikeAustin71/errprefops/errpref/errprefelectron.go:66.2,68.30 3 1
github.com/MikeAustin71/errprefops/errpref/errprefelectron.go:28.31,30.3 1 1
github.com/MikeAustin71/errprefops/errpref/errprefelectron.go:41.45,43.3 1 1
github.com/MikeAustin71/errprefops/errpref/errprefelectron.go:54.25,55.38 1 1
github.com/MikeAustin71/errprefops/errpref/errprefelectron.go:55.38,59.4 1 1
github.com/MikeAustin71/errprefops/errpref/errprefelectron.go:62.45,64.3 1 0
github.com/MikeAustin71/errprefops/errpref/errprefelectron.go:85.19,87.31 1 1
github.com/MikeAustin71/errprefops/errpref/errprefelectron.go:91.2,100.48 6 1
github.com/MikeAustin71/errprefops/errpref/errprefelectron.go:104.2,112.25 3 1
github.com/MikeAustin71/errprefops/errpref/errprefelectron.go:118.2,118.48 1 1
github.com/MikeAustin71/errprefops/errpref/errprefelectron.go:122.2,124.30 3 1
github.com/MikeAustin71/errprefops/errpref/errprefelectron.go:87.31,89.3 1 1
github.com/MikeAustin71/errprefops/errpref/errprefelectron.go:100.48,102.3 1 1
github.com/MikeAustin71/errprefops/errpref/errprefelectron.go:112.25,113.38 1 1
github.com/MikeAustin71/errprefops/errpref/errprefelectron.go:113.38,115.4 1 1
github.com/MikeAustin71/errprefops/errpref/errprefelectron.go:118.48,120.3 1 0
github.com/MikeAustin71/errprefops/errpref/errprefelectron.go:159.34,161.31 1 1
github.com/MikeAustin71/errprefops/errpref/errprefelectron.go:165.2,177.19 7 1
github.com/MikeAustin71/errprefops/errpref/errprefelectron.go:161.31,163.3 1 1
github.com/MikeAustin71/errprefops/errpref/errprefelectron.go:183.61,185.31 1 1
github.com/MikeAustin71/errprefops/errpref/errprefelectron.go:189.2,193.27 3 1
github.com/MikeAustin71/errprefops/errpref/errprefelectron.go:185.31,187.3 1 1
github.com/MikeAustin71/errprefops/errpref/errpreflinelengthcalc.go:32.83,34.36 1 1
github.com/MikeAustin71/errprefops/errpref/errpreflinelengthcalc.go:38.2,43.41 3 1
github.com/MikeAustin71/errprefops/errpref/errpreflinelengthcalc.go:47.2,47.14 1 1
github.com/MikeAustin71/errprefops/errpref/errpreflinelengthcalc.go:34.36,36.3 1 0
github.com/MikeAustin71/errprefops/errpref/errpreflinelengthcalc.go:43.41,45.3 1 0
github.com/MikeAustin71/errprefops/errpref/errpreflinelengthcalc.go:93.24,95.36 1 0
github.com/MikeAustin71/errprefops/errpref/errpreflinelengthcalc.go:99.2,110.11 5 0
github.com/MikeAustin71/errprefops/errpref/errpreflinelengthcalc.go:95.36,97.3 1 0
github.com/MikeAustin71/errprefops/errpref/errpreflinelengthcalc.go:153.9,155.36 1 0
github.com/MikeAustin71/errprefops/errpref/errpreflinelengthcalc.go:159.2,169.11 5 0
github.com/MikeAustin71/errprefops/errpref/errpreflinelengthcalc.go:155.36,157.3 1 0
github.com/MikeAustin71/errprefops/errpref/errpreflinelengthcalc.go:179.55,181.36 1 1
github.com/MikeAustin71/errprefops/errpref/errpreflinelengthcalc.go:185.2,192.43 6 1
github.com/MikeAustin71/errprefops/errpref/errpreflinelengthcalc.go:181.36,183.3 1 0
github.com/MikeAustin71/errprefops/errpref/errpreflinelengthcalc.go:205.94,207.36 1 1
github.com/MikeAustin71/errprefops/errpref/errpreflinelengthcalc.go:211.2,224.57 6 1
github.com/MikeAustin71/errprefops/errpref/errpreflinelengthcalc.go:228.2,232.37 2 1
github.com/MikeAustin71/errprefops/errpref/errpreflinelengthcalc.go:236.2,236.14 1 1
github.com/MikeAustin71/errprefops/errpref/errpreflinelengthcalc.go:207.36,209.3 1 0
github.com/MikeAustin71/errprefops/errpref/errpreflinelengthcalc.go:224.57,226.3 1 0
github.com/MikeAustin71/errprefops/errpref/errpreflinelengthcalc.go:232.37,234.3 1 1
github.com/MikeAustin71/errprefops/errpref/errpreflinelengthcalc.go:250.93,252.36 1 1
github.com/MikeAustin71/errprefops/errpref/errpreflinelengthcalc.go:256.2,266.68 5 1
github.com/MikeAustin71/errprefops/errpref/errpreflinelengthcalc.go:275.2,278.57 2 1
github.com/MikeAustin71/errprefops/errpref/errpreflinelengthcalc.go:282.2,286.45 2 1
github.com/MikeAustin71/errprefops/errpref/errpreflinelengthcalc.go:290.2,290.14 1 1
github.com/MikeAustin71/errprefops/errpref/errpreflinelengthcalc.go:252.36,254.3 1 0
github.com/MikeAustin71/errprefops/errpref/errpreflinelengthcalc.go:266.68,273.3 1 1
github.com/MikeAustin71/errprefops/errpref/errpreflinelengthcalc.go:278.57,280.3 1 0
github.com/MikeAustin71/errprefops/errpref/errpreflinelengthcalc.go:286.45,288.3 1 1
github.com/MikeAustin71/errprefops/errpref/errpreflinelengthcalc.go:299.74,301.36 1 1
github.com/MikeAustin71/errprefops/errpref/errpreflinelengthcalc.go:305.2,309.47 3 1
github.com/MikeAustin71/errprefops/errpref/errpreflinelengthcalc.go:313.2,315.30 1 1
github.com/MikeAustin71/errprefops/errpref/errpreflinelengthcalc.go:301.36,303.3 1 0
github.com/MikeAustin71/errprefops/errpref/errpreflinelengthcalc.go:309.47,311.3 1 0
github.com/MikeAustin71/errprefops/errpref/errpreflinelengthcalc.go:324.74,326.36 1 0
github.com/MikeAustin71/errprefops/errpref/errpreflinelengthcalc.go:330.2,334.47 3 0
github.com/MikeAustin71/errprefops/errpref/errpreflinelengthcalc.go:338.2,339.49 1 0
github.com/MikeAustin71/errprefops/errpref/errpreflinelengthcalc.go:343.2,343.14 1 0
github.com/MikeAustin71/errprefops/errpref/errpreflinelengthcalc.go:326.36,328.3 1 0
github.com/MikeAustin71/errprefops/errpref/errpreflinelengthcalc.go:334.47,336.3 1 0
github.com/MikeAustin71/errprefops/errpref/errpreflinelengthcalc.go:339.49,341.3 1 0
github.com/MikeAustin71/errprefops/errpref/errpreflinelengthcalc.go:352.73,354.36 1 0
github.com/MikeAustin71/errprefops/errpref/errpreflinelengthcalc.go:358.2,362.47 3 0
github.com/MikeAustin71/errprefops/errpref/errpreflinelengthcalc.go:366.2,367.48 1 0
github.com/MikeAustin71/errprefops/errpref/errpreflinelengthcalc.go:371.2,371.14 1 0
github.com/MikeAustin71/errprefops/errpref/errpreflinelengthcalc.go:354.36,356.3 1 0
github.com/MikeAustin71/errprefops/errpref/errpreflinelengthcalc.go:362.47,364.3 1 0
github.com/MikeAustin71/errprefops/errpref/errpreflinelengthcalc.go:367.48,369.3 1 0
github.com/MikeAustin71/errprefops/errpref/errpreflinelengthcalc.go:376.75,378.36 1 1
github.com/MikeAustin71/errprefops/errpref/errpreflinelengthcalc.go:382.2,386.47 3 1
github.com/MikeAustin71/errprefops/errpref/errpreflinelengthcalc.go:390.2,390.62 1 1
github.com/MikeAustin71/errprefops/errpref/errpreflinelengthcalc.go:378.36,380.3 1 0
github.com/MikeAustin71/errprefops/errpref/errpreflinelengthcalc.go:386.47,388.3 1 0
github.com/MikeAustin71/errprefops/errpref/errpreflinelengthcalc.go:400.71,402.36 1 1
github.com/MikeAustin71/errprefops/errpref/errpreflinelengthcalc.go:406.2,410.42 3 1
github.com/MikeAustin71/errprefops/errpref/errpreflinelengthcalc.go:402.36,404.3 1 0
github.com/MikeAustin71/errprefops/errpref/errpreflinelengthcalc.go:427.75,429.36 1 1
github.com/MikeAustin71/errprefops/errpref/errpreflinelengthcalc.go:433.2,442.26 5 1
github.com/MikeAustin71/errprefops/errpref/errpreflinelengthcalc.go:429.36,431.3 1 0
github.com/MikeAustin71/errprefops/errpref/errpreflinelengthcalc.go:448.85,450.36 1 1
github.com/MikeAustin71/errprefops/errpref/errpreflinelengthcalc.go:454.2,460.30 3 1
github.com/MikeAustin71/errprefops/errpref/errpreflinelengthcalc.go:450.36,452.3 1 0
github.com/MikeAustin71/errprefops/errpref/errpreflinelengthcalc.go:466.86,468.36 1 1
github.com/MikeAustin71/errprefops/errpref/errpreflinelengthcalc.go:472.2,478.31 3 1
github.com/MikeAustin71/errprefops/errpref/errpreflinelengthcalc.go:468.36,470.3 1 0
github.com/MikeAustin71/errprefops/errpref/errpreflinelengthcalc.go:484.84,486.36 1 1
github.com/MikeAustin71/errprefops/errpref/errpreflinelengthcalc.go:490.2,496.29 3 1
github.com/MikeAustin71/errprefops/errpref/errpreflinelengthcalc.go:486.36,488.3 1 0
github.com/MikeAustin71/errprefops/errpref/errpreflinelengthcalc.go:502.85,504.36 1 1
github.com/MikeAustin71/errprefops/errpref/errpreflinelengthcalc.go:508.2,514.30 3 1
github.com/MikeAustin71/errprefops/errpref/errpreflinelengthcalc.go:504.36,506.3 1 0
github.com/MikeAustin71/errprefops/errpref/errpreflinelengthcalc.go:519.74,521.36 1 1
github.com/MikeAustin71/errprefops/errpref/errpreflinelengthcalc.go:525.2,529.47 3 1
github.com/MikeAustin71/errprefops/errpref/errpreflinelengthcalc.go:533.2,533.61 1 1
github.com/MikeAustin71/errprefops/errpref/errpreflinelengthcalc.go:521.36,523.3 1 0
github.com/MikeAustin71/errprefops/errpref/errpreflinelengthcalc.go:529.47,531.3 1 0
github.com/MikeAustin71/errprefops/errpref/errpreflinelengthcalc.go:543.76,545.36 1 0
github.com/MikeAustin71/errprefops/errpref/errpreflinelengthcalc.go:549.2,553.46 3 0
github.com/MikeAustin71/errprefops/errpref/errpreflinelengthcalc.go:545.36,547.3 1 0
github.com/MikeAustin71/errprefops/errpref/errpreflinelengthcalc.go:565.77,567.36 1 0
github.com/MikeAustin71/errprefops/errpref/errpreflinelengthcalc.go:571.2,584.41 5 0
github.com/MikeAustin71/errprefops/errpref/errpreflinelengthcalc.go:596.2,596.28 1 0
github.com/MikeAustin71/errprefops/errpref/errpreflinelengthcalc.go:567.36,569.3 1 0
github.com/MikeAustin71/errprefops/errpref/errpreflinelengthcalc.go:584.41,588.3 1 0
github.com/MikeAustin71/errprefops/errpref/errpreflinelengthcalc.go:588.8,594.3 1 0
github.com/MikeAustin71/errprefops/errpref/errpreflinelengthcalc.go:607.75,609.36 1 0
github.com/MikeAustin71/errprefops/errpref/errpreflinelengthcalc.go:613.2,617.47 3 0
github.com/MikeAustin71/errprefops/errpref/errpreflinelengthcalc.go:621.2,621.60 1 0
github.com/MikeAustin71/errprefops/errpref/errpreflinelengthcalc.go:609.36,611.3 1 0
github.com/MikeAustin71/errprefops/errpref/errpreflinelengthcalc.go:617.47,619.3 1 0
github.com/MikeAustin71/errprefops/errpref/errpreflinelengthcalc.go:657.70,659.36 1 1
github.com/MikeAustin71/errprefops/errpref/errpreflinelengthcalc.go:663.2,674.16 5 1
github.com/MikeAustin71/errprefops/errpref/errpreflinelengthcalc.go:659.36,661.3 1 0
github.com/MikeAustin71/errprefops/errpref/errpreflinelengthcalc.go:713.24,715.36 1 1
github.com/MikeAustin71/errprefops/errpref/errpreflinelengthcalc.go:719.2,733.12 6 1
github.com/MikeAustin71/errprefops/errpref/errpreflinelengthcalc.go:715.36,717.3 1 0
github.com/MikeAustin71/errprefops/errpref/errpreflinelengthcalc.go:738.71,740.36 1 0
github.com/MikeAustin71/errprefops/errpref/errpreflinelengthcalc.go:744.2,750.30 4 0
github.com/MikeAustin71/errprefops/errpref/errpreflinelengthcalc.go:740.36,742.3 1 0
github.com/MikeAustin71/errprefops/errpref/errpreflinelengthcalc.go:756.72,758.36 1 0
github.com/MikeAustin71/errprefops/errpref/errpreflinelengthcalc.go:762.2,768.31 4 0
github.com/MikeAustin71/errprefops/errpref/errpreflinelengthcalc.go:758.36,760.3 1 0
github.com/MikeAustin71/errprefops/errpref/errpreflinelengthcalc.go:783.25,785.36 1 1
github.com/MikeAustin71/errprefops/errpref/errpreflinelengthcalc.go:789.2,795.8 4 1
github.com/MikeAustin71/errprefops/errpref/errpreflinelengthcalc.go:785.36,787.3 1 0
github.com/MikeAustin71/errprefops/errpref/errpreflinelengthcalc.go:849.24,851.36 1 1
github.com/MikeAustin71/errprefops/errpref/errpreflinelengthcalc.go:855.2,863.16 5 1
github.com/MikeAustin71/errprefops/errpref/errpreflinelengthcalc.go:872.2,875.24 1 1
github.com/MikeAustin71/errprefops/errpref/errpreflinelengthcalc.go:851.36,853.3 1 1
github.com/MikeAustin71/errprefops/errpref/errpreflinelengthcalc.go:863.16,870.3 1 0
github.com/MikeAustin71/errprefops/errpref/errpreflinelengthcalc.go:927.24,929.36 1 1
github.com/MikeAustin71/errprefops/errpref/errpreflinelengthcalc.go:933.2,939.26 4 1
github.com/MikeAustin71/errprefops/errpref/errpreflinelengthcalc.go:946.2,948.16 2 1
github.com/MikeAustin71/errprefops/errpref/errpreflinelengthcalc.go:957.2,959.12 2 1
github.com/MikeAustin71/errprefops/errpref/errpreflinelengthcalc.go:929.36,931.3 1 0
github.com/MikeAustin71/errprefops/errpref/errpreflinelengthcalc.go:939.26,944.3 1 0
github.com/MikeAustin71/errprefops/errpref/errpreflinelengthcalc.go:948.16,955.3 1 0
github.com/MikeAustin71/errprefops/errpref/errpreflinelengthcalc.go:971.27,973.36 1 1
github.com/MikeAustin71/errprefops/errpref/errpreflinelengthcalc.go:977.2,981.60 3 1
github.com/MikeAustin71/errprefops/errpref/errpreflinelengthcalc.go:973.36,975.3 1 0
github.com/MikeAustin71/errprefops/errpref/errpreflinelengthcalcquark.go:15.85,17.39 1 0
github.com/MikeAustin71/errprefops/errpref/errpreflinelengthcalcquark.go:21.2,25.35 3 0
github.com/MikeAustin71/errprefops/errpref/errpreflinelengthcalcquark.go:17.39,19.3 1 0
github.com/MikeAustin71/errprefops/errpref/errpreflinelengthcalcquark.go:75.13,77.39 1 1
github.com/MikeAustin71/errprefops/errpref/errpreflinelengthcalcquark.go:81.2,88.29 5 1
github.com/MikeAustin71/errprefops/errpref/errpreflinelengthcalcquark.go:97.2,101.16 2 1
github.com/MikeAustin71/errprefops/errpref/errpreflinelengthcalcquark.go:105.2,105.45 1 1
github.com/MikeAustin71/errprefops/errpref/errpreflinelengthcalcquark.go:114.2,118.16 2 1
github.com/MikeAustin71/errprefops/errpref/errpreflinelengthcalcquark.go:122.2,122.46 1 1
github.com/MikeAustin71/errprefops/errpref/errpreflinelengthcalcquark.go:132.2,134.21 2 1
github.com/MikeAustin71/errprefops/errpref/errpreflinelengthcalcquark.go:77.39,79.3 1 1
github.com/MikeAustin71/errprefops/errpref/errpreflinelengthcalcquark.go:88.29,95.3 2 0
github.com/MikeAustin71/errprefops/errpref/errpreflinelengthcalcquark.go:101.16,103.3 1 0
github.com/MikeAustin71/errprefops/errpref/errpreflinelengthcalcquark.go:105.45,112.3 2 0
github.com/MikeAustin71/errprefops/errpref/errpreflinelengthcalcquark.go:118.16,120.3 1 0
github.com/MikeAustin71/errprefops/errpref/errpreflinelengthcalcquark.go:122.46,130.3 2 0
github.com/MikeAustin71/errprefops/errpref/errprefnanobot.go:44.42,46.30 1 1
github.com/MikeAustin71/errprefops/errpref/errprefnanobot.go:50.2,66.28 6 1
github.com/MikeAustin71/errprefops/errpref/errprefnanobot.go:70.2,80.28 4 1
github.com/MikeAustin71/errprefops/errpref/errprefnanobot.go:87.2,87.33 1 1
github.com/MikeAustin71/errprefops/errpref/errprefnanobot.go:91.2,95.8 2 1
github.com/MikeAustin71/errprefops/errpref/errprefnanobot.go:46.30,48.3 1 1
github.com/MikeAustin71/errprefops/errpref/errprefnanobot.go:66.28,68.3 1 1
github.com/MikeAustin71/errprefops/errpref/errprefnanobot.go:80.28,85.3 1 1
github.com/MikeAustin71/errprefops/errpref/errprefnanobot.go:87.33,89.3 1 0
github.com/MikeAustin71/errprefops/errpref/errprefnanobot.go:119.28,121.30 1 1
github.com/MikeAustin71/errprefops/errpref/errprefnanobot.go:125.2,129.23 3 1
github.com/MikeAustin71/errprefops/errpref/errprefnanobot.go:133.2,133.32 1 1
github.com/MikeAustin71/errprefops/errpref/errprefnanobot.go:137.2,139.24 2 1
github.com/MikeAustin71/errprefops/errpref/errprefnanobot.go:143.2,148.8 3 1
github.com/MikeAustin71/errprefops/errpref/errprefnanobot.go:121.30,123.3 1 1
github.com/MikeAustin71/errprefops/errpref/errprefnanobot.go:129.23,131.3 1 0
github.com/MikeAustin71/errprefops/errpref/errprefnanobot.go:133.32,135.3 1 0
github.com/MikeAustin71/errprefops/errpref/errprefnanobot.go:139.24,141.3 1 0
github.com/MikeAustin71/errprefops/errpref/errprefnanobot.go:152.34,154.30 1 1
github.com/MikeAustin71/errprefops/errpref/errprefnanobot.go:158.2,171.24 6 1
github.com/MikeAustin71/errprefops/errpref/errprefnanobot.go:175.2,180.18 4 1
github.com/MikeAustin71/errprefops/errpref/errprefnanobot.go:154.30,156.3 1 1
github.com/MikeAustin71/errprefops/errpref/errprefnanobot.go:171.24,173.3 1 0
github.com/MikeAustin71/errprefops/errpref/errprefnanobot.go:222.24,224.30 1 0
github.com/MikeAustin71/errprefops/errpref/errprefnanobot.go:228.2,239.22 6 0
github.com/MikeAustin71/errprefops/errpref/errprefnanobot.go:243.2,258.42 5 0
github.com/MikeAustin71/errprefops/errpref/errprefnanobot.go:274.2,274.23 1 0
github.com/MikeAustin71/errprefops/errpref/errprefnanobot.go:283.2,289.22 3 0
github.com/MikeAustin71/errprefops/errpref/errprefnanobot.go:293.2,308.49 4 0
github.com/MikeAustin71/errprefops/errpref/errprefnanobot.go:323.2,323.25 1 0
github.com/MikeAustin71/errprefops/errpref/errprefnanobot.go:342.2,342.46 1 0
github.com/MikeAustin71/errprefops/errpref/errprefnanobot.go:224.30,226.3 1 0
github.com/MikeAustin71/errprefops/errpref/errprefnanobot.go:239.22,241.3 1 0
github.com/MikeAustin71/errprefops/errpref/errprefnanobot.go:258.42,262.3 1 0
github.com/MikeAustin71/errprefops/errpref/errprefnanobot.go:262.8,262.49 1 0
github.com/MikeAustin71/errprefops/errpref/errprefnanobot.go:262.49,266.3 1 0
github.com/MikeAustin71/errprefops/errpref/errprefnanobot.go:266.8,272.3 1 0
github.com/MikeAustin71/errprefops/errpref/errprefnanobot.go:274.23,281.3 2 0
github.com/MikeAustin71/errprefops/errpref/errprefnanobot.go:289.22,291.3 1 0
github.com/MikeAustin71/errprefops/errpref/errprefnanobot.go:308.49,312.3 1 0
github.com/MikeAustin71/errprefops/errpref/errprefnanobot.go:312.8,312.56 1 0
github.com/MikeAustin71/errprefops/errpref/errprefnanobot.go:312.56,316.3 1 0
github.com/MikeAustin71/errprefops/errpref/errprefnanobot.go:316.8,321.3 1 0
github.com/MikeAustin71/errprefops/errpref/errprefnanobot.go:323.25,335.3 4 0
github.com/MikeAustin71/errprefops/errpref/errprefnanobot.go:335.8,340.3 1 0
github.com/MikeAustin71/errprefops/errpref/errprefnanobot.go:391.45,393.30 1 1
github.com/MikeAustin71/errprefops/errpref/errprefnanobot.go:397.2,405.30 5 1
github.com/MikeAustin71/errprefops/errpref/errprefnanobot.go:410.2,410.37 1 1
github.com/MikeAustin71/errprefops/errpref/errprefnanobot.go:416.2,426.16 4 1
github.com/MikeAustin71/errprefops/errpref/errprefnanobot.go:430.2,443.43 7 1
github.com/MikeAustin71/errprefops/errpref/errprefnanobot.go:490.2,490.50 1 1
github.com/MikeAustin71/errprefops/errpref/errprefnanobot.go:497.2,497.37 1 1
github.com/MikeAustin71/errprefops/errpref/errprefnanobot.go:501.2,503.20 2 1
github.com/MikeAustin71/errprefops/errpref/errprefnanobot.go:393.30,395.3 1 1
github.com/MikeAustin71/errprefops/errpref/errprefnanobot.go:405.30,408.3 1 0
github.com/MikeAustin71/errprefops/errpref/errprefnanobot.go:410.37,414.3 1 1
github.com/MikeAustin71/errprefops/errpref/errprefnanobot.go:426.16,428.3 1 0
github.com/MikeAustin71/errprefops/errpref/errprefnanobot.go:443.43,445.19 1 1
github.com/MikeAustin71/errprefops/errpref/errprefnanobot.go:449.3,454.17 2 1
github.com/MikeAustin71/errprefops/errpref/errprefnanobot.go:458.3,462.17 2 1
github.com/MikeAustin71/errprefops/errpref/errprefnanobot.go:466.3,466.46 1 1
github.com/MikeAustin71/errprefops/errpref/errprefnanobot.go:445.19,447.4 1 1
github.com/MikeAustin71/errprefops/errpref/errprefnanobot.go:454.17,456.4 1 0
github.com/MikeAustin71/errprefops/errpref/errprefnanobot.go:462.17,464.4 1 0
github.com/MikeAustin71/errprefops/errpref/errprefnanobot.go:466.46,472.18 2 1
github.com/MikeAustin71/errprefops/errpref/errprefnanobot.go:476.4,476.12 1 1
github.com/MikeAustin71/errprefops/errpref/errprefnanobot.go:472.18,474.5 1 0
github.com/MikeAustin71/errprefops/errpref/errprefnanobot.go:477.9,483.18 2 1
github.com/MikeAustin71/errprefops/errpref/errprefnanobot.go:483.18,485.5 1 0
github.com/MikeAustin71/errprefops/errpref/errprefnanobot.go:490.50,495.3 1 1
github.com/MikeAustin71/errprefops/errpref/errprefnanobot.go:497.37,499.3 1 1
github.com/MikeAustin71/errprefops/errpref/errprefnanobot.go:509.58,511.30 1 1
github.com/MikeAustin71/errprefops/errpref/errprefnanobot.go:515.2,519.26 3 1
github.com/MikeAustin71/errprefops/errpref/errprefnanobot.go:511.30,513.3 1 1
github.com/MikeAustin71/errprefops/errpref/errprefnanobot.go:571.41,573.30 1 1
github.com/MikeAustin71/errprefops/errpref/errprefnanobot.go:577.2,591.22 5 1
github.com/MikeAustin71/errprefops/errpref/errprefnanobot.go:595.2,595.32 1 1
github.com/MikeAustin71/errprefops/errpref/errprefnanobot.go:599.2,601.24 2 1
github.com/MikeAustin71/errprefops/errpref/errprefnanobot.go:605.2,610.8 3 1
github.com/MikeAustin71/errprefops/errpref/errprefnanobot.go:573.30,575.3 1 1
github.com/MikeAustin71/errprefops/errpref/errprefnanobot.go:591.22,593.3 1 0
github.com/MikeAustin71/errprefops/errpref/errprefnanobot.go:595.32,597.3 1 0
github.com/MikeAustin71/errprefops/errpref/errprefnanobot.go:601.24,603.3 1 0
github.com/MikeAustin71/errprefops/errpref/errprefmolecule.go:76.32,78.31 1 0
github.com/MikeAustin71/errprefops/errpref/errprefmolecule.go:82.2,88.29 4 0
github.com/MikeAustin71/errprefops/errpref/errprefmolecule.go:93.2,106.33 5 0
github.com/MikeAustin71/errprefops/errpref/errprefmolecule.go:144.2,150.27 2 0
github.com/MikeAustin71/errprefops/errpref/errprefmolecule.go:78.31,80.3 1 0
github.com/MikeAustin71/errprefops/errpref/errprefmolecule.go:88.29,91.3 1 0
github.com/MikeAustin71/errprefops/errpref/errprefmolecule.go:106.33,110.3 1 0
github.com/MikeAustin71/errprefops/errpref/errprefmolecule.go:110.8,111.33 1 0
github.com/MikeAustin71/errprefops/errpref/errprefmolecule.go:111.33,116.3 1 0
github.com/MikeAustin71/errprefops/errpref/errprefmolecule.go:116.8,117.32 1 0
github.com/MikeAustin71/errprefops/errpref/errprefmolecule.go:117.32,121.3 1 0
github.com/MikeAustin71/errprefops/errpref/errprefmolecule.go:121.8,126.28 1 0
github.com/MikeAustin71/errprefops/errpref/errprefmolecule.go:126.28,133.4 1 0
github.com/MikeAustin71/errprefops/errpref/errprefmolecule.go:133.9,141.4 1 0
github.com/MikeAustin71/errprefops/errpref/errprefmolecule.go:155.61,157.31 1 0
github.com/MikeAustin71/errprefops/errpref/errprefmolecule.go:161.2,167.28 4 0
github.com/MikeAustin71/errprefops/errpref/errprefmolecule.go:157.31,159.3 1 0
github.com/MikeAustin71/errprefops/errpref/errprefmolecule.go:210.41,212.31 1 1
github.com/MikeAustin71/errprefops/errpref/errprefmolecule.go:216.2,222.23 4 1
github.com/MikeAustin71/errprefops/errpref/errprefmolecule.go:228.2,228.24 1 1
github.com/MikeAustin71/errprefops/errpref/errprefmolecule.go:234.2,237.16 2 1
github.com/MikeAustin71/errprefops/errpref/errprefmolecule.go:241.2,243.48 2 1
github.com/MikeAustin71/errprefops/errpref/errprefmolecule.go:252.2,252.58 1 1
github.com/MikeAustin71/errprefops/errpref/errprefmolecule.go:294.2,296.44 2 1
github.com/MikeAustin71/errprefops/errpref/errprefmolecule.go:304.2,310.12 5 1
github.com/MikeAustin71/errprefops/errpref/errprefmolecule.go:212.31,214.3 1 1
github.com/MikeAustin71/errprefops/errpref/errprefmolecule.go:222.23,226.3 1 0
github.com/MikeAustin71/errprefops/errpref/errprefmolecule.go:228.24,232.3 1 0
github.com/MikeAustin71/errprefops/errpref/errprefmolecule.go:237.16,239.3 1 0
github.com/MikeAustin71/errprefops/errpref/errprefmolecule.go:243.48,250.3 1 0
github.com/MikeAustin71/errprefops/errpref/errprefmolecule.go:252.58,254.45 1 1
github.com/MikeAustin71/errprefops/errpref/errprefmolecule.go:262.3,262.59 1 1
github.com/MikeAustin71/errprefops/errpref/errprefmolecule.go:254.45,260.4 1 1
github.com/MikeAustin71/errprefops/errpref/errprefmolecule.go:262.59,264.28 1 1
github.com/MikeAustin71/errprefops/errpref/errprefmolecule.go:269.4,283.14 4 1
github.com/MikeAustin71/errprefops/errpref/errprefmolecule.go:264.28,267.5 1 1
github.com/MikeAustin71/errprefops/errpref/errprefmolecule.go:296.44,302.3 2 1
github.com/MikeAustin71/errprefops/errpref/errprefmolecule.go:353.41,355.31 1 1
github.com/MikeAustin71/errprefops/errpref/errprefmolecule.go:359.2,365.23 4 1
github.com/MikeAustin71/errprefops/errpref/errprefmolecule.go:371.2,371.24 1 1
github.com/MikeAustin71/errprefops/errpref/errprefmolecule.go:377.2,380.16 2 1
github.com/MikeAustin71/errprefops/errpref/errprefmolecule.go:384.2,386.48 2 1
github.com/MikeAustin71/errprefops/errpref/errprefmolecule.go:395.2,395.59 1 1
github.com/MikeAustin71/errprefops/errpref/errprefmolecule.go:420.2,422.44 2 1
github.com/MikeAustin71/errprefops/errpref/errprefmolecule.go:430.2,434.12 3 1
github.com/MikeAustin71/errprefops/errpref/errprefmolecule.go:355.31,357.3 1 1
github.com/MikeAustin71/errprefops/errpref/errprefmolecule.go:365.23,369.3 1 0
github.com/MikeAustin71/errprefops/errpref/errprefmolecule.go:371.24,375.3 1 0
github.com/MikeAustin71/errprefops/errpref/errprefmolecule.go:380.16,382.3 1 0
github.com/MikeAustin71/errprefops/errpref/errprefmolecule.go:386.48,393.3 1 0
github.com/MikeAustin71/errprefops/errpref/errprefmolecule.go:395.59,397.45 1 1
github.com/MikeAustin71/errprefops/errpref/errprefmolecule.go:405.3,405.60 1 1
github.com/MikeAustin71/errprefops/errpref/errprefmolecule.go:397.45,403.4 1 1
github.com/MikeAustin71/errprefops/errpref/errprefmolecule.go:405.60,407.28 1 0
github.com/MikeAustin71/errprefops/errpref/errprefmolecule.go:412.4,415.14 2 0
github.com/MikeAustin71/errprefops/errpref/errprefmolecule.go:407.28,410.5 1 0
github.com/MikeAustin71/errprefops/errpref/errprefmolecule.go:422.44,428.3 2 1
github.com/MikeAustin71/errprefops/errpref/errpref.go:145.25,147.23 1 1
github.com/MikeAustin71/errprefops/errpref/errpref.go:151.2,163.23 5 1
github.com/MikeAustin71/errprefops/errpref/errpref.go:147.23,149.3 1 1
github.com/MikeAustin71/errprefops/errpref/errpref.go:204.25,206.23 1 1
github.com/MikeAustin71/errprefops/errpref/errpref.go:210.2,219.11 4 1
github.com/MikeAustin71/errprefops/errpref/errpref.go:206.23,208.3 1 1
github.com/MikeAustin71/errprefops/errpref/errpref.go:226.58,228.23 1 1
github.com/MikeAustin71/errprefops/errpref/errpref.go:232.2,237.24 3 1
github.com/MikeAustin71/errprefops/errpref/errpref.go:228.23,230.3 1 1
github.com/MikeAustin71/errprefops/errpref/errpref.go:245.30,247.23 1 1
github.com/MikeAustin71/errprefops/errpref/errpref.go:251.2,261.17 4 1
github.com/MikeAustin71/errprefops/errpref/errpref.go:247.23,249.3 1 1
github.com/MikeAustin71/errprefops/errpref/errpref.go:289.33,291.23 1 1
github.com/MikeAustin71/errprefops/errpref/errpref.go:295.2,304.33 5 1
github.com/MikeAustin71/errprefops/errpref/errpref.go:291.23,293.3 1 1
github.com/MikeAustin71/errprefops/errpref/errpref.go:387.28,389.23 1 1
github.com/MikeAustin71/errprefops/errpref/errpref.go:393.2,408.36 6 1
github.com/MikeAustin71/errprefops/errpref/errpref.go:389.23,391.3 1 1
github.com/MikeAustin71/errprefops/errpref/errpref.go:509.28,511.23 1 1
github.com/MikeAustin71/errprefops/errpref/errpref.go:515.2,530.36 6 1
github.com/MikeAustin71/errprefops/errpref/errpref.go:511.23,513.3 1 1
github.com/MikeAustin71/errprefops/errpref/errpref.go:614.28,616.23 1 1
github.com/MikeAustin71/errprefops/errpref/errpref.go:620.2,635.36 6 1
github.com/MikeAustin71/errprefops/errpref/errpref.go:616.23,618.3 1 1
github.com/MikeAustin71/errprefops/errpref/errpref.go:714.31,716.23 1 1
github.com/MikeAustin71/errprefops/errpref/errpref.go:720.2,731.26 4 1
github.com/MikeAustin71/errprefops/errpref/errpref.go:735.2,735.29 1 1
github.com/MikeAustin71/errprefops/errpref/errpref.go:739.2,742.36 1 1
github.com/MikeAustin71/errprefops/errpref/errpref.go:716.23,718.3 1 1
github.com/MikeAustin71/errprefops/errpref/errpref.go:731.26,733.3 1 1
github.com/MikeAustin71/errprefops/errpref/errpref.go:735.29,737.3 1 0
github.com/MikeAustin71/errprefops/errpref/errpref.go:776.35,778.23 1 1
github.com/MikeAustin71/errprefops/errpref/errpref.go:782.2,789.8 4 1
github.com/MikeAustin71/errprefops/errpref/errpref.go:778.23,780.3 1 1
github.com/MikeAustin71/errprefops/errpref/errpref.go:799.61,801.23 1 1
github.com/MikeAustin71/errprefops/errpref/errpref.go:805.2,809.63 3 1
github.com/MikeAustin71/errprefops/errpref/errpref.go:801.23,803.3 1 1
github.com/MikeAustin71/errprefops/errpref/errprefdelimiters.go:63.24,65.29 1 1
github.com/MikeAustin71/errprefops/errpref/errprefdelimiters.go:69.2,80.11 5 1
github.com/MikeAustin71/errprefops/errpref/errprefdelimiters.go:65.29,67.3 1 1
github.com/MikeAustin71/errprefops/errpref/errprefdelimiters.go:123.9,125.29 1 1
github.com/MikeAustin71/errprefops/errpref/errprefdelimiters.go:129.2,140.20 5 1
github.com/MikeAustin71/errprefops/errpref/errprefdelimiters.go:125.29,127.3 1 0
github.com/MikeAustin71/errprefops/errpref/errprefdelimiters.go:177.17,179.29 1 1
github.com/MikeAustin71/errprefops/errpref/errprefdelimiters.go:183.2,193.17 4 1
github.com/MikeAustin71/errprefops/errpref/errprefdelimiters.go:179.29,181.3 1 0
github.com/MikeAustin71/errprefops/errpref/errprefdelimiters.go:197.76,199.29 1 1
github.com/MikeAustin71/errprefops/errpref/errprefdelimiters.go:203.2,207.43 3 1
github.com/MikeAustin71/errprefops/errpref/errprefdelimiters.go:199.29,201.3 1 0
github.com/MikeAustin71/errprefops/errpref/errprefdelimiters.go:211.75,213.29 1 1
github.com/MikeAustin71/errprefops/errpref/errprefdelimiters.go:217.2,221.42 3 1
github.com/MikeAustin71/errprefops/errpref/errprefdelimiters.go:213.29,215.3 1 0
github.com/MikeAustin71/errprefops/errpref/errprefdelimiters.go:228.80,230.29 1 1
github.com/MikeAustin71/errprefops/errpref/errprefdelimiters.go:234.2,238.48 3 1
github.com/MikeAustin71/errprefops/errpref/errprefdelimiters.go:245.2,245.46 1 1
github.com/MikeAustin71/errprefops/errpref/errprefdelimiters.go:230.29,232.3 1 0
github.com/MikeAustin71/errprefops/errpref/errprefdelimiters.go:238.48,243.3 1 0
github.com/MikeAustin71/errprefops/errpref/errprefdelimiters.go:252.79,254.29 1 1
github.com/MikeAustin71/errprefops/errpref/errprefdelimiters.go:258.2,262.47 3 1
github.com/MikeAustin71/errprefops/errpref/errprefdelimiters.go:269.2,269.45 1 1
github.com/MikeAustin71/errprefops/errpref/errprefdelimiters.go:254.29,256.3 1 0
github.com/MikeAustin71/errprefops/errpref/errprefdelimiters.go:262.47,267.3 1 0
github.com/MikeAustin71/errprefops/errpref/errprefdelimiters.go:276.81,278.29 1 0
github.com/MikeAustin71/errprefops/errpref/errprefdelimiters.go:282.2,286.49 3 0
github.com/MikeAustin71/errprefops/errpref/errprefdelimiters.go:293.2,293.47 1 0
github.com/MikeAustin71/errprefops/errpref/errprefdelimiters.go:278.29,280.3 1 0
github.com/MikeAustin71/errprefops/errpref/errprefdelimiters.go:286.49,291.3 1 0
github.com/MikeAustin71/errprefops/errpref/errprefdelimiters.go:300.80,302.29 1 0
github.com/MikeAustin71/errprefops/errpref/errprefdelimiters.go:306.2,310.48 3 0
github.com/MikeAustin71/errprefops/errpref/errprefdelimiters.go:317.2,317.46 1 0
github.com/MikeAustin71/errprefops/errpref/errprefdelimiters.go:302.29,304.3 1 0
github.com/MikeAustin71/errprefops/errpref/errprefdelimiters.go:310.48,315.3 1 0
github.com/MikeAustin71/errprefops/errpref/errprefdelimiters.go:321.77,323.29 1 1
github.com/MikeAustin71/errprefops/errpref/errprefdelimiters.go:327.2,331.44 3 1
github.com/MikeAustin71/errprefops/errpref/errprefdelimiters.go:323.29,325.3 1 0
github.com/MikeAustin71/errprefops/errpref/errprefdelimiters.go:335.76,337.29 1 1
github.com/MikeAustin71/errprefops/errpref/errprefdelimiters.go:341.2,345.43 3 1
github.com/MikeAustin71/errprefops/errpref/errprefdelimiters.go:337.29,339.3 1 0
github.com/MikeAustin71/errprefops/errpref/errprefdelimiters.go:382.23,384.29 1 0
github.com/MikeAustin71/errprefops/errpref/errprefdelimiters.go:388.2,401.16 6 0
github.com/MikeAustin71/errprefops/errpref/errprefdelimiters.go:384.29,386.3 1 0
github.com/MikeAustin71/errprefops/errpref/errprefdelimiters.go:440.24,442.29 1 1
github.com/MikeAustin71/errprefops/errpref/errprefdelimiters.go:446.2,459.12 6 1
github.com/MikeAustin71/errprefops/errpref/errprefdelimiters.go:442.29,444.3 1 0
github.com/MikeAustin71/errprefops/errpref/errprefdelimiters.go:469.33,471.29 1 1
github.com/MikeAustin71/errprefops/errpref/errprefdelimiters.go:475.2,484.8 5 1
github.com/MikeAustin71/errprefops/errpref/errprefdelimiters.go:471.29,473.3 1 0
github.com/MikeAustin71/errprefops/errpref/errprefdelimiters.go:494.32,496.29 1 1
github.com/MikeAustin71/errprefops/errpref/errprefdelimiters.go:500.2,509.8 5 1
github.com/MikeAustin71/errprefops/errpref/errprefdelimiters.go:496.29,498.3 1 1
github.com/MikeAustin71/errprefops/errpref/errprefdelimiters.go:519.34,521.29 1 1
github.com/MikeAustin71/errprefops/errpref/errprefdelimiters.go:525.2,534.8 5 1
github.com/MikeAustin71/errprefops/errpref/errprefdelimiters.go:521.29,523.3 1 0
github.com/MikeAustin71/errprefops/errpref/errprefdelimiters.go:544.33,546.29 1 1
github.com/MikeAustin71/errprefops/errpref/errprefdelimiters.go:550.2,559.8 5 1
github.com/MikeAustin71/errprefops/errpref/errprefdelimiters.go:546.29,548.3 1 0
github.com/MikeAustin71/errprefops/errpref/errprefdelimiters.go:567.63,569.29 1 0
github.com/MikeAustin71/errprefops/errpref/errprefdelimiters.go:573.2,589.8 7 0
github.com/MikeAustin71/errprefops/errpref/errprefdelimiters.go:569.29,571.3 1 0
github.com/MikeAustin71/errprefops/errpref/errprefdelimiters.go:595.56,597.29 1 1
github.com/MikeAustin71/errprefops/errpref/errprefdelimiters.go:601.2,645.12 9 1
github.com/MikeAustin71/errprefops/errpref/errprefdelimiters.go:597.29,599.3 1 0
github.com/MikeAustin71/errprefops/errpref/errprefdelimitersquark.go:59.13,61.34 1 1
github.com/MikeAustin71/errprefops/errpref/errprefdelimitersquark.go:65.2,72.23 5 1
github.com/MikeAustin71/errprefops/errpref/errprefdelimitersquark.go:81.2,84.46 2 1
github.com/MikeAustin71/errprefops/errpref/errprefdelimitersquark.go:94.2,97.47 2 1
github.com/MikeAustin71/errprefops/errpref/errprefdelimitersquark.go:107.2,110.47 2 1
github.com/MikeAustin71/errprefops/errpref/errprefdelimitersquark.go:120.2,123.48 2 1
github.com/MikeAustin71/errprefops/errpref/errprefdelimitersquark.go:133.2,135.21 2 1
github.com/MikeAustin71/errprefops/errpref/errprefdelimitersquark.go:61.34,63.3 1 1
github.com/MikeAustin71/errprefops/errpref/errprefdelimitersquark.go:72.23,79.3 2 0
github.com/MikeAustin71/errprefops/errpref/errprefdelimitersquark.go:84.46,92.3 2 0
github.com/MikeAustin71/errprefops/errpref/errprefdelimitersquark.go:97.47,105.3 2 0
github.com/MikeAustin71/errprefops/errpref/errprefdelimitersquark.go:110.47,118.3 2 0
github.com/MikeAustin71/errprefops/errpref/errprefdelimitersquark.go:123.48,131.3 2 0
github.com/MikeAustin71/errprefops/errpref/errpreferrorprefixInfo.go:68.24,70.33 1 0
github.com/MikeAustin71/errprefops/errpref/errpreferrorprefixInfo.go:74.2,84.11 5 0
github.com/MikeAustin71/errprefops/errpref/errpreferrorprefixInfo.go:70.33,72.3 1 0
github.com/MikeAustin71/errprefops/errpref/errpreferrorprefixInfo.go:126.9,128.33 1 0
github.com/MikeAustin71/errprefops/errpref/errpreferrorprefixInfo.go:132.2,142.11 5 0
github.com/MikeAustin71/errprefops/errpref/errpreferrorprefixInfo.go:128.33,130.3 1 0
github.com/MikeAustin71/errprefops/errpref/errpreferrorprefixInfo.go:147.49,149.33 1 1
github.com/MikeAustin71/errprefops/errpref/errpreferrorprefixInfo.go:153.2,165.28 11 1
github.com/MikeAustin71/errprefops/errpref/errpreferrorprefixInfo.go:149.33,151.3 1 0
github.com/MikeAustin71/errprefops/errpref/errpreferrorprefixInfo.go:196.39,198.33 1 1
github.com/MikeAustin71/errprefops/errpref/errpreferrorprefixInfo.go:202.2,208.17 3 1
github.com/MikeAustin71/errprefops/errpref/errpreferrorprefixInfo.go:198.33,200.3 1 0
github.com/MikeAustin71/errprefops/errpref/errpreferrorprefixInfo.go:212.67,214.33 1 1
github.com/MikeAustin71/errprefops/errpref/errpreferrorprefixInfo.go:218.2,222.40 3 1
github.com/MikeAustin71/errprefops/errpref/errpreferrorprefixInfo.go:214.33,216.3 1 0
github.com/MikeAustin71/errprefops/errpref/errpreferrorprefixInfo.go:227.66,229.33 1 1
github.com/MikeAustin71/errprefops/errpref/errpreferrorprefixInfo.go:233.2,237.39 3 1
github.com/MikeAustin71/errprefops/errpref/errpreferrorprefixInfo.go:229.33,231.3 1 0
github.com/MikeAustin71/errprefops/errpref/errpreferrorprefixInfo.go:247.74,249.33 1 1
github.com/MikeAustin71/errprefops/errpref/errpreferrorprefixInfo.go:253.2,257.47 3 1
github.com/MikeAustin71/errprefops/errpref/errpreferrorprefixInfo.go:249.33,251.3 1 0
github.com/MikeAustin71/errprefops/errpref/errpreferrorprefixInfo.go:266.64,268.33 1 0
github.com/MikeAustin71/errprefops/errpref/errpreferrorprefixInfo.go:272.2,276.35 3 0
github.com/MikeAustin71/errprefops/errpref/errpreferrorprefixInfo.go:268.33,270.3 1 0
github.com/MikeAustin71/errprefops/errpref/errpreferrorprefixInfo.go:285.63,287.33 1 0
github.com/MikeAustin71/errprefops/errpref/errpreferrorprefixInfo.go:291.2,295.34 3 0
github.com/MikeAustin71/errprefops/errpref/errpreferrorprefixInfo.go:287.33,289.3 1 0
github.com/MikeAustin71/errprefops/errpref/errpreferrorprefixInfo.go:304.63,306.33 1 1
github.com/MikeAustin71/errprefops/errpref/errpreferrorprefixInfo.go:310.2,317.43 4 1
github.com/MikeAustin71/errprefops/errpref/errpreferrorprefixInfo.go:323.2,323.36 1 1
github.com/MikeAustin71/errprefops/errpref/errpreferrorprefixInfo.go:306.33,308.3 1 1
github.com/MikeAustin71/errprefops/errpref/errpreferrorprefixInfo.go:317.43,319.3 1 1
github.com/MikeAustin71/errprefops/errpref/errpreferrorprefixInfo.go:319.8,321.3 1 1
github.com/MikeAustin71/errprefops/errpref/errpreferrorprefixInfo.go:354.16,356.33 1 0
github.com/MikeAustin71/errprefops/errpref/errpreferrorprefixInfo.go:360.2,371.16 5 0
github.com/MikeAustin71/errprefops/errpref/errpreferrorprefixInfo.go:356.33,358.3 1 0
github.com/MikeAustin71/errprefops/errpref/errpreferrorprefixInfo.go:410.24,412.33 1 1
github.com/MikeAustin71/errprefops/errpref/errpreferrorprefixInfo.go:416.2,429.12 6 1
github.com/MikeAustin71/errprefops/errpref/errpreferrorprefixInfo.go:412.33,414.3 1 0
github.com/MikeAustin71/errprefops/errpref/errpreferrorprefixInfo.go:436.71,438.33 1 1
github.com/MikeAustin71/errprefops/errpref/errpreferrorprefixInfo.go:442.2,446.43 3 1
github.com/MikeAustin71/errprefops/errpref/errpreferrorprefixInfo.go:438.33,440.3 1 0
github.com/MikeAustin71/errprefops/errpref/errpreferrorprefixInfo.go:453.70,455.33 1 1
github.com/MikeAustin71/errprefops/errpref/errpreferrorprefixInfo.go:459.2,463.42 3 1
github.com/MikeAustin71/errprefops/errpref/errpreferrorprefixInfo.go:455.33,457.3 1 0
github.com/MikeAustin71/errprefops/errpref/errpreferrorprefixInfo.go:469.62,471.33 1 0
github.com/MikeAustin71/errprefops/errpref/errpreferrorprefixInfo.go:475.2,479.26 3 0
github.com/MikeAustin71/errprefops/errpref/errpreferrorprefixInfo.go:471.33,473.3 1 0
github.com/MikeAustin71/errprefops/errpref/errpreferrorprefixInfo.go:484.63,486.33 1 0
github.com/MikeAustin71/errprefops/errpref/errpreferrorprefixInfo.go:490.2,496.26 4 0
github.com/MikeAustin71/errprefops/errpref/errpreferrorprefixInfo.go:486.33,488.3 1 0
github.com/MikeAustin71/errprefops/errpref/errpreferrorprefixInfo.go:506.21,508.33 1 1
github.com/MikeAustin71/errprefops/errpref/errpreferrorprefixInfo.go:512.2,521.44 5 1
github.com/MikeAustin71/errprefops/errpref/errpreferrorprefixInfo.go:508.33,510.3 1 0
github.com/MikeAustin71/errprefops/errpref/errpreferrorprefixInfo.go:521.44,523.3 1 1
github.com/MikeAustin71/errprefops/errpref/errpreferrorprefixInfo.go:523.8,525.3 1 1
github.com/MikeAustin71/errprefops/errpref/errpreferrorprefixInfo.go:537.31,539.33 1 1
github.com/MikeAustin71/errprefops/errpref/errpreferrorprefixInfo.go:543.2,547.65 3 1
github.com/MikeAustin71/errprefops/errpref/errpreferrorprefixInfo.go:539.33,541.3 1 0
github.com/MikeAustin71/errprefops/errpref/errpreferrorprefixInfo.go:557.20,559.33 1 1
github.com/MikeAustin71/errprefops/errpref/errpreferrorprefixInfo.go:563.2,572.43 5 1
github.com/MikeAustin71/errprefops/errpref/errpreferrorprefixInfo.go:559.33,561.3 1 1
github.com/MikeAustin71/errprefops/errpref/errpreferrorprefixInfo.go:572.43,574.3 1 1
github.com/MikeAustin71/errprefops/errpref/errpreferrorprefixInfo.go:574.8,576.3 1 0
github.com/MikeAustin71/errprefops/errpref/errpreferrorprefixInfo.go:587.76,589.33 1 1
github.com/MikeAustin71/errprefops/errpref/errpreferrorprefixInfo.go:593.2,597.43 3 1
github.com/MikeAustin71/errprefops/errpref/errpreferrorprefixInfo.go:589.33,591.3 1 1
github.com/MikeAustin71/errprefops/errpref/errpreferrorprefixInfo.go:608.72,610.33 1 1
github.com/MikeAustin71/errprefops/errpref/errpreferrorprefixInfo.go:614.2,618.39 3 1
github.com/MikeAustin71/errprefops/errpref/errpreferrorprefixInfo.go:610.33,612.3 1 0
github.com/MikeAustin71/errprefops/errpref/errpreferrorprefixInfo.go:629.20,631.33 1 0
github.com/MikeAustin71/errprefops/errpref/errpreferrorprefixInfo.go:635.2,639.43 3 0
github.com/MikeAustin71/errprefops/errpref/errpreferrorprefixInfo.go:631.33,633.3 1 0
github.com/MikeAustin71/errprefops/errpref/errpreferrorprefixinfoelectron.go:73.24,75.35 1 0
github.com/MikeAustin71/errprefops/errpref/errpreferrorprefixinfoelectron.go:79.2,85.32 4 0
github.com/MikeAustin71/errprefops/errpref/errpreferrorprefixinfoelectron.go:93.2,93.34 1 0
github.com/MikeAustin71/errprefops/errpref/errpreferrorprefixinfoelectron.go:100.2,109.16 3 0
github.com/MikeAustin71/errprefops/errpref/errpreferrorprefixinfoelectron.go:113.2,137.12 9 0
github.com/MikeAustin71/errprefops/errpref/errpreferrorprefixinfoelectron.go:75.35,77.3 1 0
github.com/MikeAustin71/errprefops/errpref/errpreferrorprefixinfoelectron.go:85.32,91.3 1 0
github.com/MikeAustin71/errprefops/errpref/errpreferrorprefixinfoelectron.go:93.34,98.3 1 0
github.com/MikeAustin71/errprefops/errpref/errpreferrorprefixinfoelectron.go:109.16,111.3 1 0
github.com/MikeAustin71/errprefops/errpref/errpreferrorprefixinfoelectron.go:187.9,189.35 1 0
github.com/MikeAustin71/errprefops/errpref/errpreferrorprefixinfoelectron.go:193.2,201.26 5 0
github.com/MikeAustin71/errprefops/errpref/errpreferrorprefixinfoelectron.go:210.2,219.16 3 0
github.com/MikeAustin71/errprefops/errpref/errpreferrorprefixinfoelectron.go:223.2,251.30 11 0
github.com/MikeAustin71/errprefops/errpref/errpreferrorprefixinfoelectron.go:189.35,191.3 1 0
github.com/MikeAustin71/errprefops/errpref/errpreferrorprefixinfoelectron.go:201.26,208.3 1 0
github.com/MikeAustin71/errprefops/errpref/errpreferrorprefixinfoelectron.go:219.16,221.3 1 0
github.com/MikeAustin71/errprefops/errpref/errpreferrorprefixinfoelectron.go:287.39,289.35 1 1
github.com/MikeAustin71/errprefops/errpref/errpreferrorprefixinfoelectron.go:293.2,298.24 3 1
github.com/MikeAustin71/errprefops/errpref/errpreferrorprefixinfoelectron.go:302.2,303.28 1 1
github.com/MikeAustin71/errprefops/errpref/errpreferrorprefixinfoelectron.go:307.2,308.27 1 1
github.com/MikeAustin71/errprefops/errpref/errpreferrorprefixinfoelectron.go:312.2,313.29 1 1
github.com/MikeAustin71/errprefops/errpref/errpreferrorprefixinfoelectron.go:317.2,318.32 1 1
github.com/MikeAustin71/errprefops/errpref/errpreferrorprefixinfoelectron.go:322.2,323.35 1 1
github.com/MikeAustin71/errprefops/errpref/errpreferrorprefixinfoelectron.go:327.2,328.33 1 1
github.com/MikeAustin71/errprefops/errpref/errpreferrorprefixinfoelectron.go:332.2,333.36 1 1
github.com/MikeAustin71/errprefops/errpref/errpreferrorprefixinfoelectron.go:337.2,338.40 1 1
github.com/MikeAustin71/errprefops/errpref/errpreferrorprefixinfoelectron.go:342.2,342.13 1 1
github.com/MikeAustin71/errprefops/errpref/errpreferrorprefixinfoelectron.go:289.35,291.3 1 1
github.com/MikeAustin71/errprefops/errpref/errpreferrorprefixinfoelectron.go:298.24,300.3 1 0
github.com/MikeAustin71/errprefops/errpref/errpreferrorprefixinfoelectron.go:303.28,305.3 1 0
github.com/MikeAustin71/errprefops/errpref/errpreferrorprefixinfoelectron.go:308.27,310.3 1 0
github.com/MikeAustin71/errprefops/errpref/errpreferrorprefixinfoelectron.go:313.29,315.3 1 0
github.com/MikeAustin71/errprefops/errpref/errpreferrorprefixinfoelectron.go:318.32,320.3 1 0
github.com/MikeAustin71/errprefops/errpref/errpreferrorprefixinfoelectron.go:323.35,325.3 1 0
github.com/MikeAustin71/errprefops/errpref/errpreferrorprefixinfoelectron.go:328.33,330.3 1 0
github.com/MikeAustin71/errprefops/errpref/errpreferrorprefixinfoelectron.go:333.36,335.3 1 0
github.com/MikeAustin71/errprefops/errpref/errpreferrorprefixinfoelectron.go:338.40,340.3 1 0
github.com/MikeAustin71/errprefops/errpref/errpreferrorprefixinfoelectron.go:348.81,350.35 1 1
github.com/MikeAustin71/errprefops/errpref/errpreferrorprefixinfoelectron.go:354.2,358.35 3 1
github.com/MikeAustin71/errprefops/errpref/errpreferrorprefixinfoelectron.go:350.35,352.3 1 1
github.com/MikeAustin71/errprefops/errpref/errpreflinelengthcalcelectron.go:73.24,75.42 1 0
github.com/MikeAustin71/errprefops/errpref/errpreflinelengthcalcelectron.go:79.2,85.30 4 0
github.com/MikeAustin71/errprefops/errpref/errpreflinelengthcalcelectron.go:93.2,93.32 1 0
github.com/MikeAustin71/errprefops/errpref/errpreflinelengthcalcelectron.go:100.2,108.16 3 0
github.com/MikeAustin71/errprefops/errpref/errpreflinelengthcalcelectron.go:112.2,118.16 2 0
github.com/MikeAustin71/errprefops/errpref/errpreflinelengthcalcelectron.go:122.2,131.16 3 0
github.com/MikeAustin71/errprefops/errpref/errpreflinelengthcalcelectron.go:135.2,141.12 3 0
github.com/MikeAustin71/errprefops/errpref/errpreflinelengthcalcelectron.go:75.42,77.3 1 0
github.com/MikeAustin71/errprefops/errpref/errpreflinelengthcalcelectron.go:85.30,91.3 1 0
github.com/MikeAustin71/errprefops/errpref/errpreflinelengthcalcelectron.go:93.32,98.3 1 0
github.com/MikeAustin71/errprefops/errpref/errpreflinelengthcalcelectron.go:108.16,110.3 1 0
github.com/MikeAustin71/errprefops/errpref/errpreflinelengthcalcelectron.go:118.16,120.3 1 0
github.com/MikeAustin71/errprefops/errpref/errpreflinelengthcalcelectron.go:131.16,133.3 1 0
github.com/MikeAustin71/errprefops/errpref/errpreflinelengthcalcelectron.go:191.9,193.42 1 0
github.com/MikeAustin71/errprefops/errpref/errpreflinelengthcalcelectron.go:197.2,205.24 5 0
github.com/MikeAustin71/errprefops/errpref/errpreflinelengthcalcelectron.go:214.2,222.16 3 0
github.com/MikeAustin71/errprefops/errpref/errpreflinelengthcalcelectron.go:226.2,232.16 2 0
github.com/MikeAustin71/errprefops/errpref/errpreflinelengthcalcelectron.go:236.2,245.16 3 0
github.com/MikeAustin71/errprefops/errpref/errpreflinelengthcalcelectron.go:249.2,255.28 3 0
github.com/MikeAustin71/errprefops/errpref/errpreflinelengthcalcelectron.go:193.42,195.3 1 0
github.com/MikeAustin71/errprefops/errpref/errpreflinelengthcalcelectron.go:205.24,212.3 1 0
github.com/MikeAustin71/errprefops/errpref/errpreflinelengthcalcelectron.go:222.16,224.3 1 0
github.com/MikeAustin71/errprefops/errpref/errpreflinelengthcalcelectron.go:232.16,234.3 1 0
github.com/MikeAustin71/errprefops/errpref/errpreflinelengthcalcelectron.go:245.16,247.3 1 0
github.com/MikeAustin71/errprefops/errpref/errprefmechanics.go:63.34,65.27 1 1
github.com/MikeAustin71/errprefops/errpref/errprefmechanics.go:69.2,73.29 3 1
github.com/MikeAustin71/errprefops/errpref/errprefmechanics.go:78.2,99.31 9 1
github.com/MikeAustin71/errprefops/errpref/errprefmechanics.go:115.2,115.36 1 1
github.com/MikeAustin71/errprefops/errpref/errprefmechanics.go:122.2,122.32 1 1
github.com/MikeAustin71/errprefops/errpref/errprefmechanics.go:126.2,129.20 1 1
github.com/MikeAustin71/errprefops/errpref/errprefmechanics.go:65.27,67.3 1 1
github.com/MikeAustin71/errprefops/errpref/errprefmechanics.go:73.29,76.3 1 0
github.com/MikeAustin71/errprefops/errpref/errprefmechanics.go:99.31,108.28 3 1
github.com/MikeAustin71/errprefops/errpref/errprefmechanics.go:108.28,112.4 1 1
github.com/MikeAustin71/errprefops/errpref/errprefmechanics.go:115.36,120.3 2 1
github.com/MikeAustin71/errprefops/errpref/errprefmechanics.go:122.32,124.3 1 0
github.com/MikeAustin71/errprefops/errpref/errprefmechanics.go:135.27,137.27 1 1
github.com/MikeAustin71/errprefops/errpref/errprefmechanics.go:141.2,145.29 3 1
github.com/MikeAustin71/errprefops/errpref/errprefmechanics.go:149.2,161.30 6 1
github.com/MikeAustin71/errprefops/errpref/errprefmechanics.go:166.2,173.21 2 1
github.com/MikeAustin71/errprefops/errpref/errprefmechanics.go:137.27,139.3 1 1
github.com/MikeAustin71/errprefops/errpref/errprefmechanics.go:145.29,147.3 1 0
github.com/MikeAustin71/errprefops/errpref/errprefmechanics.go:161.30,164.3 1 0
github.com/MikeAustin71/errprefops/errpref/errprefmechanics.go:183.10,185.27 1 1
github.com/MikeAustin71/errprefops/errpref/errprefmechanics.go:189.2,196.35 4 1
github.com/MikeAustin71/errprefops/errpref/errprefmechanics.go:200.2,208.21 3 1
github.com/MikeAustin71/errprefops/errpref/errprefmechanics.go:185.27,187.3 1 1
github.com/MikeAustin71/errprefops/errpref/errprefmechanics.go:196.35,198.3 1 0
github.com/MikeAustin71/errprefops/errpref/errprefmechanics.go:214.59,216.27 1 1
github.com/MikeAustin71/errprefops/errpref/errprefmechanics.go:220.2,224.28 3 1
github.com/MikeAustin71/errprefops/errpref/errprefmechanics.go:216.27,218.3 1 1
github.com/MikeAustin71/errprefops/errpref/errprefmechanics.go:230.34,232.27 1 1
github.com/MikeAustin71/errprefops/errpref/errprefmechanics.go:236.2,240.29 3 1
github.com/MikeAustin71/errprefops/errpref/errprefmechanics.go:245.2,257.32 4 1
github.com/MikeAustin71/errprefops/errpref/errprefmechanics.go:261.2,265.35 2 1
github.com/MikeAustin71/errprefops/errpref/errprefmechanics.go:269.2,277.30 4 1
github.com/MikeAustin71/errprefops/errpref/errprefmechanics.go:281.2,292.20 4 1
github.com/MikeAustin71/errprefops/errpref/errprefmechanics.go:232.27,234.3 1 1
github.com/MikeAustin71/errprefops/errpref/errprefmechanics.go:240.29,243.3 1 0
github.com/MikeAustin71/errprefops/errpref/errprefmechanics.go:257.32,259.3 1 0
github.com/MikeAustin71/errprefops/errpref/errprefmechanics.go:265.35,267.3 1 0
github.com/MikeAustin71/errprefops/errpref/errprefmechanics.go:277.30,279.3 1 0
github.com/MikeAustin71/errprefops/errpref/errprefdelimiterselectron.go:74.24,76.37 1 1
github.com/MikeAustin71/errprefops/errpref/errprefdelimiterselectron.go:80.2,86.29 4 1
github.com/MikeAustin71/errprefops/errpref/errprefdelimiterselectron.go:94.2,94.31 1 1
github.com/MikeAustin71/errprefops/errpref/errprefdelimiterselectron.go:101.2,110.16 3 1
github.com/MikeAustin71/errprefops/errpref/errprefdelimiterselectron.go:114.2,138.12 9 1
github.com/MikeAustin71/errprefops/errpref/errprefdelimiterselectron.go:76.37,78.3 1 1
github.com/MikeAustin71/errprefops/errpref/errprefdelimiterselectron.go:86.29,92.3 1 0
github.com/MikeAustin71/errprefops/errpref/errprefdelimiterselectron.go:94.31,99.3 1 0
github.com/MikeAustin71/errprefops/errpref/errprefdelimiterselectron.go:110.16,112.3 1 0
github.com/MikeAustin71/errprefops/errpref/errprefdelimiterselectron.go:188.9,190.37 1 1
github.com/MikeAustin71/errprefops/errpref/errprefdelimiterselectron.go:194.2,202.23 5 1
github.com/MikeAustin71/errprefops/errpref/errprefdelimiterselectron.go:211.2,220.16 3 1
github.com/MikeAustin71/errprefops/errpref/errprefdelimiterselectron.go:224.2,250.27 10 1
github.com/MikeAustin71/errprefops/errpref/errprefdelimiterselectron.go:190.37,192.3 1 1
github.com/MikeAustin71/errprefops/errpref/errprefdelimiterselectron.go:202.23,209.3 1 0
github.com/MikeAustin71/errprefops/errpref/errprefdelimiterselectron.go:220.16,222.3 1 0
github.com/MikeAustin71/errprefops/errpref/errprefdelimiterselectron.go:311.13,313.37 1 1
github.com/MikeAustin71/errprefops/errpref/errprefdelimiterselectron.go:317.2,325.26 5 1
github.com/MikeAustin71/errprefops/errpref/errprefdelimiterselectron.go:334.2,334.26 1 1
github.com/MikeAustin71/errprefops/errpref/errprefdelimiterselectron.go:343.2,344.39 1 1
github.com/MikeAustin71/errprefops/errpref/errprefdelimiterselectron.go:349.2,350.42 1 1
github.com/MikeAustin71/errprefops/errpref/errprefdelimiterselectron.go:355.2,356.40 1 1
github.com/MikeAustin71/errprefops/errpref/errprefdelimiterselectron.go:361.2,362.43 1 1
github.com/MikeAustin71/errprefops/errpref/errprefdelimiterselectron.go:367.2,368.40 1 1
github.com/MikeAustin71/errprefops/errpref/errprefdelimiterselectron.go:373.2,374.43 1 1
github.com/MikeAustin71/errprefops/errpref/errprefdelimiterselectron.go:379.2,380.41 1 1
github.com/MikeAustin71/errprefops/errpref/errprefdelimiterselectron.go:385.2,386.44 1 1
github.com/MikeAustin71/errprefops/errpref/errprefdelimiterselectron.go:391.2,393.22 2 1
github.com/MikeAustin71/errprefops/errpref/errprefdelimiterselectron.go:313.37,315.3 1 0
github.com/MikeAustin71/errprefops/errpref/errprefdelimiterselectron.go:325.26,332.3 2 0
github.com/MikeAustin71/errprefops/errpref/errprefdelimiterselectron.go:334.26,341.3 2 0
github.com/MikeAustin71/errprefops/errpref/errprefdelimiterselectron.go:344.39,347.3 1 0
github.com/MikeAustin71/errprefops/errpref/errprefdelimiterselectron.go:350.42,353.3 1 0
github.com/MikeAustin71/errprefops/errpref/errprefdelimiterselectron.go:356.40,359.3 1 0
github.com/MikeAustin71/errprefops/errpref/errprefdelimiterselectron.go:362.43,365.3 1 0
github.com/MikeAustin71/errprefops/errpref/errprefdelimiterselectron.go:368.40,371.3 1 0
github.com/MikeAustin71/errprefops/errpref/errprefdelimiterselectron.go:374.43,377.3 1 0
github.com/MikeAustin71/errprefops/errpref/errprefdelimiterselectron.go:380.41,383.3 1 0
github.com/MikeAustin71/errprefops/errpref/errprefdelimiterselectron.go:386.44,389.3 1 0
github.com/MikeAustin71/errprefops/errpref/errprefdelimiterselectron.go:398.91,400.37 1 1
github.com/MikeAustin71/errprefops/errpref/errprefdelimiterselectron.go:404.2,410.3 3 1
github.com/MikeAustin71/errprefops/errpref/errprefdelimiterselectron.go:400.37,402.3 1 1
github.com/MikeAustin71/errprefops/errpref/errprefdto.go:50.28,52.26 1 1
github.com/MikeAustin71/errprefops/errpref/errprefdto.go:56.2,63.6 3 1
github.com/MikeAustin71/errprefops/errpref/errprefdto.go:52.26,54.3 1 0
github.com/MikeAustin71/errprefops/errpref/errprefdto.go:107.37,109.26 1 1
github.com/MikeAustin71/errprefops/errpref/errprefdto.go:113.2,117.30 3 1
github.com/MikeAustin71/errprefops/errpref/errprefdto.go:121.2,121.46 1 1
github.com/MikeAustin71/errprefops/errpref/errprefdto.go:128.2,141.38 5 1
github.com/MikeAustin71/errprefops/errpref/errprefdto.go:109.26,111.3 1 0
github.com/MikeAustin71/errprefops/errpref/errprefdto.go:117.30,119.3 1 0
github.com/MikeAustin71/errprefops/errpref/errprefdto.go:121.46,126.3 1 0
github.com/MikeAustin71/errprefops/errpref/errprefdto.go:166.51,168.26 1 1
github.com/MikeAustin71/errprefops/errpref/errprefdto.go:172.2,182.24 4 1
github.com/MikeAustin71/errprefops/errpref/errprefdto.go:168.26,170.3 1 0
github.com/MikeAustin71/errprefops/errpref/errprefdto.go:207.55,209.26 1 1
github.com/MikeAustin71/errprefops/errpref/errprefdto.go:213.2,223.25 4 1
github.com/MikeAustin71/errprefops/errpref/errprefdto.go:209.26,211.3 1 0
github.com/MikeAustin71/errprefops/errpref/errprefdto.go:268.21,270.26 1 1
github.com/MikeAustin71/errprefops/errpref/errprefdto.go:274.2,283.9 4 1
github.com/MikeAustin71/errprefops/errpref/errprefdto.go:270.26,272.3 1 0
github.com/MikeAustin71/errprefops/errpref/errprefdto.go:325.9,327.26 1 1
github.com/MikeAustin71/errprefops/errpref/errprefdto.go:331.2,340.9 4 1
github.com/MikeAustin71/errprefops/errpref/errprefdto.go:327.26,329.3 1 0
github.com/MikeAustin71/errprefops/errpref/errprefdto.go:352.39,354.26 1 1
github.com/MikeAustin71/errprefops/errpref/errprefdto.go:358.2,374.21 8 1
github.com/MikeAustin71/errprefops/errpref/errprefdto.go:354.26,356.3 1 0
github.com/MikeAustin71/errprefops/errpref/errprefdto.go:388.54,390.26 1 1
github.com/MikeAustin71/errprefops/errpref/errprefdto.go:394.2,400.6 3 1
github.com/MikeAustin71/errprefops/errpref/errprefdto.go:390.26,392.3 1 0
github.com/MikeAustin71/errprefops/errpref/errprefdto.go:431.34,433.26 1 1
github.com/MikeAustin71/errprefops/errpref/errprefdto.go:437.2,443.15 3 1
github.com/MikeAustin71/errprefops/errpref/errprefdto.go:433.26,435.3 1 0
github.com/MikeAustin71/errprefops/errpref/errprefdto.go:450.67,452.26 1 1
github.com/MikeAustin71/errprefops/errpref/errprefdto.go:456.2,461.24 3 1
github.com/MikeAustin71/errprefops/errpref/errprefdto.go:452.26,454.3 1 0
github.com/MikeAustin71/errprefops/errpref/errprefdto.go:497.73,499.26 1 1
github.com/MikeAustin71/errprefops/errpref/errprefdto.go:503.2,507.49 3 1
github.com/MikeAustin71/errprefops/errpref/errprefdto.go:499.26,501.3 1 0
github.com/MikeAustin71/errprefops/errpref/errprefdto.go:527.56,529.26 1 1
github.com/MikeAustin71/errprefops/errpref/errprefdto.go:533.2,537.32 3 1
github.com/MikeAustin71/errprefops/errpref/errprefdto.go:529.26,531.3 1 0
github.com/MikeAustin71/errprefops/errpref/errprefdto.go:548.57,550.26 1 1
github.com/MikeAustin71/errprefops/errpref/errprefdto.go:554.2,558.34 3 1
github.com/MikeAustin71/errprefops/errpref/errprefdto.go:550.26,552.3 1 1
github.com/MikeAustin71/errprefops/errpref/errprefdto.go:565.70,567.26 1 1
github.com/MikeAustin71/errprefops/errpref/errprefdto.go:571.2,577.30 4 1
github.com/MikeAustin71/errprefops/errpref/errprefdto.go:583.2,585.22 2 1
github.com/MikeAustin71/errprefops/errpref/errprefdto.go:590.2,596.33 3 1
github.com/MikeAustin71/errprefops/errpref/errprefdto.go:567.26,569.3 1 0
github.com/MikeAustin71/errprefops/errpref/errprefdto.go:577.30,581.3 3 0
github.com/MikeAustin71/errprefops/errpref/errprefdto.go:585.22,588.3 2 0
github.com/MikeAustin71/errprefops/errpref/errprefdto.go:620.59,622.26 1 1
github.com/MikeAustin71/errprefops/errpref/errprefdto.go:626.2,630.30 3 1
github.com/MikeAustin71/errprefops/errpref/errprefdto.go:635.2,635.31 1 1
github.com/MikeAustin71/errprefops/errpref/errprefdto.go:622.26,624.3 1 0
github.com/MikeAustin71/errprefops/errpref/errprefdto.go:630.30,633.3 1 1
github.com/MikeAustin71/errprefops/errpref/errprefdto.go:645.61,647.26 1 1
github.com/MikeAustin71/errprefops/errpref/errprefdto.go:651.2,655.30 3 1
github.com/MikeAustin71/errprefops/errpref/errprefdto.go:660.2,662.17 2 1
github.com/MikeAustin71/errprefops/errpref/errprefdto.go:666.2,668.30 2 1
github.com/MikeAustin71/errprefops/errpref/errprefdto.go:677.2,677.21 1 1
github.com/MikeAustin71/errprefops/errpref/errprefdto.go:647.26,649.3 1 0
github.com/MikeAustin71/errprefops/errpref/errprefdto.go:655.30,658.3 1 0
github.com/MikeAustin71/errprefops/errpref/errprefdto.go:662.17,664.3 1 0
github.com/MikeAustin71/errprefops/errpref/errprefdto.go:668.30,675.3 2 1
github.com/MikeAustin71/errprefops/errpref/errprefdto.go:708.66,710.26 1 1
github.com/MikeAustin71/errprefops/errpref/errprefdto.go:714.2,718.46 3 1
github.com/MikeAustin71/errprefops/errpref/errprefdto.go:725.2,725.44 1 1
github.com/MikeAustin71/errprefops/errpref/errprefdto.go:710.26,712.3 1 0
github.com/MikeAustin71/errprefops/errpref/errprefdto.go:718.46,723.3 1 0
github.com/MikeAustin71/errprefops/errpref/errprefdto.go:737.38,739.26 1 1
github.com/MikeAustin71/errprefops/errpref/errprefdto.go:743.2,747.30 3 1
github.com/MikeAustin71/errprefops/errpref/errprefdto.go:752.2,752.42 1 1
github.com/MikeAustin71/errprefops/errpref/errprefdto.go:758.2,761.25 2 1
github.com/MikeAustin71/errprefops/errpref/errprefdto.go:765.2,770.21 2 1
github.com/MikeAustin71/errprefops/errpref/errprefdto.go:739.26,741.3 1 0
github.com/MikeAustin71/errprefops/errpref/errprefdto.go:747.30,750.3 1 0
github.com/MikeAustin71/errprefops/errpref/errprefdto.go:752.42,756.3 2 0
github.com/MikeAustin71/errprefops/errpref/errprefdto.go:761.25,763.3 1 0
github.com/MikeAustin71/errprefops/errpref/errprefdto.go:795.49,797.26 1 1
github.com/MikeAustin71/errprefops/errpref/errprefdto.go:801.2,814.24 7 1
github.com/MikeAustin71/errprefops/errpref/errprefdto.go:797.26,799.3 1 1
github.com/MikeAustin71/errprefops/errpref/errprefdto.go:868.37,870.26 1 1
github.com/MikeAustin71/errprefops/errpref/errprefdto.go:874.2,895.24 9 1
github.com/MikeAustin71/errprefops/errpref/errprefdto.go:870.26,872.3 1 1
github.com/MikeAustin71/errprefops/errpref/errprefdto.go:954.36,956.26 1 1
github.com/MikeAustin71/errprefops/errpref/errprefdto.go:960.2,982.24 10 1
github.com/MikeAustin71/errprefops/errpref/errprefdto.go:956.26,958.3 1 1
github.com/MikeAustin71/errprefops/errpref/errprefdto.go:1031.32,1033.26 1 1
github.com/MikeAustin71/errprefops/errpref/errprefdto.go:1037.2,1056.55 8 1
github.com/MikeAustin71/errprefops/errpref/errprefdto.go:1033.26,1035.3 1 1
github.com/MikeAustin71/errprefops/errpref/errprefdto.go:1088.36,1090.26 1 1
github.com/MikeAustin71/errprefops/errpref/errprefdto.go:1094.2,1111.29 9 1
github.com/MikeAustin71/errprefops/errpref/errprefdto.go:1115.2,1117.24 2 1
github.com/MikeAustin71/errprefops/errpref/errprefdto.go:1090.26,1092.3 1 1
github.com/MikeAustin71/errprefops/errpref/errprefdto.go:1111.29,1113.3 1 0
github.com/MikeAustin71/errprefops/errpref/errprefdto.go:1198.9,1200.26 1 1
github.com/MikeAustin71/errprefops/errpref/errprefdto.go:1204.2,1224.16 8 1
github.com/MikeAustin71/errprefops/errpref/errprefdto.go:1228.2,1228.27 1 1
github.com/MikeAustin71/errprefops/errpref/errprefdto.go:1240.2,1240.29 1 1
github.com/MikeAustin71/errprefops/errpref/errprefdto.go:1200.26,1202.3 1 1
github.com/MikeAustin71/errprefops/errpref/errprefdto.go:1224.16,1226.3 1 0
github.com/MikeAustin71/errprefops/errpref/errprefdto.go:1228.27,1238.3 2 0
github.com/MikeAustin71/errprefops/errpref/errprefdto.go:1360.9,1362.26 1 1
github.com/MikeAustin71/errprefops/errpref/errprefdto.go:1366.2,1386.16 8 1
github.com/MikeAustin71/errprefops/errpref/errprefdto.go:1390.2,1390.27 1 1
github.com/MikeAustin71/errprefops/errpref/errprefdto.go:1402.2,1402.29 1 1
github.com/MikeAustin71/errprefops/errpref/errprefdto.go:1362.26,1364.3 1 1
github.com/MikeAustin71/errprefops/errpref/errprefdto.go:1386.16,1388.3 1 1
github.com/MikeAustin71/errprefops/errpref/errprefdto.go:1390.27,1400.3 2 1
github.com/MikeAustin71/errprefops/errpref/errprefdto.go:1425.50,1427.26 1 1
github.com/MikeAustin71/errprefops/errpref/errprefdto.go:1431.2,1444.24 7 1
github.com/MikeAustin71/errprefops/errpref/errprefdto.go:1427.26,1429.3 1 1
github.com/MikeAustin71/errprefops/errpref/errprefdto.go:1493.24,1495.26 1 1
github.com/MikeAustin71/errprefops/errpref/errprefdto.go:1499.2,1503.30 3 1
github.com/MikeAustin71/errprefops/errpref/errprefdto.go:1508.2,1508.33 1 1
github.com/MikeAustin71/errprefops/errpref/errprefdto.go:1512.2,1514.29 2 1
github.com/MikeAustin71/errprefops/errpref/errprefdto.go:1521.2,1523.21 1 1
github.com/MikeAustin71/errprefops/errpref/errprefdto.go:1495.26,1497.3 1 0
github.com/MikeAustin71/errprefops/errpref/errprefdto.go:1503.30,1506.3 2 0
github.com/MikeAustin71/errprefops/errpref/errprefdto.go:1508.33,1510.3 1 1
github.com/MikeAustin71/errprefops/errpref/errprefdto.go:1514.29,1519.3 2 1
github.com/MikeAustin71/errprefops/errpref/errprefdto.go:1543.45,1545.26 1 1
github.com/MikeAustin71/errprefops/errpref/errprefdto.go:1549.2,1553.30 3 1
github.com/MikeAustin71/errprefops/errpref/errprefdto.go:1558.2,1560.24 2 1
github.com/MikeAustin71/errprefops/errpref/errprefdto.go:1564.2,1567.8 2 1
github.com/MikeAustin71/errprefops/errpref/errprefdto.go:1545.26,1547.3 1 0
github.com/MikeAustin71/errprefops/errpref/errprefdto.go:1553.30,1556.3 2 0
github.com/MikeAustin71/errprefops/errpref/errprefdto.go:1560.24,1562.3 1 0
github.com/MikeAustin71/errprefops/errpref/errprefdto.go:1607.23,1609.26 1 1
github.com/MikeAustin71/errprefops/errpref/errprefdto.go:1613.2,1617.30 3 1
github.com/MikeAustin71/errprefops/errpref/errprefdto.go:1621.2,1629.8 3 1
github.com/MikeAustin71/errprefops/errpref/errprefdto.go:1609.26,1611.3 1 1
github.com/MikeAustin71/errprefops/errpref/errprefdto.go:1617.30,1619.3 1 1
github.com/MikeAustin71/errprefops/errpref/errprefdto.go:1656.40,1658.26 1 1
github.com/MikeAustin71/errprefops/errpref/errprefdto.go:1662.2,1666.31 3 1
github.com/MikeAustin71/errprefops/errpref/errprefdto.go:1671.2,1677.25 3 1
github.com/MikeAustin71/errprefops/errpref/errprefdto.go:1681.2,1681.45 1 1
github.com/MikeAustin71/errprefops/errpref/errprefdto.go:1658.26,1660.3 1 0
github.com/MikeAustin71/errprefops/errpref/errprefdto.go:1666.31,1669.3 2 0
github.com/MikeAustin71/errprefops/errpref/errprefdto.go:1677.25,1679.3 1 0
github.com/MikeAustin71/errprefops/errpref/errprefdto.go:1728.24,1730.26 1 1
github.com/MikeAustin71/errprefops/errpref/errprefdto.go:1734.2,1738.30 3 1
github.com/MikeAustin71/errprefops/errpref/errprefdto.go:1742.2,1750.8 3 1
github.com/MikeAustin71/errprefops/errpref/errprefdto.go:1730.26,1732.3 1 0
github.com/MikeAustin71/errprefops/errpref/errprefdto.go:1738.30,1740.3 1 1
github.com/MikeAustin71/errprefops/errpref/errprefdto.go:1805.23,1807.26 1 1
github.com/MikeAustin71/errprefops/errpref/errprefdto.go:1811.2,1826.8 7 1
github.com/MikeAustin71/errprefops/errpref/errprefdto.go:1807.26,1809.3 1 1
github.com/MikeAustin71/errprefops/errpref/errprefdto.go:1849.28,1851.26 1 1
github.com/MikeAustin71/errprefops/errpref/errprefdto.go:1855.2,1860.26 3 1
github.com/MikeAustin71/errprefops/errpref/errprefdto.go:1864.2,1871.6 2 1
github.com/MikeAustin71/errprefops/errpref/errprefdto.go:1851.26,1853.3 1 0
github.com/MikeAustin71/errprefops/errpref/errprefdto.go:1860.26,1862.3 1 0
github.com/MikeAustin71/errprefops/errpref/errprefdto.go:1970.34,1972.26 1 1
github.com/MikeAustin71/errprefops/errpref/errprefdto.go:1976.2,1989.12 5 1
github.com/MikeAustin71/errprefops/errpref/errprefdto.go:1972.26,1974.3 1 1
github.com/MikeAustin71/errprefops/errpref/errprefdto.go:2025.40,2027.26 1 1
github.com/MikeAustin71/errprefops/errpref/errprefdto.go:2031.2,2036.34 3 1
github.com/MikeAustin71/errprefops/errpref/errprefdto.go:2027.26,2029.3 1 0
github.com/MikeAustin71/errprefops/errpref/errprefdto.go:2100.28,2102.26 1 1
github.com/MikeAustin71/errprefops/errpref/errprefdto.go:2106.2,2110.47 3 1
github.com/MikeAustin71/errprefops/errpref/errprefdto.go:2102.26,2104.3 1 0
github.com/MikeAustin71/errprefops/errpref/errprefdto.go:2174.24,2176.26 1 1
github.com/MikeAustin71/errprefops/errpref/errprefdto.go:2180.2,2184.26 3 1
github.com/MikeAustin71/errprefops/errpref/errprefdto.go:2188.2,2188.46 1 1
github.com/MikeAustin71/errprefops/errpref/errprefdto.go:2176.26,2178.3 1 0
github.com/MikeAustin71/errprefops/errpref/errprefdto.go:2184.26,2186.3 1 0
github.com/MikeAustin71/errprefops/errpref/errprefdto.go:2225.34,2227.26 1 1
github.com/MikeAustin71/errprefops/errpref/errprefdto.go:2231.2,2236.40 3 1
github.com/MikeAustin71/errprefops/errpref/errprefdto.go:2240.2,2241.35 1 1
github.com/MikeAustin71/errprefops/errpref/errprefdto.go:2227.26,2229.3 1 1
github.com/MikeAustin71/errprefops/errpref/errprefdto.go:2236.40,2238.3 1 0
github.com/MikeAustin71/errprefops/errpref/errprefdto.go:2251.60,2253.26 1 1
github.com/MikeAustin71/errprefops/errpref/errprefdto.go:2257.2,2262.59 3 1
github.com/MikeAustin71/errprefops/errpref/errprefdto.go:2253.26,2255.3 1 0
github.com/MikeAustin71/errprefops/errpref/errprefdto.go:2290.46,2292.26 1 1
github.com/MikeAustin71/errprefops/errpref/errprefdto.go:2296.2,2300.30 3 1
github.com/MikeAustin71/errprefops/errpref/errprefdto.go:2304.2,2304.33 1 1
github.com/MikeAustin71/errprefops/errpref/errprefdto.go:2308.2,2317.35 3 1
github.com/MikeAustin71/errprefops/errpref/errprefdto.go:2337.2,2337.18 1 1
github.com/MikeAustin71/errprefops/errpref/errprefdto.go:2292.26,2294.3 1 0
github.com/MikeAustin71/errprefops/errpref/errprefdto.go:2300.30,2302.3 1 0
github.com/MikeAustin71/errprefops/errpref/errprefdto.go:2304.33,2306.3 1 1
github.com/MikeAustin71/errprefops/errpref/errprefdto.go:2317.35,2320.34 2 1
github.com/MikeAustin71/errprefops/errpref/errprefdto.go:2324.3,2333.32 4 1
github.com/MikeAustin71/errprefops/errpref/errprefdto.go:2320.34,2322.4 1 1
github.com/MikeAustin71/errprefops/errpref/errprefdto.go:2352.25,2354.26 1 1
github.com/MikeAustin71/errprefops/errpref/errprefdto.go:2358.2,2364.37 4 1
github.com/MikeAustin71/errprefops/errpref/errprefdto.go:2369.2,2369.30 1 1
github.com/MikeAustin71/errprefops/errpref/errprefdto.go:2373.2,2373.33 1 1
github.com/MikeAustin71/errprefops/errpref/errprefdto.go:2377.2,2384.22 2 1
github.com/MikeAustin71/errprefops/errpref/errprefdto.go:2354.26,2356.3 1 0
github.com/MikeAustin71/errprefops/errpref/errprefdto.go:2364.37,2367.3 1 0
github.com/MikeAustin71/errprefops/errpref/errprefdto.go:2369.30,2371.3 1 0
github.com/MikeAustin71/errprefops/errpref/errprefdto.go:2373.33,2375.3 1 0
github.com/MikeAustin71/errprefops/errpref/errprefdto.go:2439.38,2441.26 1 1
github.com/MikeAustin71/errprefops/errpref/errprefdto.go:2445.2,2449.30 3 1
github.com/MikeAustin71/errprefops/errpref/errprefdto.go:2454.2,2454.33 1 1
github.com/MikeAustin71/errprefops/errpref/errprefdto.go:2458.2,2460.29 2 1
github.com/MikeAustin71/errprefops/errpref/errprefdto.go:2467.2,2471.17 2 1
github.com/MikeAustin71/errprefops/errpref/errprefdto.go:2441.26,2443.3 1 1
github.com/MikeAustin71/errprefops/errpref/errprefdto.go:2449.30,2452.3 2 1
github.com/MikeAustin71/errprefops/errpref/errprefdto.go:2454.33,2456.3 1 0
github.com/MikeAustin71/errprefops/errpref/errprefdto.go:2460.29,2465.3 2 1
github.com/MikeAustin71/errprefops/errpref/errprefdto.go:2492.57,2494.26 1 1
github.com/MikeAustin71/errprefops/errpref/errprefdto.go:2498.2,2502.30 3 1
github.com/MikeAustin71/errprefops/errpref/errprefdto.go:2507.2,2507.33 1 1
github.com/MikeAustin71/errprefops/errpref/errprefdto.go:2511.2,2514.17 2 1
github.com/MikeAustin71/errprefops/errpref/errprefdto.go:2494.26,2496.3 1 0
github.com/MikeAustin71/errprefops/errpref/errprefdto.go:2502.30,2505.3 2 0
github.com/MikeAustin71/errprefops/errpref/errprefdto.go:2507.33,2509.3 1 0
github.com/MikeAustin71/errprefops/errpref/errprefdto.go:2558.37,2560.26 1 1
github.com/MikeAustin71/errprefops/errpref/errprefdto.go:2564.2,2568.30 3 1
github.com/MikeAustin71/errprefops/errpref/errprefdto.go:2572.2,2580.17 3 1
github.com/MikeAustin71/errprefops/errpref/errprefdto.go:2560.26,2562.3 1 0
github.com/MikeAustin71/errprefops/errpref/errprefdto.go:2568.30,2570.3 1 0
github.com/MikeAustin71/errprefops/errpref/errprefdto.go:2632.38,2634.26 1 1
github.com/MikeAustin71/errprefops/errpref/errprefdto.go:2638.2,2642.30 3 1
github.com/MikeAustin71/errprefops/errpref/errprefdto.go:2646.2,2654.17 3 1
github.com/MikeAustin71/errprefops/errpref/errprefdto.go:2634.26,2636.3 1 0
github.com/MikeAustin71/errprefops/errpref/errprefdto.go:2642.30,2644.3 1 0
github.com/MikeAustin71/errprefops/errpref/errprefdto.go:2714.37,2716.26 1 1
github.com/MikeAustin71/errprefops/errpref/errprefdto.go:2720.2,2735.17 7 1
github.com/MikeAustin71/errprefops/errpref/errprefdto.go:2716.26,2718.3 1 1
github.com/MikeAustin71/errprefops/errpref/errprefdto.go:2795.37,2797.26 1 1
github.com/MikeAustin71/errprefops/errpref/errprefdto.go:2801.2,2807.30 4 1
github.com/MikeAustin71/errprefops/errpref/errprefdto.go:2811.2,2813.33 2 1
github.com/MikeAustin71/errprefops/errpref/errprefdto.go:2827.2,2833.24 2 1
github.com/MikeAustin71/errprefops/errpref/errprefdto.go:2797.26,2799.3 1 0
github.com/MikeAustin71/errprefops/errpref/errprefdto.go:2807.30,2809.3 1 0
github.com/MikeAustin71/errprefops/errpref/errprefdto.go:2813.34,2815.3 0 0
github.com/MikeAustin71/errprefops/errpref/errprefdto.go:2815.8,2815.36 1 1
github.com/MikeAustin71/errprefops/errpref/errprefdto.go:2815.36,2819.3 1 0
github.com/MikeAustin71/errprefops/errpref/errprefdto.go:2819.8,2825.3 1 1
github.com/MikeAustin71/errprefops/errpref/errprefdto.go:2861.56,2863.26 1 1
github.com/MikeAustin71/errprefops/errpref/errprefdto.go:2867.2,2871.30 3 1
github.com/MikeAustin71/errprefops/errpref/errprefdto.go:2875.2,2875.32 1 1
github.com/MikeAustin71/errprefops/errpref/errprefdto.go:2882.2,2888.24 2 1
github.com/MikeAustin71/errprefops/errpref/errprefdto.go:2863.26,2865.3 1 0
github.com/MikeAustin71/errprefops/errpref/errprefdto.go:2871.30,2873.3 1 0
github.com/MikeAustin71/errprefops/errpref/errprefdto.go:2875.32,2880.3 1 1
github.com/MikeAustin71/errprefops/errpref/errprefdto.go:2939.36,2941.26 1 1
github.com/MikeAustin71/errprefops/errpref/errprefdto.go:2945.2,2949.30 3 1
github.com/MikeAustin71/errprefops/errpref/errprefdto.go:2953.2,2967.24 4 1
github.com/MikeAustin71/errprefops/errpref/errprefdto.go:2941.26,2943.3 1 0
github.com/MikeAustin71/errprefops/errpref/errprefdto.go:2949.30,2951.3 1 0
github.com/MikeAustin71/errprefops/errpref/errprefdto.go:3027.37,3029.26 1 1
github.com/MikeAustin71/errprefops/errpref/errprefdto.go:3033.2,3037.30 3 1
github.com/MikeAustin71/errprefops/errpref/errprefdto.go:3041.2,3055.24 4 1
github.com/MikeAustin71/errprefops/errpref/errprefdto.go:3029.26,3031.3 1 0
github.com/MikeAustin71/errprefops/errpref/errprefdto.go:3037.30,3039.3 1 0
github.com/MikeAustin71/errprefops/errpref/errprefdto.go:3122.36,3124.26 1 1
github.com/MikeAustin71/errprefops/errpref/errprefdto.go:3128.2,3149.24 8 1
github.com/MikeAustin71/errprefops/errpref/errprefdto.go:3124.26,3126.3 1 0
github.com/MikeAustin71/errprefops/errpref/errprefdtonanobot.go:15.71,17.33 1 1
github.com/MikeAustin71/errprefops/errpref/errprefdtonanobot.go:21.2,27.3 3 1
github.com/MikeAustin71/errprefops/errpref/errprefdtonanobot.go:17.33,19.3 1 1
github.com/MikeAustin71/errprefops/errpref/errprefdtonanobot.go:97.29,99.33 1 1
github.com/MikeAustin71/errprefops/errpref/errprefdtonanobot.go:103.2,110.23 4 1
github.com/MikeAustin71/errprefops/errpref/errprefdtonanobot.go:117.2,117.19 1 1
github.com/MikeAustin71/errprefops/errpref/errprefdtonanobot.go:124.2,128.23 3 1
github.com/MikeAustin71/errprefops/errpref/errprefdtonanobot.go:134.2,139.36 3 1
github.com/MikeAustin71/errprefops/errpref/errprefdtonanobot.go:156.2,160.12 2 1
github.com/MikeAustin71/errprefops/errpref/errprefdtonanobot.go:99.33,101.3 1 1
github.com/MikeAustin71/errprefops/errpref/errprefdtonanobot.go:110.23,115.3 1 0
github.com/MikeAustin71/errprefops/errpref/errprefdtonanobot.go:117.19,122.3 1 0
github.com/MikeAustin71/errprefops/errpref/errprefdtonanobot.go:128.23,132.3 2 0
github.com/MikeAustin71/errprefops/errpref/errprefdtonanobot.go:139.36,154.3 2 1
github.com/MikeAustin71/errprefops/errpref/errprefdtonanobot.go:219.29,221.33 1 1
github.com/MikeAustin71/errprefops/errpref/errprefdtonanobot.go:225.2,232.23 4 1
github.com/MikeAustin71/errprefops/errpref/errprefdtonanobot.go:239.2,239.22 1 1
github.com/MikeAustin71/errprefops/errpref/errprefdtonanobot.go:246.2,255.12 4 1
github.com/MikeAustin71/errprefops/errpref/errprefdtonanobot.go:221.33,223.3 1 1
github.com/MikeAustin71/errprefops/errpref/errprefdtonanobot.go:232.23,237.3 1 0
github.com/MikeAustin71/errprefops/errpref/errprefdtonanobot.go:239.22,244.3 2 0
github.com/MikeAustin71/errprefops/errpref/errprefdtonanobot.go:316.29,318.33 1 1
github.com/MikeAustin71/errprefops/errpref/errprefdtonanobot.go:322.2,329.23 4 1
github.com/MikeAustin71/errprefops/errpref/errprefdtonanobot.go:336.2,336.19 1 1
github.com/MikeAustin71/errprefops/errpref/errprefdtonanobot.go:343.2,343.39 1 1
github.com/MikeAustin71/errprefops/errpref/errprefdtonanobot.go:350.2,352.22 2 1
github.com/MikeAustin71/errprefops/errpref/errprefdtonanobot.go:360.2,369.12 4 1
github.com/MikeAustin71/errprefops/errpref/errprefdtonanobot.go:318.33,320.3 1 1
github.com/MikeAustin71/errprefops/errpref/errprefdtonanobot.go:329.23,334.3 1 0
github.com/MikeAustin71/errprefops/errpref/errprefdtonanobot.go:336.19,341.3 1 1
github.com/MikeAustin71/errprefops/errpref/errprefdtonanobot.go:343.39,348.3 1 0
github.com/MikeAustin71/errprefops/errpref/errprefdtonanobot.go:352.22,358.3 2 0
github.com/MikeAustin71/errprefops/errpref/errprefdtonanobot.go:428.29,430.33 1 1
github.com/MikeAustin71/errprefops/errpref/errprefdtonanobot.go:434.2,441.23 4 1
github.com/MikeAustin71/errprefops/errpref/errprefdtonanobot.go:448.2,450.23 2 1
github.com/MikeAustin71/errprefops/errpref/errprefdtonanobot.go:457.2,459.36 2 1
github.com/MikeAustin71/errprefops/errpref/errprefdtonanobot.go:475.2,479.12 2 1
github.com/MikeAustin71/errprefops/errpref/errprefdtonanobot.go:430.33,432.3 1 1
github.com/MikeAustin71/errprefops/errpref/errprefdtonanobot.go:441.23,446.3 1 0
github.com/MikeAustin71/errprefops/errpref/errprefdtonanobot.go:450.23,455.3 2 0
github.com/MikeAustin71/errprefops/errpref/errprefdtonanobot.go:459.36,473.3 1 1
github.com/MikeAustin71/errprefops/errpref/errprefdtonanobot.go:542.29,544.33 1 1
github.com/MikeAustin71/errprefops/errpref/errprefdtonanobot.go:548.2,555.23 4 1
github.com/MikeAustin71/errprefops/errpref/errprefdtonanobot.go:562.2,562.19 1 1
github.com/MikeAustin71/errprefops/errpref/errprefdtonanobot.go:567.2,569.23 2 1
github.com/MikeAustin71/errprefops/errpref/errprefdtonanobot.go:574.2,578.36 3 1
github.com/MikeAustin71/errprefops/errpref/errprefdtonanobot.go:595.2,599.12 2 1
github.com/MikeAustin71/errprefops/errpref/errprefdtonanobot.go:544.33,546.3 1 1
github.com/MikeAustin71/errprefops/errpref/errprefdtonanobot.go:555.23,560.3 1 0
github.com/MikeAustin71/errprefops/errpref/errprefdtonanobot.go:562.19,565.3 2 0
github.com/MikeAustin71/errprefops/errpref/errprefdtonanobot.go:569.23,572.3 2 0
github.com/MikeAustin71/errprefops/errpref/errprefdtonanobot.go:578.36,593.3 2 1
github.com/MikeAustin71/errprefops/errpref/errpreferrorprefixinfoquark.go:59.13,61.31 1 1
github.com/MikeAustin71/errprefops/errpref/errpreferrorprefixinfoquark.go:65.2,72.26 5 1
github.com/MikeAustin71/errprefops/errpref/errpreferrorprefixinfoquark.go:81.2,84.42 2 1
github.com/MikeAustin71/errprefops/errpref/errpreferrorprefixinfoquark.go:93.2,96.43 2 1
github.com/MikeAustin71/errprefops/errpref/errpreferrorprefixinfoquark.go:102.2,104.21 2 1
github.com/MikeAustin71/errprefops/errpref/errpreferrorprefixinfoquark.go:61.31,63.3 1 1
github.com/MikeAustin71/errprefops/errpref/errpreferrorprefixinfoquark.go:72.26,79.3 2 0
github.com/MikeAustin71/errprefops/errpref/errpreferrorprefixinfoquark.go:84.42,91.3 2 0
github.com/MikeAustin71/errprefops/errpref/errpreferrorprefixinfoquark.go:96.43,98.3 1 1
github.com/MikeAustin71/errprefops/errpref/errpreferrorprefixinfoquark.go:98.8,100.3 1 1
github.com/MikeAustin71/errprefops/errpref/errprefneutron.go:76.13,78.30 1 1
github.com/MikeAustin71/errprefops/errpref/errprefneutron.go:82.2,100.23 8 1
github.com/MikeAustin71/errprefops/errpref/errprefneutron.go:109.2,118.23 5 1
github.com/MikeAustin71/errprefops/errpref/errprefneutron.go:125.2,125.27 1 1
github.com/MikeAustin71/errprefops/errpref/errprefneutron.go:78.30,80.3 1 1
github.com/MikeAustin71/errprefops/errpref/errprefneutron.go:100.23,107.3 2 1
github.com/MikeAustin71/errprefops/errpref/errprefneutron.go:118.23,121.3 2 1
github.com/MikeAustin71/errprefops/errpref/errprefneutron.go:121.8,123.3 1 1
github.com/MikeAustin71/errprefops/errpref/errprefneutron.go:131.58,133.30 1 1
github.com/MikeAustin71/errprefops/errpref/errprefneutron.go:137.2,141.26 3 1
github.com/MikeAustin71/errprefops/errpref/errprefneutron.go:133.30,135.3 1 1
github.com/MikeAustin71/errprefops/errpref/errprefneutron.go:181.40,183.30 1 1
github.com/MikeAustin71/errprefops/errpref/errprefneutron.go:187.2,193.39 3 1
github.com/MikeAustin71/errprefops/errpref/errprefneutron.go:197.2,197.50 1 1
github.com/MikeAustin71/errprefops/errpref/errprefneutron.go:201.2,201.26 1 1
github.com/MikeAustin71/errprefops/errpref/errprefneutron.go:206.2,216.8 3 1
github.com/MikeAustin71/errprefops/errpref/errprefneutron.go:183.30,185.3 1 1
github.com/MikeAustin71/errprefops/errpref/errprefneutron.go:193.39,195.3 1 0
github.com/MikeAustin71/errprefops/errpref/errprefneutron.go:197.50,199.3 1 0
github.com/MikeAustin71/errprefops/errpref/errprefneutron.go:201.26,204.3 1 1
github.com/MikeAustin71/errprefops/errpref/errprefquark.go:103.13,105.22 1 1
github.com/MikeAustin71/errprefops/errpref/errprefquark.go:109.2,113.31 3 1
github.com/MikeAustin71/errprefops/errpref/errprefquark.go:122.2,125.44 3 1
github.com/MikeAustin71/errprefops/errpref/errprefquark.go:178.2,178.24 1 1
github.com/MikeAustin71/errprefops/errpref/errprefquark.go:105.22,107.3 1 0
github.com/MikeAustin71/errprefops/errpref/errprefquark.go:113.31,120.3 2 1
github.com/MikeAustin71/errprefops/errpref/errprefquark.go:125.44,128.16 2 1
github.com/MikeAustin71/errprefops/errpref/errprefquark.go:129.10,130.27 1 0
github.com/MikeAustin71/errprefops/errpref/errprefquark.go:131.10,132.26 1 0
github.com/MikeAustin71/errprefops/errpref/errprefquark.go:133.10,134.26 1 0
github.com/MikeAustin71/errprefops/errpref/errprefquark.go:135.10,136.26 1 0
github.com/MikeAustin71/errprefops/errpref/errprefquark.go:137.10,138.26 1 0
github.com/MikeAustin71/errprefops/errpref/errprefquark.go:139.10,140.26 1 0
github.com/MikeAustin71/errprefops/errpref/errprefquark.go:141.10,142.26 1 0
github.com/MikeAustin71/errprefops/errpref/errprefquark.go:143.13,144.24 1 0
github.com/MikeAustin71/errprefops/errpref/errprefquark.go:145.13,146.24 1 0
github.com/MikeAustin71/errprefops/errpref/errprefquark.go:147.13,148.24 1 0
github.com/MikeAustin71/errprefops/errpref/errprefquark.go:149.13,150.24 1 1
github.com/MikeAustin71/errprefops/errpref/errprefquark.go:151.13,152.24 1 0
github.com/MikeAustin71/errprefops/errpref/errprefquark.go:153.13,154.24 1 0
github.com/MikeAustin71/errprefops/errpref/errprefquark.go:155.13,156.24 1 0
github.com/MikeAustin71/errprefops/errpref/errprefquark.go:157.11,158.25 1 0
github.com/MikeAustin71/errprefops/errpref/errprefquark.go:159.11,160.25 1 0
github.com/MikeAustin71/errprefops/errpref/errprefquark.go:161.13,162.23 1 1
github.com/MikeAustin71/errprefops/errpref/errprefquark.go:163.12,165.20 1 1
github.com/MikeAustin71/errprefops/errpref/errprefquark.go:171.11,172.22 1 1
github.com/MikeAustin71/errprefops/errpref/errprefquark.go:165.20,167.5 1 1
github.com/MikeAustin71/errprefops/errpref/errprefquark.go:167.10,169.5 1 1
github.com/MikeAustin71/errprefops/errpref/errprefquark.go:189.27,191.28 1 1
github.com/MikeAustin71/errprefops/errpref/errprefquark.go:195.2,202.23 4 1
github.com/MikeAustin71/errprefops/errpref/errprefquark.go:209.2,209.32 1 1
github.com/MikeAustin71/errprefops/errpref/errprefquark.go:213.2,215.22 2 1
github.com/MikeAustin71/errprefops/errpref/errprefquark.go:219.2,219.35 1 1
github.com/MikeAustin71/errprefops/errpref/errprefquark.go:223.2,225.12 2 1
github.com/MikeAustin71/errprefops/errpref/errprefquark.go:191.28,193.3 1 1
github.com/MikeAustin71/errprefops/errpref/errprefquark.go:202.23,207.3 1 0
github.com/MikeAustin71/errprefops/errpref/errprefquark.go:209.32,211.3 1 1
github.com/MikeAustin71/errprefops/errpref/errprefquark.go:215.22,217.3 1 1
github.com/MikeAustin71/errprefops/errpref/errprefquark.go:219.35,221.3 1 1
github.com/MikeAustin71/errprefops/errpref/errprefquark.go:249.68,251.28 1 1
github.com/MikeAustin71/errprefops/errpref/errprefquark.go:255.2,259.38 3 1
github.com/MikeAustin71/errprefops/errpref/errprefquark.go:263.2,269.46 4 1
github.com/MikeAustin71/errprefops/errpref/errprefquark.go:276.2,279.33 2 1
github.com/MikeAustin71/errprefops/errpref/errprefquark.go:251.28,253.3 1 1
github.com/MikeAustin71/errprefops/errpref/errprefquark.go:259.38,261.3 1 0
github.com/MikeAustin71/errprefops/errpref/errprefquark.go:269.46,274.3 1 0
github.com/MikeAustin71/errprefops/errpref/errprefquark.go:286.74,288.28 1 1
github.com/MikeAustin71/errprefops/errpref/errprefquark.go:292.2,296.38 3 1
github.com/MikeAustin71/errprefops/errpref/errprefquark.go:300.2,309.33 5 1
github.com/MikeAustin71/errprefops/errpref/errprefquark.go:288.28,290.3 1 1
github.com/MikeAustin71/errprefops/errpref/errprefquark.go:296.38,298.3 1 1
github.com/MikeAustin71/errprefops/errpref/errprefquark.go:316.25,318.28 1 1
github.com/MikeAustin71/errprefops/errpref/errprefquark.go:322.2,328.33 4 1
github.com/MikeAustin71/errprefops/errpref/errprefquark.go:334.2,334.13 1 1
github.com/MikeAustin71/errprefops/errpref/errprefquark.go:318.28,320.3 1 1
github.com/MikeAustin71/errprefops/errpref/errprefquark.go:328.33,329.26 1 1
github.com/MikeAustin71/errprefops/errpref/errprefquark.go:329.26,331.4 1 1
github.com/MikeAustin71/errprefops/errpref/errprefquark.go:340.52,342.28 1 1
github.com/MikeAustin71/errprefops/errpref/errprefquark.go:346.2,350.24 3 1
github.com/MikeAustin71/errprefops/errpref/errprefquark.go:342.28,344.3 1 1
github.com/MikeAustin71/errprefops/errpref/errprefquark.go:355.74,357.28 1 1
github.com/MikeAustin71/errprefops/errpref/errprefquark.go:361.2,365.38 3 1
github.com/MikeAustin71/errprefops/errpref/errprefquark.go:369.2,374.32 3 1
github.com/MikeAustin71/errprefops/errpref/errprefquark.go:357.28,359.3 1 1
github.com/MikeAustin71/errprefops/errpref/errprefquark.go:365.38,367.3 1 0
github.com/MikeAustin71/errprefops/errpref/errprefquark.go:410.33,412.28 1 1
github.com/MikeAustin71/errprefops/errpref/errprefquark.go:416.2,420.38 3 1
github.com/MikeAustin71/errprefops/errpref/errprefquark.go:424.2,428.35 3 1
github.com/MikeAustin71/errprefops/errpref/errprefquark.go:432.2,435.8 2 1
github.com/MikeAustin71/errprefops/errpref/errprefquark.go:412.28,414.3 1 1
github.com/MikeAustin71/errprefops/errpref/errprefquark.go:420.38,422.3 1 0
github.com/MikeAustin71/errprefops/errpref/errprefquark.go:428.35,430.3 1 0
